[0.246s] DEBUG:colcon:Command line arguments: ['/usr/bin/colcon', 'build']
[0.246s] DEBUG:colcon:Parsed command line arguments: Namespace(log_base=None, log_level=None, verb_name='build', build_base='build', install_base='install', merge_install=False, symlink_install=False, test_result_base=None, continue_on_error=False, executor='parallel', parallel_workers=20, event_handlers=None, ignore_user_meta=False, metas=['./colcon.meta'], base_paths=['.'], packages_ignore=None, packages_ignore_regex=None, paths=None, packages_up_to=None, packages_up_to_regex=None, packages_above=None, packages_above_and_dependencies=None, packages_above_depth=None, packages_select_by_dep=None, packages_skip_by_dep=None, packages_skip_up_to=None, packages_select_build_failed=False, packages_skip_build_finished=False, packages_select_test_failures=False, packages_skip_test_passed=False, packages_select=None, packages_skip=None, packages_select_regex=None, packages_skip_regex=None, packages_start=None, packages_end=None, allow_overriding=[], cmake_args=None, cmake_target=None, cmake_target_skip_unavailable=False, cmake_clean_cache=False, cmake_clean_first=False, cmake_force_configure=False, ament_cmake_args=None, catkin_cmake_args=None, catkin_skip_building_tests=False, verb_parser=<colcon_defaults.argument_parser.defaults.DefaultArgumentsDecorator object at 0x72b1f645d930>, verb_extension=<colcon_core.verb.build.BuildVerb object at 0x72b1f65d2ef0>, main=<bound method BuildVerb.main of <colcon_core.verb.build.BuildVerb object at 0x72b1f65d2ef0>>)
[0.610s] Level 1:colcon.colcon_core.package_discovery:discover_packages(colcon_meta) check parameters
[0.611s] Level 1:colcon.colcon_core.package_discovery:discover_packages(recursive) check parameters
[0.611s] Level 1:colcon.colcon_core.package_discovery:discover_packages(ignore) check parameters
[0.611s] Level 1:colcon.colcon_core.package_discovery:discover_packages(path) check parameters
[0.611s] Level 1:colcon.colcon_core.package_discovery:discover_packages(colcon_meta) discover
[0.611s] Level 1:colcon.colcon_core.package_discovery:discover_packages(recursive) discover
[0.611s] INFO:colcon.colcon_core.package_discovery:Crawling recursively for packages in '/home/michael/ros2_unity_ws'
[0.611s] Level 1:colcon.colcon_core.package_identification:_identify(.) by extensions ['ignore', 'ignore_ament_install']
[0.611s] Level 1:colcon.colcon_core.package_identification:_identify(.) by extension 'ignore'
[0.611s] Level 1:colcon.colcon_core.package_identification:_identify(.) by extension 'ignore_ament_install'
[0.611s] Level 1:colcon.colcon_core.package_identification:_identify(.) by extensions ['colcon_pkg']
[0.612s] Level 1:colcon.colcon_core.package_identification:_identify(.) by extension 'colcon_pkg'
[0.612s] Level 1:colcon.colcon_core.package_identification:_identify(.) by extensions ['colcon_meta']
[0.612s] Level 1:colcon.colcon_core.package_identification:_identify(.) by extension 'colcon_meta'
[0.612s] Level 1:colcon.colcon_core.package_identification:_identify(.) by extensions ['ros']
[0.612s] Level 1:colcon.colcon_core.package_identification:_identify(.) by extension 'ros'
[0.640s] Level 1:colcon.colcon_core.package_identification:_identify(.) by extensions ['cmake', 'python']
[0.640s] Level 1:colcon.colcon_core.package_identification:_identify(.) by extension 'cmake'
[0.641s] Level 1:colcon.colcon_core.package_identification:_identify(.) by extension 'python'
[0.641s] Level 1:colcon.colcon_core.package_identification:_identify(.) by extensions ['python_setup_py']
[0.641s] Level 1:colcon.colcon_core.package_identification:_identify(.) by extension 'python_setup_py'
[0.641s] Level 1:colcon.colcon_core.package_identification:_identify(build) by extensions ['ignore', 'ignore_ament_install']
[0.641s] Level 1:colcon.colcon_core.package_identification:_identify(build) by extension 'ignore'
[0.642s] Level 1:colcon.colcon_core.package_identification:_identify(build) ignored
[0.642s] Level 1:colcon.colcon_core.package_identification:_identify(install) by extensions ['ignore', 'ignore_ament_install']
[0.642s] Level 1:colcon.colcon_core.package_identification:_identify(install) by extension 'ignore'
[0.642s] Level 1:colcon.colcon_core.package_identification:_identify(install) ignored
[0.642s] Level 1:colcon.colcon_core.package_identification:_identify(log) by extensions ['ignore', 'ignore_ament_install']
[0.643s] Level 1:colcon.colcon_core.package_identification:_identify(log) by extension 'ignore'
[0.643s] Level 1:colcon.colcon_core.package_identification:_identify(log) ignored
[0.643s] Level 1:colcon.colcon_core.package_identification:_identify(src) by extensions ['ignore', 'ignore_ament_install']
[0.643s] Level 1:colcon.colcon_core.package_identification:_identify(src) by extension 'ignore'
[0.643s] Level 1:colcon.colcon_core.package_identification:_identify(src) by extension 'ignore_ament_install'
[0.643s] Level 1:colcon.colcon_core.package_identification:_identify(src) by extensions ['colcon_pkg']
[0.643s] Level 1:colcon.colcon_core.package_identification:_identify(src) by extension 'colcon_pkg'
[0.644s] Level 1:colcon.colcon_core.package_identification:_identify(src) by extensions ['colcon_meta']
[0.644s] Level 1:colcon.colcon_core.package_identification:_identify(src) by extension 'colcon_meta'
[0.644s] Level 1:colcon.colcon_core.package_identification:_identify(src) by extensions ['ros']
[0.644s] Level 1:colcon.colcon_core.package_identification:_identify(src) by extension 'ros'
[0.644s] Level 1:colcon.colcon_core.package_identification:_identify(src) by extensions ['cmake', 'python']
[0.644s] Level 1:colcon.colcon_core.package_identification:_identify(src) by extension 'cmake'
[0.644s] Level 1:colcon.colcon_core.package_identification:_identify(src) by extension 'python'
[0.644s] Level 1:colcon.colcon_core.package_identification:_identify(src) by extensions ['python_setup_py']
[0.644s] Level 1:colcon.colcon_core.package_identification:_identify(src) by extension 'python_setup_py'
[0.645s] Level 1:colcon.colcon_core.package_identification:_identify(src/ROS-TCP-Endpoint) by extensions ['ignore', 'ignore_ament_install']
[0.645s] Level 1:colcon.colcon_core.package_identification:_identify(src/ROS-TCP-Endpoint) by extension 'ignore'
[0.645s] Level 1:colcon.colcon_core.package_identification:_identify(src/ROS-TCP-Endpoint) by extension 'ignore_ament_install'
[0.645s] Level 1:colcon.colcon_core.package_identification:_identify(src/ROS-TCP-Endpoint) by extensions ['colcon_pkg']
[0.645s] Level 1:colcon.colcon_core.package_identification:_identify(src/ROS-TCP-Endpoint) by extension 'colcon_pkg'
[0.645s] Level 1:colcon.colcon_core.package_identification:_identify(src/ROS-TCP-Endpoint) by extensions ['colcon_meta']
[0.645s] Level 1:colcon.colcon_core.package_identification:_identify(src/ROS-TCP-Endpoint) by extension 'colcon_meta'
[0.645s] Level 1:colcon.colcon_core.package_identification:_identify(src/ROS-TCP-Endpoint) by extensions ['ros']
[0.645s] Level 1:colcon.colcon_core.package_identification:_identify(src/ROS-TCP-Endpoint) by extension 'ros'
[0.651s] DEBUG:colcon.colcon_core.package_identification:Package 'src/ROS-TCP-Endpoint' with type 'ros.ament_python' and name 'ros_tcp_endpoint'
[0.651s] Level 1:colcon.colcon_core.package_identification:_identify(src/unity_robotics_demo) by extensions ['ignore', 'ignore_ament_install']
[0.651s] Level 1:colcon.colcon_core.package_identification:_identify(src/unity_robotics_demo) by extension 'ignore'
[0.651s] Level 1:colcon.colcon_core.package_identification:_identify(src/unity_robotics_demo) by extension 'ignore_ament_install'
[0.652s] Level 1:colcon.colcon_core.package_identification:_identify(src/unity_robotics_demo) by extensions ['colcon_pkg']
[0.652s] Level 1:colcon.colcon_core.package_identification:_identify(src/unity_robotics_demo) by extension 'colcon_pkg'
[0.652s] Level 1:colcon.colcon_core.package_identification:_identify(src/unity_robotics_demo) by extensions ['colcon_meta']
[0.652s] Level 1:colcon.colcon_core.package_identification:_identify(src/unity_robotics_demo) by extension 'colcon_meta'
[0.652s] Level 1:colcon.colcon_core.package_identification:_identify(src/unity_robotics_demo) by extensions ['ros']
[0.652s] Level 1:colcon.colcon_core.package_identification:_identify(src/unity_robotics_demo) by extension 'ros'
[0.653s] DEBUG:colcon.colcon_core.package_identification:Package 'src/unity_robotics_demo' with type 'ros.ament_python' and name 'unity_robotics_demo'
[0.653s] Level 1:colcon.colcon_core.package_identification:_identify(src/unity_robotics_demo_msgs) by extensions ['ignore', 'ignore_ament_install']
[0.654s] Level 1:colcon.colcon_core.package_identification:_identify(src/unity_robotics_demo_msgs) by extension 'ignore'
[0.654s] Level 1:colcon.colcon_core.package_identification:_identify(src/unity_robotics_demo_msgs) by extension 'ignore_ament_install'
[0.654s] Level 1:colcon.colcon_core.package_identification:_identify(src/unity_robotics_demo_msgs) by extensions ['colcon_pkg']
[0.654s] Level 1:colcon.colcon_core.package_identification:_identify(src/unity_robotics_demo_msgs) by extension 'colcon_pkg'
[0.654s] Level 1:colcon.colcon_core.package_identification:_identify(src/unity_robotics_demo_msgs) by extensions ['colcon_meta']
[0.654s] Level 1:colcon.colcon_core.package_identification:_identify(src/unity_robotics_demo_msgs) by extension 'colcon_meta'
[0.654s] Level 1:colcon.colcon_core.package_identification:_identify(src/unity_robotics_demo_msgs) by extensions ['ros']
[0.654s] Level 1:colcon.colcon_core.package_identification:_identify(src/unity_robotics_demo_msgs) by extension 'ros'
[0.655s] DEBUG:colcon.colcon_core.package_identification:Package 'src/unity_robotics_demo_msgs' with type 'ros.ament_cmake' and name 'unity_robotics_demo_msgs'
[0.656s] Level 1:colcon.colcon_core.package_discovery:discover_packages(recursive) using defaults
[0.656s] Level 1:colcon.colcon_core.package_discovery:discover_packages(ignore) discover
[0.656s] Level 1:colcon.colcon_core.package_discovery:discover_packages(ignore) using defaults
[0.656s] Level 1:colcon.colcon_core.package_discovery:discover_packages(path) discover
[0.656s] Level 1:colcon.colcon_core.package_discovery:discover_packages(path) using defaults
[0.726s] Level 1:colcon.colcon_core.package_discovery:discover_packages(prefix_path) check parameters
[0.726s] Level 1:colcon.colcon_core.package_discovery:discover_packages(prefix_path) discover
[0.729s] DEBUG:colcon.colcon_installed_package_information.package_discovery:Found 3 installed packages in /home/michael/ros2_unity_ws/install
[0.732s] DEBUG:colcon.colcon_installed_package_information.package_discovery:Found 328 installed packages in /opt/ros/humble
[0.736s] Level 1:colcon.colcon_core.package_discovery:discover_packages(prefix_path) using defaults
[0.833s] Level 5:colcon.colcon_core.verb:set package 'ros_tcp_endpoint' build argument 'cmake_args' from command line to 'None'
[0.834s] Level 5:colcon.colcon_core.verb:set package 'ros_tcp_endpoint' build argument 'cmake_target' from command line to 'None'
[0.834s] Level 5:colcon.colcon_core.verb:set package 'ros_tcp_endpoint' build argument 'cmake_target_skip_unavailable' from command line to 'False'
[0.834s] Level 5:colcon.colcon_core.verb:set package 'ros_tcp_endpoint' build argument 'cmake_clean_cache' from command line to 'False'
[0.834s] Level 5:colcon.colcon_core.verb:set package 'ros_tcp_endpoint' build argument 'cmake_clean_first' from command line to 'False'
[0.834s] Level 5:colcon.colcon_core.verb:set package 'ros_tcp_endpoint' build argument 'cmake_force_configure' from command line to 'False'
[0.834s] Level 5:colcon.colcon_core.verb:set package 'ros_tcp_endpoint' build argument 'ament_cmake_args' from command line to 'None'
[0.834s] Level 5:colcon.colcon_core.verb:set package 'ros_tcp_endpoint' build argument 'catkin_cmake_args' from command line to 'None'
[0.834s] Level 5:colcon.colcon_core.verb:set package 'ros_tcp_endpoint' build argument 'catkin_skip_building_tests' from command line to 'False'
[0.834s] DEBUG:colcon.colcon_core.verb:Building package 'ros_tcp_endpoint' with the following arguments: {'ament_cmake_args': None, 'build_base': '/home/michael/ros2_unity_ws/build/ros_tcp_endpoint', 'catkin_cmake_args': None, 'catkin_skip_building_tests': False, 'cmake_args': None, 'cmake_clean_cache': False, 'cmake_clean_first': False, 'cmake_force_configure': False, 'cmake_target': None, 'cmake_target_skip_unavailable': False, 'install_base': '/home/michael/ros2_unity_ws/install/ros_tcp_endpoint', 'merge_install': False, 'path': '/home/michael/ros2_unity_ws/src/ROS-TCP-Endpoint', 'symlink_install': False, 'test_result_base': None}
[0.836s] Level 5:colcon.colcon_core.verb:set package 'unity_robotics_demo' build argument 'cmake_args' from command line to 'None'
[0.836s] Level 5:colcon.colcon_core.verb:set package 'unity_robotics_demo' build argument 'cmake_target' from command line to 'None'
[0.836s] Level 5:colcon.colcon_core.verb:set package 'unity_robotics_demo' build argument 'cmake_target_skip_unavailable' from command line to 'False'
[0.836s] Level 5:colcon.colcon_core.verb:set package 'unity_robotics_demo' build argument 'cmake_clean_cache' from command line to 'False'
[0.836s] Level 5:colcon.colcon_core.verb:set package 'unity_robotics_demo' build argument 'cmake_clean_first' from command line to 'False'
[0.836s] Level 5:colcon.colcon_core.verb:set package 'unity_robotics_demo' build argument 'cmake_force_configure' from command line to 'False'
[0.836s] Level 5:colcon.colcon_core.verb:set package 'unity_robotics_demo' build argument 'ament_cmake_args' from command line to 'None'
[0.837s] Level 5:colcon.colcon_core.verb:set package 'unity_robotics_demo' build argument 'catkin_cmake_args' from command line to 'None'
[0.837s] Level 5:colcon.colcon_core.verb:set package 'unity_robotics_demo' build argument 'catkin_skip_building_tests' from command line to 'False'
[0.837s] DEBUG:colcon.colcon_core.verb:Building package 'unity_robotics_demo' with the following arguments: {'ament_cmake_args': None, 'build_base': '/home/michael/ros2_unity_ws/build/unity_robotics_demo', 'catkin_cmake_args': None, 'catkin_skip_building_tests': False, 'cmake_args': None, 'cmake_clean_cache': False, 'cmake_clean_first': False, 'cmake_force_configure': False, 'cmake_target': None, 'cmake_target_skip_unavailable': False, 'install_base': '/home/michael/ros2_unity_ws/install/unity_robotics_demo', 'merge_install': False, 'path': '/home/michael/ros2_unity_ws/src/unity_robotics_demo', 'symlink_install': False, 'test_result_base': None}
[0.838s] Level 5:colcon.colcon_core.verb:set package 'unity_robotics_demo_msgs' build argument 'cmake_args' from command line to 'None'
[0.838s] Level 5:colcon.colcon_core.verb:set package 'unity_robotics_demo_msgs' build argument 'cmake_target' from command line to 'None'
[0.838s] Level 5:colcon.colcon_core.verb:set package 'unity_robotics_demo_msgs' build argument 'cmake_target_skip_unavailable' from command line to 'False'
[0.838s] Level 5:colcon.colcon_core.verb:set package 'unity_robotics_demo_msgs' build argument 'cmake_clean_cache' from command line to 'False'
[0.838s] Level 5:colcon.colcon_core.verb:set package 'unity_robotics_demo_msgs' build argument 'cmake_clean_first' from command line to 'False'
[0.839s] Level 5:colcon.colcon_core.verb:set package 'unity_robotics_demo_msgs' build argument 'cmake_force_configure' from command line to 'False'
[0.839s] Level 5:colcon.colcon_core.verb:set package 'unity_robotics_demo_msgs' build argument 'ament_cmake_args' from command line to 'None'
[0.839s] Level 5:colcon.colcon_core.verb:set package 'unity_robotics_demo_msgs' build argument 'catkin_cmake_args' from command line to 'None'
[0.839s] Level 5:colcon.colcon_core.verb:set package 'unity_robotics_demo_msgs' build argument 'catkin_skip_building_tests' from command line to 'False'
[0.839s] DEBUG:colcon.colcon_core.verb:Building package 'unity_robotics_demo_msgs' with the following arguments: {'ament_cmake_args': None, 'build_base': '/home/michael/ros2_unity_ws/build/unity_robotics_demo_msgs', 'catkin_cmake_args': None, 'catkin_skip_building_tests': False, 'cmake_args': None, 'cmake_clean_cache': False, 'cmake_clean_first': False, 'cmake_force_configure': False, 'cmake_target': None, 'cmake_target_skip_unavailable': False, 'install_base': '/home/michael/ros2_unity_ws/install/unity_robotics_demo_msgs', 'merge_install': False, 'path': '/home/michael/ros2_unity_ws/src/unity_robotics_demo_msgs', 'symlink_install': False, 'test_result_base': None}
[0.839s] INFO:colcon.colcon_core.executor:Executing jobs using 'parallel' executor
[0.843s] DEBUG:colcon.colcon_parallel_executor.executor.parallel:run_until_complete
[0.845s] INFO:colcon.colcon_ros.task.ament_python.build:Building ROS package in '/home/michael/ros2_unity_ws/src/ROS-TCP-Endpoint' with build type 'ament_python'
[0.846s] Level 1:colcon.colcon_core.shell:create_environment_hook('ros_tcp_endpoint', 'ament_prefix_path')
[0.851s] INFO:colcon.colcon_core.plugin_system:Skipping extension 'colcon_core.shell.bat': Not used on non-Windows systems
[0.852s] INFO:colcon.colcon_core.shell:Creating environment hook '/home/michael/ros2_unity_ws/install/ros_tcp_endpoint/share/ros_tcp_endpoint/hook/ament_prefix_path.ps1'
[0.854s] INFO:colcon.colcon_core.shell:Creating environment descriptor '/home/michael/ros2_unity_ws/install/ros_tcp_endpoint/share/ros_tcp_endpoint/hook/ament_prefix_path.dsv'
[0.855s] INFO:colcon.colcon_core.shell:Creating environment hook '/home/michael/ros2_unity_ws/install/ros_tcp_endpoint/share/ros_tcp_endpoint/hook/ament_prefix_path.sh'
[0.857s] INFO:colcon.colcon_core.shell:Skip shell extension 'powershell' for command environment: Not usable outside of PowerShell
[0.857s] DEBUG:colcon.colcon_core.shell:Skip shell extension 'dsv' for command environment
[0.866s] INFO:colcon.colcon_ros.task.ament_python.build:Building ROS package in '/home/michael/ros2_unity_ws/src/unity_robotics_demo' with build type 'ament_python'
[0.867s] Level 1:colcon.colcon_core.shell:create_environment_hook('unity_robotics_demo', 'ament_prefix_path')
[0.868s] INFO:colcon.colcon_core.shell:Creating environment hook '/home/michael/ros2_unity_ws/install/unity_robotics_demo/share/unity_robotics_demo/hook/ament_prefix_path.ps1'
[0.869s] INFO:colcon.colcon_core.shell:Creating environment descriptor '/home/michael/ros2_unity_ws/install/unity_robotics_demo/share/unity_robotics_demo/hook/ament_prefix_path.dsv'
[0.870s] INFO:colcon.colcon_core.shell:Creating environment hook '/home/michael/ros2_unity_ws/install/unity_robotics_demo/share/unity_robotics_demo/hook/ament_prefix_path.sh'
[0.872s] INFO:colcon.colcon_core.shell:Skip shell extension 'powershell' for command environment: Not usable outside of PowerShell
[0.872s] DEBUG:colcon.colcon_core.shell:Skip shell extension 'dsv' for command environment
[0.880s] INFO:colcon.colcon_ros.task.ament_cmake.build:Building ROS package in '/home/michael/ros2_unity_ws/src/unity_robotics_demo_msgs' with build type 'ament_cmake'
[0.881s] INFO:colcon.colcon_cmake.task.cmake.build:Building CMake package in '/home/michael/ros2_unity_ws/src/unity_robotics_demo_msgs'
[0.881s] INFO:colcon.colcon_core.shell:Skip shell extension 'powershell' for command environment: Not usable outside of PowerShell
[0.881s] DEBUG:colcon.colcon_core.shell:Skip shell extension 'dsv' for command environment
[1.516s] INFO:colcon.colcon_core.task.python.build:Building Python package in '/home/michael/ros2_unity_ws/src/ROS-TCP-Endpoint'
[1.517s] INFO:colcon.colcon_core.shell:Skip shell extension 'powershell' for command environment: Not usable outside of PowerShell
[1.517s] DEBUG:colcon.colcon_core.shell:Skip shell extension 'dsv' for command environment
[2.133s] INFO:colcon.colcon_core.task.python.build:Building Python package in '/home/michael/ros2_unity_ws/src/unity_robotics_demo'
[2.134s] INFO:colcon.colcon_core.shell:Skip shell extension 'powershell' for command environment: Not usable outside of PowerShell
[2.134s] DEBUG:colcon.colcon_core.shell:Skip shell extension 'dsv' for command environment
[2.151s] DEBUG:colcon.colcon_core.event_handler.log_command:Invoking command in '/home/michael/ros2_unity_ws/build/unity_robotics_demo_msgs': CMAKE_PREFIX_PATH=${CMAKE_PREFIX_PATH}:/home/michael/ros2_unity_ws/install/unity_robotics_demo:/home/michael/ros2_unity_ws/install/ros_tcp_endpoint:/opt/ros/humble /usr/bin/cmake --build /home/michael/ros2_unity_ws/build/unity_robotics_demo_msgs -- -j20 -l20
[3.016s] DEBUG:colcon.colcon_core.event_handler.log_command:Invoked command in '/home/michael/ros2_unity_ws/build/unity_robotics_demo_msgs' returned '0': CMAKE_PREFIX_PATH=${CMAKE_PREFIX_PATH}:/home/michael/ros2_unity_ws/install/unity_robotics_demo:/home/michael/ros2_unity_ws/install/ros_tcp_endpoint:/opt/ros/humble /usr/bin/cmake --build /home/michael/ros2_unity_ws/build/unity_robotics_demo_msgs -- -j20 -l20
[3.045s] DEBUG:colcon.colcon_core.event_handler.log_command:Invoking command in '/home/michael/ros2_unity_ws/build/unity_robotics_demo_msgs': CMAKE_PREFIX_PATH=${CMAKE_PREFIX_PATH}:/home/michael/ros2_unity_ws/install/unity_robotics_demo:/home/michael/ros2_unity_ws/install/ros_tcp_endpoint:/opt/ros/humble /usr/bin/cmake --install /home/michael/ros2_unity_ws/build/unity_robotics_demo_msgs
[3.065s] DEBUG:colcon.colcon_core.event_handler.log_command:Invoking command in '/home/michael/ros2_unity_ws/src/unity_robotics_demo': PYTHONPATH=/home/michael/ros2_unity_ws/build/unity_robotics_demo/prefix_override:/usr/lib/python3/dist-packages/colcon_core/task/python/colcon_distutils_commands:/home/michael/ros2_unity_ws/install/unity_robotics_demo/lib/python3.10/site-packages:${PYTHONPATH} /usr/bin/python3 -W ignore:setup.py install is deprecated -W ignore:easy_install command is deprecated setup.py egg_info --egg-base ../../build/unity_robotics_demo build --build-base /home/michael/ros2_unity_ws/build/unity_robotics_demo/build install --record /home/michael/ros2_unity_ws/build/unity_robotics_demo/install.log --single-version-externally-managed install_data
[3.095s] DEBUG:colcon.colcon_core.event_handler.log_command:Invoking command in '/home/michael/ros2_unity_ws/src/ROS-TCP-Endpoint': PYTHONPATH=/home/michael/ros2_unity_ws/build/ros_tcp_endpoint/prefix_override:/usr/lib/python3/dist-packages/colcon_core/task/python/colcon_distutils_commands:/home/michael/ros2_unity_ws/install/ros_tcp_endpoint/lib/python3.10/site-packages:${PYTHONPATH} /usr/bin/python3 -W ignore:setup.py install is deprecated -W ignore:easy_install command is deprecated setup.py egg_info --egg-base ../../build/ros_tcp_endpoint build --build-base /home/michael/ros2_unity_ws/build/ros_tcp_endpoint/build install --record /home/michael/ros2_unity_ws/build/ros_tcp_endpoint/install.log --single-version-externally-managed install_data
[3.250s] Level 1:colcon.colcon_core.environment:create_environment_scripts_only(unity_robotics_demo_msgs)
[3.252s] DEBUG:colcon.colcon_core.event_handler.log_command:Invoked command in '/home/michael/ros2_unity_ws/build/unity_robotics_demo_msgs' returned '0': CMAKE_PREFIX_PATH=${CMAKE_PREFIX_PATH}:/home/michael/ros2_unity_ws/install/unity_robotics_demo:/home/michael/ros2_unity_ws/install/ros_tcp_endpoint:/opt/ros/humble /usr/bin/cmake --install /home/michael/ros2_unity_ws/build/unity_robotics_demo_msgs
[3.257s] Level 1:colcon.colcon_core.environment:checking '/home/michael/ros2_unity_ws/install/unity_robotics_demo_msgs' for CMake module files
[3.259s] Level 1:colcon.colcon_core.environment:checking '/home/michael/ros2_unity_ws/install/unity_robotics_demo_msgs' for CMake config files
[3.261s] Level 1:colcon.colcon_core.shell:create_environment_hook('unity_robotics_demo_msgs', 'cmake_prefix_path')
[3.261s] INFO:colcon.colcon_core.shell:Creating environment hook '/home/michael/ros2_unity_ws/install/unity_robotics_demo_msgs/share/unity_robotics_demo_msgs/hook/cmake_prefix_path.ps1'
[3.263s] INFO:colcon.colcon_core.shell:Creating environment descriptor '/home/michael/ros2_unity_ws/install/unity_robotics_demo_msgs/share/unity_robotics_demo_msgs/hook/cmake_prefix_path.dsv'
[3.264s] INFO:colcon.colcon_core.shell:Creating environment hook '/home/michael/ros2_unity_ws/install/unity_robotics_demo_msgs/share/unity_robotics_demo_msgs/hook/cmake_prefix_path.sh'
[3.265s] Level 1:colcon.colcon_core.environment:checking '/home/michael/ros2_unity_ws/install/unity_robotics_demo_msgs/lib'
[3.266s] Level 1:colcon.colcon_core.shell:create_environment_hook('unity_robotics_demo_msgs', 'ld_library_path_lib')
[3.266s] INFO:colcon.colcon_core.shell:Creating environment hook '/home/michael/ros2_unity_ws/install/unity_robotics_demo_msgs/share/unity_robotics_demo_msgs/hook/ld_library_path_lib.ps1'
[3.268s] INFO:colcon.colcon_core.shell:Creating environment descriptor '/home/michael/ros2_unity_ws/install/unity_robotics_demo_msgs/share/unity_robotics_demo_msgs/hook/ld_library_path_lib.dsv'
[3.268s] INFO:colcon.colcon_core.shell:Creating environment hook '/home/michael/ros2_unity_ws/install/unity_robotics_demo_msgs/share/unity_robotics_demo_msgs/hook/ld_library_path_lib.sh'
[3.269s] Level 1:colcon.colcon_core.environment:checking '/home/michael/ros2_unity_ws/install/unity_robotics_demo_msgs/bin'
[3.270s] Level 1:colcon.colcon_core.environment:checking '/home/michael/ros2_unity_ws/install/unity_robotics_demo_msgs/lib/pkgconfig/unity_robotics_demo_msgs.pc'
[3.270s] Level 1:colcon.colcon_core.environment:checking '/home/michael/ros2_unity_ws/install/unity_robotics_demo_msgs/lib/python3.10/site-packages'
[3.271s] Level 1:colcon.colcon_core.environment:checking '/home/michael/ros2_unity_ws/install/unity_robotics_demo_msgs/bin'
[3.272s] INFO:colcon.colcon_core.shell:Creating package script '/home/michael/ros2_unity_ws/install/unity_robotics_demo_msgs/share/unity_robotics_demo_msgs/package.ps1'
[3.274s] INFO:colcon.colcon_core.shell:Creating package descriptor '/home/michael/ros2_unity_ws/install/unity_robotics_demo_msgs/share/unity_robotics_demo_msgs/package.dsv'
[3.276s] INFO:colcon.colcon_core.shell:Creating package script '/home/michael/ros2_unity_ws/install/unity_robotics_demo_msgs/share/unity_robotics_demo_msgs/package.sh'
[3.278s] INFO:colcon.colcon_core.shell:Creating package script '/home/michael/ros2_unity_ws/install/unity_robotics_demo_msgs/share/unity_robotics_demo_msgs/package.bash'
[3.280s] INFO:colcon.colcon_core.shell:Creating package script '/home/michael/ros2_unity_ws/install/unity_robotics_demo_msgs/share/unity_robotics_demo_msgs/package.zsh'
[3.281s] Level 1:colcon.colcon_core.environment:create_file_with_runtime_dependencies(/home/michael/ros2_unity_ws/install/unity_robotics_demo_msgs/share/colcon-core/packages/unity_robotics_demo_msgs)
[3.282s] Level 1:colcon.colcon_core.environment:create_environment_scripts_only(unity_robotics_demo_msgs)
[3.283s] Level 1:colcon.colcon_core.environment:checking '/home/michael/ros2_unity_ws/install/unity_robotics_demo_msgs' for CMake module files
[3.284s] Level 1:colcon.colcon_core.environment:checking '/home/michael/ros2_unity_ws/install/unity_robotics_demo_msgs' for CMake config files
[3.286s] Level 1:colcon.colcon_core.shell:create_environment_hook('unity_robotics_demo_msgs', 'cmake_prefix_path')
[3.286s] INFO:colcon.colcon_core.shell:Creating environment hook '/home/michael/ros2_unity_ws/install/unity_robotics_demo_msgs/share/unity_robotics_demo_msgs/hook/cmake_prefix_path.ps1'
[3.287s] INFO:colcon.colcon_core.shell:Creating environment descriptor '/home/michael/ros2_unity_ws/install/unity_robotics_demo_msgs/share/unity_robotics_demo_msgs/hook/cmake_prefix_path.dsv'
[3.288s] INFO:colcon.colcon_core.shell:Creating environment hook '/home/michael/ros2_unity_ws/install/unity_robotics_demo_msgs/share/unity_robotics_demo_msgs/hook/cmake_prefix_path.sh'
[3.289s] Level 1:colcon.colcon_core.environment:checking '/home/michael/ros2_unity_ws/install/unity_robotics_demo_msgs/lib'
[3.289s] Level 1:colcon.colcon_core.shell:create_environment_hook('unity_robotics_demo_msgs', 'ld_library_path_lib')
[3.290s] INFO:colcon.colcon_core.shell:Creating environment hook '/home/michael/ros2_unity_ws/install/unity_robotics_demo_msgs/share/unity_robotics_demo_msgs/hook/ld_library_path_lib.ps1'
[3.291s] INFO:colcon.colcon_core.shell:Creating environment descriptor '/home/michael/ros2_unity_ws/install/unity_robotics_demo_msgs/share/unity_robotics_demo_msgs/hook/ld_library_path_lib.dsv'
[3.292s] INFO:colcon.colcon_core.shell:Creating environment hook '/home/michael/ros2_unity_ws/install/unity_robotics_demo_msgs/share/unity_robotics_demo_msgs/hook/ld_library_path_lib.sh'
[3.293s] Level 1:colcon.colcon_core.environment:checking '/home/michael/ros2_unity_ws/install/unity_robotics_demo_msgs/bin'
[3.293s] Level 1:colcon.colcon_core.environment:checking '/home/michael/ros2_unity_ws/install/unity_robotics_demo_msgs/lib/pkgconfig/unity_robotics_demo_msgs.pc'
[3.293s] Level 1:colcon.colcon_core.environment:checking '/home/michael/ros2_unity_ws/install/unity_robotics_demo_msgs/lib/python3.10/site-packages'
[3.294s] Level 1:colcon.colcon_core.environment:checking '/home/michael/ros2_unity_ws/install/unity_robotics_demo_msgs/bin'
[3.295s] INFO:colcon.colcon_core.shell:Creating package script '/home/michael/ros2_unity_ws/install/unity_robotics_demo_msgs/share/unity_robotics_demo_msgs/package.ps1'
[3.296s] INFO:colcon.colcon_core.shell:Creating package descriptor '/home/michael/ros2_unity_ws/install/unity_robotics_demo_msgs/share/unity_robotics_demo_msgs/package.dsv'
[3.298s] INFO:colcon.colcon_core.shell:Creating package script '/home/michael/ros2_unity_ws/install/unity_robotics_demo_msgs/share/unity_robotics_demo_msgs/package.sh'
[3.299s] INFO:colcon.colcon_core.shell:Creating package script '/home/michael/ros2_unity_ws/install/unity_robotics_demo_msgs/share/unity_robotics_demo_msgs/package.bash'
[3.300s] INFO:colcon.colcon_core.shell:Creating package script '/home/michael/ros2_unity_ws/install/unity_robotics_demo_msgs/share/unity_robotics_demo_msgs/package.zsh'
[3.301s] Level 1:colcon.colcon_core.environment:create_file_with_runtime_dependencies(/home/michael/ros2_unity_ws/install/unity_robotics_demo_msgs/share/colcon-core/packages/unity_robotics_demo_msgs)
[3.823s] Level 1:colcon.colcon_core.environment:checking '/home/michael/ros2_unity_ws/install/unity_robotics_demo' for CMake module files
[3.824s] DEBUG:colcon.colcon_core.event_handler.log_command:Invoked command in '/home/michael/ros2_unity_ws/src/unity_robotics_demo' returned '0': PYTHONPATH=/home/michael/ros2_unity_ws/build/unity_robotics_demo/prefix_override:/usr/lib/python3/dist-packages/colcon_core/task/python/colcon_distutils_commands:/home/michael/ros2_unity_ws/install/unity_robotics_demo/lib/python3.10/site-packages:${PYTHONPATH} /usr/bin/python3 -W ignore:setup.py install is deprecated -W ignore:easy_install command is deprecated setup.py egg_info --egg-base ../../build/unity_robotics_demo build --build-base /home/michael/ros2_unity_ws/build/unity_robotics_demo/build install --record /home/michael/ros2_unity_ws/build/unity_robotics_demo/install.log --single-version-externally-managed install_data
[3.825s] Level 1:colcon.colcon_core.environment:checking '/home/michael/ros2_unity_ws/install/unity_robotics_demo' for CMake config files
[3.826s] Level 1:colcon.colcon_core.environment:checking '/home/michael/ros2_unity_ws/install/unity_robotics_demo/lib'
[3.826s] Level 1:colcon.colcon_core.environment:checking '/home/michael/ros2_unity_ws/install/unity_robotics_demo/bin'
[3.826s] Level 1:colcon.colcon_core.environment:checking '/home/michael/ros2_unity_ws/install/unity_robotics_demo/lib/pkgconfig/unity_robotics_demo.pc'
[3.827s] Level 1:colcon.colcon_core.environment:checking '/home/michael/ros2_unity_ws/install/unity_robotics_demo/lib/python3.10/site-packages'
[3.827s] Level 1:colcon.colcon_core.shell:create_environment_hook('unity_robotics_demo', 'pythonpath')
[3.828s] INFO:colcon.colcon_core.shell:Creating environment hook '/home/michael/ros2_unity_ws/install/unity_robotics_demo/share/unity_robotics_demo/hook/pythonpath.ps1'
[3.829s] INFO:colcon.colcon_core.shell:Creating environment descriptor '/home/michael/ros2_unity_ws/install/unity_robotics_demo/share/unity_robotics_demo/hook/pythonpath.dsv'
[3.830s] INFO:colcon.colcon_core.shell:Creating environment hook '/home/michael/ros2_unity_ws/install/unity_robotics_demo/share/unity_robotics_demo/hook/pythonpath.sh'
[3.832s] Level 1:colcon.colcon_core.environment:checking '/home/michael/ros2_unity_ws/install/unity_robotics_demo/bin'
[3.832s] Level 1:colcon.colcon_core.environment:create_environment_scripts_only(unity_robotics_demo)
[3.833s] INFO:colcon.colcon_core.shell:Creating package script '/home/michael/ros2_unity_ws/install/unity_robotics_demo/share/unity_robotics_demo/package.ps1'
[3.834s] INFO:colcon.colcon_core.shell:Creating package descriptor '/home/michael/ros2_unity_ws/install/unity_robotics_demo/share/unity_robotics_demo/package.dsv'
[3.835s] INFO:colcon.colcon_core.shell:Creating package script '/home/michael/ros2_unity_ws/install/unity_robotics_demo/share/unity_robotics_demo/package.sh'
[3.836s] INFO:colcon.colcon_core.shell:Creating package script '/home/michael/ros2_unity_ws/install/unity_robotics_demo/share/unity_robotics_demo/package.bash'
[3.837s] INFO:colcon.colcon_core.shell:Creating package script '/home/michael/ros2_unity_ws/install/unity_robotics_demo/share/unity_robotics_demo/package.zsh'
[3.838s] Level 1:colcon.colcon_core.environment:create_file_with_runtime_dependencies(/home/michael/ros2_unity_ws/install/unity_robotics_demo/share/colcon-core/packages/unity_robotics_demo)
[3.846s] Level 1:colcon.colcon_core.environment:checking '/home/michael/ros2_unity_ws/install/ros_tcp_endpoint' for CMake module files
[3.847s] DEBUG:colcon.colcon_core.event_handler.log_command:Invoked command in '/home/michael/ros2_unity_ws/src/ROS-TCP-Endpoint' returned '0': PYTHONPATH=/home/michael/ros2_unity_ws/build/ros_tcp_endpoint/prefix_override:/usr/lib/python3/dist-packages/colcon_core/task/python/colcon_distutils_commands:/home/michael/ros2_unity_ws/install/ros_tcp_endpoint/lib/python3.10/site-packages:${PYTHONPATH} /usr/bin/python3 -W ignore:setup.py install is deprecated -W ignore:easy_install command is deprecated setup.py egg_info --egg-base ../../build/ros_tcp_endpoint build --build-base /home/michael/ros2_unity_ws/build/ros_tcp_endpoint/build install --record /home/michael/ros2_unity_ws/build/ros_tcp_endpoint/install.log --single-version-externally-managed install_data
[3.847s] Level 1:colcon.colcon_core.environment:checking '/home/michael/ros2_unity_ws/install/ros_tcp_endpoint' for CMake config files
[3.849s] Level 1:colcon.colcon_core.environment:checking '/home/michael/ros2_unity_ws/install/ros_tcp_endpoint/lib'
[3.849s] Level 1:colcon.colcon_core.environment:checking '/home/michael/ros2_unity_ws/install/ros_tcp_endpoint/bin'
[3.849s] Level 1:colcon.colcon_core.environment:checking '/home/michael/ros2_unity_ws/install/ros_tcp_endpoint/lib/pkgconfig/ros_tcp_endpoint.pc'
[3.850s] Level 1:colcon.colcon_core.environment:checking '/home/michael/ros2_unity_ws/install/ros_tcp_endpoint/lib/python3.10/site-packages'
[3.850s] Level 1:colcon.colcon_core.shell:create_environment_hook('ros_tcp_endpoint', 'pythonpath')
[3.850s] INFO:colcon.colcon_core.shell:Creating environment hook '/home/michael/ros2_unity_ws/install/ros_tcp_endpoint/share/ros_tcp_endpoint/hook/pythonpath.ps1'
[3.852s] INFO:colcon.colcon_core.shell:Creating environment descriptor '/home/michael/ros2_unity_ws/install/ros_tcp_endpoint/share/ros_tcp_endpoint/hook/pythonpath.dsv'
[3.852s] INFO:colcon.colcon_core.shell:Creating environment hook '/home/michael/ros2_unity_ws/install/ros_tcp_endpoint/share/ros_tcp_endpoint/hook/pythonpath.sh'
[3.854s] Level 1:colcon.colcon_core.environment:checking '/home/michael/ros2_unity_ws/install/ros_tcp_endpoint/bin'
[3.855s] Level 1:colcon.colcon_core.environment:create_environment_scripts_only(ros_tcp_endpoint)
[3.855s] INFO:colcon.colcon_core.shell:Creating package script '/home/michael/ros2_unity_ws/install/ros_tcp_endpoint/share/ros_tcp_endpoint/package.ps1'
[3.857s] INFO:colcon.colcon_core.shell:Creating package descriptor '/home/michael/ros2_unity_ws/install/ros_tcp_endpoint/share/ros_tcp_endpoint/package.dsv'
[3.858s] INFO:colcon.colcon_core.shell:Creating package script '/home/michael/ros2_unity_ws/install/ros_tcp_endpoint/share/ros_tcp_endpoint/package.sh'
[3.860s] INFO:colcon.colcon_core.shell:Creating package script '/home/michael/ros2_unity_ws/install/ros_tcp_endpoint/share/ros_tcp_endpoint/package.bash'
[3.861s] INFO:colcon.colcon_core.shell:Creating package script '/home/michael/ros2_unity_ws/install/ros_tcp_endpoint/share/ros_tcp_endpoint/package.zsh'
[3.862s] Level 1:colcon.colcon_core.environment:create_file_with_runtime_dependencies(/home/michael/ros2_unity_ws/install/ros_tcp_endpoint/share/colcon-core/packages/ros_tcp_endpoint)
[3.863s] DEBUG:colcon.colcon_parallel_executor.executor.parallel:closing loop
[3.863s] DEBUG:colcon.colcon_parallel_executor.executor.parallel:loop closed
[3.864s] DEBUG:colcon.colcon_parallel_executor.executor.parallel:run_until_complete finished with '0'
[3.864s] DEBUG:colcon.colcon_core.event_reactor:joining thread
[3.877s] INFO:colcon.colcon_core.plugin_system:Skipping extension 'colcon_notification.desktop_notification.terminal_notifier': Not used on non-Darwin systems
[3.877s] INFO:colcon.colcon_core.plugin_system:Skipping extension 'colcon_notification.desktop_notification.win32': Not used on non-Windows systems
[3.877s] INFO:colcon.colcon_notification.desktop_notification:Sending desktop notification using 'notify2'
[3.908s] DEBUG:colcon.colcon_core.event_reactor:joined thread
[3.908s] INFO:colcon.colcon_core.shell:Creating prefix script '/home/michael/ros2_unity_ws/install/local_setup.ps1'
[3.911s] INFO:colcon.colcon_core.shell:Creating prefix util module '/home/michael/ros2_unity_ws/install/_local_setup_util_ps1.py'
[3.914s] INFO:colcon.colcon_core.shell:Creating prefix chain script '/home/michael/ros2_unity_ws/install/setup.ps1'
[3.916s] INFO:colcon.colcon_core.shell:Creating prefix script '/home/michael/ros2_unity_ws/install/local_setup.sh'
[3.917s] INFO:colcon.colcon_core.shell:Creating prefix util module '/home/michael/ros2_unity_ws/install/_local_setup_util_sh.py'
[3.918s] INFO:colcon.colcon_core.shell:Creating prefix chain script '/home/michael/ros2_unity_ws/install/setup.sh'
[3.920s] INFO:colcon.colcon_core.shell:Creating prefix script '/home/michael/ros2_unity_ws/install/local_setup.bash'
[3.922s] INFO:colcon.colcon_core.shell:Creating prefix chain script '/home/michael/ros2_unity_ws/install/setup.bash'
[3.924s] INFO:colcon.colcon_core.shell:Creating prefix script '/home/michael/ros2_unity_ws/install/local_setup.zsh'
[3.926s] INFO:colcon.colcon_core.shell:Creating prefix chain script '/home/michael/ros2_unity_ws/install/setup.zsh'
