[1.244s] Invoking command in '/home/michael/ros2_unity_ws/src/unity_robotics_demo': PYTHONPATH=/home/michael/ros2_unity_ws/build/unity_robotics_demo/prefix_override:/usr/lib/python3/dist-packages/colcon_core/task/python/colcon_distutils_commands:/home/michael/ros2_unity_ws/install/unity_robotics_demo/lib/python3.10/site-packages:${PYTHONPATH} /usr/bin/python3 -W ignore:setup.py install is deprecated -W ignore:easy_install command is deprecated setup.py egg_info --egg-base ../../build/unity_robotics_demo build --build-base /home/michael/ros2_unity_ws/build/unity_robotics_demo/build install --record /home/michael/ros2_unity_ws/build/unity_robotics_demo/install.log --single-version-externally-managed install_data
[1.651s] running egg_info
[1.652s] creating ../../build/unity_robotics_demo/unity_robotics_demo.egg-info
[1.653s] writing ../../build/unity_robotics_demo/unity_robotics_demo.egg-info/PKG-INFO
[1.653s] writing dependency_links to ../../build/unity_robotics_demo/unity_robotics_demo.egg-info/dependency_links.txt
[1.653s] writing entry points to ../../build/unity_robotics_demo/unity_robotics_demo.egg-info/entry_points.txt
[1.654s] writing requirements to ../../build/unity_robotics_demo/unity_robotics_demo.egg-info/requires.txt
[1.654s] writing top-level names to ../../build/unity_robotics_demo/unity_robotics_demo.egg-info/top_level.txt
[1.654s] writing manifest file '../../build/unity_robotics_demo/unity_robotics_demo.egg-info/SOURCES.txt'
[1.659s] reading manifest file '../../build/unity_robotics_demo/unity_robotics_demo.egg-info/SOURCES.txt'
[1.660s] writing manifest file '../../build/unity_robotics_demo/unity_robotics_demo.egg-info/SOURCES.txt'
[1.661s] running build
[1.661s] running build_py
[1.661s] creating /home/michael/ros2_unity_ws/build/unity_robotics_demo/build
[1.661s] creating /home/michael/ros2_unity_ws/build/unity_robotics_demo/build/lib
[1.661s] creating /home/michael/ros2_unity_ws/build/unity_robotics_demo/build/lib/unity_robotics_demo
[1.661s] copying unity_robotics_demo/__init__.py -> /home/michael/ros2_unity_ws/build/unity_robotics_demo/build/lib/unity_robotics_demo
[1.661s] copying unity_robotics_demo/position_publisher.py -> /home/michael/ros2_unity_ws/build/unity_robotics_demo/build/lib/unity_robotics_demo
[1.661s] copying unity_robotics_demo/color_publisher.py -> /home/michael/ros2_unity_ws/build/unity_robotics_demo/build/lib/unity_robotics_demo
[1.662s] copying unity_robotics_demo/position_service.py -> /home/michael/ros2_unity_ws/build/unity_robotics_demo/build/lib/unity_robotics_demo
[1.662s] running install
[1.662s] running install_lib
[1.664s] creating /home/michael/ros2_unity_ws/install/unity_robotics_demo/lib/python3.10/site-packages/unity_robotics_demo
[1.664s] copying /home/michael/ros2_unity_ws/build/unity_robotics_demo/build/lib/unity_robotics_demo/__init__.py -> /home/michael/ros2_unity_ws/install/unity_robotics_demo/lib/python3.10/site-packages/unity_robotics_demo
[1.664s] copying /home/michael/ros2_unity_ws/build/unity_robotics_demo/build/lib/unity_robotics_demo/position_publisher.py -> /home/michael/ros2_unity_ws/install/unity_robotics_demo/lib/python3.10/site-packages/unity_robotics_demo
[1.664s] copying /home/michael/ros2_unity_ws/build/unity_robotics_demo/build/lib/unity_robotics_demo/color_publisher.py -> /home/michael/ros2_unity_ws/install/unity_robotics_demo/lib/python3.10/site-packages/unity_robotics_demo
[1.664s] copying /home/michael/ros2_unity_ws/build/unity_robotics_demo/build/lib/unity_robotics_demo/position_service.py -> /home/michael/ros2_unity_ws/install/unity_robotics_demo/lib/python3.10/site-packages/unity_robotics_demo
[1.665s] byte-compiling /home/michael/ros2_unity_ws/install/unity_robotics_demo/lib/python3.10/site-packages/unity_robotics_demo/__init__.py to __init__.cpython-310.pyc
[1.665s] byte-compiling /home/michael/ros2_unity_ws/install/unity_robotics_demo/lib/python3.10/site-packages/unity_robotics_demo/position_publisher.py to position_publisher.cpython-310.pyc
[1.666s] byte-compiling /home/michael/ros2_unity_ws/install/unity_robotics_demo/lib/python3.10/site-packages/unity_robotics_demo/color_publisher.py to color_publisher.cpython-310.pyc
[1.667s] byte-compiling /home/michael/ros2_unity_ws/install/unity_robotics_demo/lib/python3.10/site-packages/unity_robotics_demo/position_service.py to position_service.cpython-310.pyc
[1.667s] running install_data
[1.668s] creating /home/michael/ros2_unity_ws/install/unity_robotics_demo/share/ament_index
[1.668s] creating /home/michael/ros2_unity_ws/install/unity_robotics_demo/share/ament_index/resource_index
[1.668s] creating /home/michael/ros2_unity_ws/install/unity_robotics_demo/share/ament_index/resource_index/packages
[1.668s] copying resource/unity_robotics_demo -> /home/michael/ros2_unity_ws/install/unity_robotics_demo/share/ament_index/resource_index/packages
[1.668s] copying package.xml -> /home/michael/ros2_unity_ws/install/unity_robotics_demo/share/unity_robotics_demo
[1.668s] running install_egg_info
[1.673s] Copying ../../build/unity_robotics_demo/unity_robotics_demo.egg-info to /home/michael/ros2_unity_ws/install/unity_robotics_demo/lib/python3.10/site-packages/unity_robotics_demo-0.0.1-py3.10.egg-info
[1.674s] running install_scripts
[1.710s] Installing color_publisher script to /home/michael/ros2_unity_ws/install/unity_robotics_demo/lib/unity_robotics_demo
[1.710s] Installing position_publisher script to /home/michael/ros2_unity_ws/install/unity_robotics_demo/lib/unity_robotics_demo
[1.710s] Installing position_service script to /home/michael/ros2_unity_ws/install/unity_robotics_demo/lib/unity_robotics_demo
[1.711s] writing list of installed files to '/home/michael/ros2_unity_ws/build/unity_robotics_demo/install.log'
[1.760s] Invoked command in '/home/michael/ros2_unity_ws/src/unity_robotics_demo' returned '0': PYTHONPATH=/home/michael/ros2_unity_ws/build/unity_robotics_demo/prefix_override:/usr/lib/python3/dist-packages/colcon_core/task/python/colcon_distutils_commands:/home/michael/ros2_unity_ws/install/unity_robotics_demo/lib/python3.10/site-packages:${PYTHONPATH} /usr/bin/python3 -W ignore:setup.py install is deprecated -W ignore:easy_install command is deprecated setup.py egg_info --egg-base ../../build/unity_robotics_demo build --build-base /home/michael/ros2_unity_ws/build/unity_robotics_demo/build install --record /home/michael/ros2_unity_ws/build/unity_robotics_demo/install.log --single-version-externally-managed install_data
