[0.657s] Invoking command in '/home/michael/ros2_unity_ws/build/unity_robotics_demo_msgs': CMAKE_PREFIX_PATH=${CMAKE_PREFIX_PATH}:/home/michael/ros2_unity_ws/install/unity_robotics_demo:/home/michael/ros2_unity_ws/install/ros_tcp_endpoint:/home/michael/ros2_ws/install/py_pubsub:/opt/ros/humble /usr/bin/cmake --build /home/michael/ros2_unity_ws/build/unity_robotics_demo_msgs -- -j20 -l20
[0.744s] [  7%] Built target unity_robotics_demo_msgs__cpp
[0.744s] [ 12%] Built target unity_robotics_demo_msgs__rosidl_generator_c
[0.757s] [ 12%] Built target ament_cmake_python_symlink_unity_robotics_demo_msgs
[0.798s] [ 34%] Built target unity_robotics_demo_msgs__rosidl_typesupport_cpp
[0.798s] [ 34%] Built target unity_robotics_demo_msgs__rosidl_typesupport_introspection_cpp
[0.803s] [ 45%] Built target unity_robotics_demo_msgs__rosidl_typesupport_introspection_c
[0.806s] [ 56%] Built target unity_robotics_demo_msgs__rosidl_typesupport_fastrtps_c
[0.806s] [ 67%] Built target unity_robotics_demo_msgs__rosidl_typesupport_fastrtps_cpp
[0.806s] [ 78%] Built target unity_robotics_demo_msgs__rosidl_typesupport_c
[0.851s] [ 78%] Built target unity_robotics_demo_msgs
[0.888s] [ 80%] Built target unity_robotics_demo_msgs__py
[0.910s] [35m[1mConsolidate compiler generated dependencies of target unity_robotics_demo_msgs__rosidl_generator_py[0m
[0.938s] [ 89%] Built target unity_robotics_demo_msgs__rosidl_generator_py
[0.960s] [35m[1mConsolidate compiler generated dependencies of target unity_robotics_demo_msgs__rosidl_typesupport_fastrtps_c__pyext[0m
[0.960s] [35m[1mConsolidate compiler generated dependencies of target unity_robotics_demo_msgs__rosidl_typesupport_c__pyext[0m
[0.961s] [35m[1mConsolidate compiler generated dependencies of target unity_robotics_demo_msgs__rosidl_typesupport_introspection_c__pyext[0m
[0.986s] [ 92%] Built target unity_robotics_demo_msgs__rosidl_typesupport_c__pyext
[0.987s] [ 96%] Built target unity_robotics_demo_msgs__rosidl_typesupport_fastrtps_c__pyext
[0.993s] [100%] Built target unity_robotics_demo_msgs__rosidl_typesupport_introspection_c__pyext
[1.192s] running egg_info
[1.194s] writing unity_robotics_demo_msgs.egg-info/PKG-INFO
[1.194s] writing dependency_links to unity_robotics_demo_msgs.egg-info/dependency_links.txt
[1.195s] writing top-level names to unity_robotics_demo_msgs.egg-info/top_level.txt
[1.198s] reading manifest file 'unity_robotics_demo_msgs.egg-info/SOURCES.txt'
[1.199s] writing manifest file 'unity_robotics_demo_msgs.egg-info/SOURCES.txt'
[1.253s] [100%] Built target ament_cmake_python_build_unity_robotics_demo_msgs_egg
[1.283s] Invoked command in '/home/michael/ros2_unity_ws/build/unity_robotics_demo_msgs' returned '0': CMAKE_PREFIX_PATH=${CMAKE_PREFIX_PATH}:/home/michael/ros2_unity_ws/install/unity_robotics_demo:/home/michael/ros2_unity_ws/install/ros_tcp_endpoint:/home/michael/ros2_ws/install/py_pubsub:/opt/ros/humble /usr/bin/cmake --build /home/michael/ros2_unity_ws/build/unity_robotics_demo_msgs -- -j20 -l20
[1.304s] Invoking command in '/home/michael/ros2_unity_ws/build/unity_robotics_demo_msgs': CMAKE_PREFIX_PATH=${CMAKE_PREFIX_PATH}:/home/michael/ros2_unity_ws/install/unity_robotics_demo:/home/michael/ros2_unity_ws/install/ros_tcp_endpoint:/home/michael/ros2_ws/install/py_pubsub:/opt/ros/humble /usr/bin/cmake --install /home/michael/ros2_unity_ws/build/unity_robotics_demo_msgs
[1.320s] -- Install configuration: ""
[1.321s] -- Execute custom install script
[1.322s] -- Up-to-date symlink: /home/michael/ros2_unity_ws/install/unity_robotics_demo_msgs/share/ament_index/resource_index/rosidl_interfaces/unity_robotics_demo_msgs
[1.323s] -- Up-to-date symlink: /home/michael/ros2_unity_ws/install/unity_robotics_demo_msgs/include/unity_robotics_demo_msgs/unity_robotics_demo_msgs/msg/detail/pos_rot__functions.h
[1.323s] -- Up-to-date symlink: /home/michael/ros2_unity_ws/install/unity_robotics_demo_msgs/include/unity_robotics_demo_msgs/unity_robotics_demo_msgs/msg/detail/pos_rot__struct.h
[1.323s] -- Up-to-date symlink: /home/michael/ros2_unity_ws/install/unity_robotics_demo_msgs/include/unity_robotics_demo_msgs/unity_robotics_demo_msgs/msg/detail/pos_rot__type_support.h
[1.323s] -- Up-to-date symlink: /home/michael/ros2_unity_ws/install/unity_robotics_demo_msgs/include/unity_robotics_demo_msgs/unity_robotics_demo_msgs/msg/detail/unity_color__functions.h
[1.323s] -- Up-to-date symlink: /home/michael/ros2_unity_ws/install/unity_robotics_demo_msgs/include/unity_robotics_demo_msgs/unity_robotics_demo_msgs/msg/detail/unity_color__struct.h
[1.324s] -- Up-to-date symlink: /home/michael/ros2_unity_ws/install/unity_robotics_demo_msgs/include/unity_robotics_demo_msgs/unity_robotics_demo_msgs/msg/detail/unity_color__type_support.h
[1.324s] -- Up-to-date symlink: /home/michael/ros2_unity_ws/install/unity_robotics_demo_msgs/include/unity_robotics_demo_msgs/unity_robotics_demo_msgs/msg/pos_rot.h
[1.324s] -- Up-to-date symlink: /home/michael/ros2_unity_ws/install/unity_robotics_demo_msgs/include/unity_robotics_demo_msgs/unity_robotics_demo_msgs/msg/rosidl_generator_c__visibility_control.h
[1.324s] -- Up-to-date symlink: /home/michael/ros2_unity_ws/install/unity_robotics_demo_msgs/include/unity_robotics_demo_msgs/unity_robotics_demo_msgs/msg/unity_color.h
[1.325s] -- Up-to-date symlink: /home/michael/ros2_unity_ws/install/unity_robotics_demo_msgs/include/unity_robotics_demo_msgs/unity_robotics_demo_msgs/srv/detail/object_pose_service__functions.h
[1.325s] -- Up-to-date symlink: /home/michael/ros2_unity_ws/install/unity_robotics_demo_msgs/include/unity_robotics_demo_msgs/unity_robotics_demo_msgs/srv/detail/object_pose_service__struct.h
[1.325s] -- Up-to-date symlink: /home/michael/ros2_unity_ws/install/unity_robotics_demo_msgs/include/unity_robotics_demo_msgs/unity_robotics_demo_msgs/srv/detail/object_pose_service__type_support.h
[1.325s] -- Up-to-date symlink: /home/michael/ros2_unity_ws/install/unity_robotics_demo_msgs/include/unity_robotics_demo_msgs/unity_robotics_demo_msgs/srv/detail/position_service__functions.h
[1.325s] -- Up-to-date symlink: /home/michael/ros2_unity_ws/install/unity_robotics_demo_msgs/include/unity_robotics_demo_msgs/unity_robotics_demo_msgs/srv/detail/position_service__struct.h
[1.325s] -- Up-to-date symlink: /home/michael/ros2_unity_ws/install/unity_robotics_demo_msgs/include/unity_robotics_demo_msgs/unity_robotics_demo_msgs/srv/detail/position_service__type_support.h
[1.326s] -- Up-to-date symlink: /home/michael/ros2_unity_ws/install/unity_robotics_demo_msgs/include/unity_robotics_demo_msgs/unity_robotics_demo_msgs/srv/object_pose_service.h
[1.326s] -- Up-to-date symlink: /home/michael/ros2_unity_ws/install/unity_robotics_demo_msgs/include/unity_robotics_demo_msgs/unity_robotics_demo_msgs/srv/position_service.h
[1.326s] -- Up-to-date symlink: /home/michael/ros2_unity_ws/install/unity_robotics_demo_msgs/share/unity_robotics_demo_msgs/environment/library_path.sh
[1.326s] -- Up-to-date symlink: /home/michael/ros2_unity_ws/install/unity_robotics_demo_msgs/share/unity_robotics_demo_msgs/environment/library_path.dsv
[1.326s] -- Up-to-date symlink: /home/michael/ros2_unity_ws/install/unity_robotics_demo_msgs/include/unity_robotics_demo_msgs/unity_robotics_demo_msgs/msg/detail/pos_rot__rosidl_typesupport_fastrtps_c.h
[1.327s] -- Up-to-date symlink: /home/michael/ros2_unity_ws/install/unity_robotics_demo_msgs/include/unity_robotics_demo_msgs/unity_robotics_demo_msgs/msg/detail/unity_color__rosidl_typesupport_fastrtps_c.h
[1.327s] -- Up-to-date symlink: /home/michael/ros2_unity_ws/install/unity_robotics_demo_msgs/include/unity_robotics_demo_msgs/unity_robotics_demo_msgs/msg/rosidl_typesupport_fastrtps_c__visibility_control.h
[1.327s] -- Up-to-date symlink: /home/michael/ros2_unity_ws/install/unity_robotics_demo_msgs/include/unity_robotics_demo_msgs/unity_robotics_demo_msgs/srv/detail/object_pose_service__rosidl_typesupport_fastrtps_c.h
[1.327s] -- Up-to-date symlink: /home/michael/ros2_unity_ws/install/unity_robotics_demo_msgs/include/unity_robotics_demo_msgs/unity_robotics_demo_msgs/srv/detail/position_service__rosidl_typesupport_fastrtps_c.h
[1.327s] -- Up-to-date symlink: /home/michael/ros2_unity_ws/install/unity_robotics_demo_msgs/include/unity_robotics_demo_msgs/unity_robotics_demo_msgs/msg/detail/pos_rot__rosidl_typesupport_introspection_c.h
[1.328s] -- Up-to-date symlink: /home/michael/ros2_unity_ws/install/unity_robotics_demo_msgs/include/unity_robotics_demo_msgs/unity_robotics_demo_msgs/msg/detail/unity_color__rosidl_typesupport_introspection_c.h
[1.328s] -- Up-to-date symlink: /home/michael/ros2_unity_ws/install/unity_robotics_demo_msgs/include/unity_robotics_demo_msgs/unity_robotics_demo_msgs/msg/rosidl_typesupport_introspection_c__visibility_control.h
[1.328s] -- Up-to-date symlink: /home/michael/ros2_unity_ws/install/unity_robotics_demo_msgs/include/unity_robotics_demo_msgs/unity_robotics_demo_msgs/srv/detail/object_pose_service__rosidl_typesupport_introspection_c.h
[1.329s] -- Up-to-date symlink: /home/michael/ros2_unity_ws/install/unity_robotics_demo_msgs/include/unity_robotics_demo_msgs/unity_robotics_demo_msgs/srv/detail/position_service__rosidl_typesupport_introspection_c.h
[1.332s] -- Up-to-date symlink: /home/michael/ros2_unity_ws/install/unity_robotics_demo_msgs/include/unity_robotics_demo_msgs/unity_robotics_demo_msgs/msg/detail/pos_rot__builder.hpp
[1.334s] -- Up-to-date symlink: /home/michael/ros2_unity_ws/install/unity_robotics_demo_msgs/include/unity_robotics_demo_msgs/unity_robotics_demo_msgs/msg/detail/pos_rot__struct.hpp
[1.335s] -- Up-to-date symlink: /home/michael/ros2_unity_ws/install/unity_robotics_demo_msgs/include/unity_robotics_demo_msgs/unity_robotics_demo_msgs/msg/detail/pos_rot__traits.hpp
[1.335s] -- Up-to-date symlink: /home/michael/ros2_unity_ws/install/unity_robotics_demo_msgs/include/unity_robotics_demo_msgs/unity_robotics_demo_msgs/msg/detail/pos_rot__type_support.hpp
[1.335s] -- Up-to-date symlink: /home/michael/ros2_unity_ws/install/unity_robotics_demo_msgs/include/unity_robotics_demo_msgs/unity_robotics_demo_msgs/msg/detail/unity_color__builder.hpp
[1.336s] -- Up-to-date symlink: /home/michael/ros2_unity_ws/install/unity_robotics_demo_msgs/include/unity_robotics_demo_msgs/unity_robotics_demo_msgs/msg/detail/unity_color__struct.hpp
[1.336s] -- Up-to-date symlink: /home/michael/ros2_unity_ws/install/unity_robotics_demo_msgs/include/unity_robotics_demo_msgs/unity_robotics_demo_msgs/msg/detail/unity_color__traits.hpp
[1.336s] -- Up-to-date symlink: /home/michael/ros2_unity_ws/install/unity_robotics_demo_msgs/include/unity_robotics_demo_msgs/unity_robotics_demo_msgs/msg/detail/unity_color__type_support.hpp
[1.336s] -- Up-to-date symlink: /home/michael/ros2_unity_ws/install/unity_robotics_demo_msgs/include/unity_robotics_demo_msgs/unity_robotics_demo_msgs/msg/pos_rot.hpp
[1.336s] -- Up-to-date symlink: /home/michael/ros2_unity_ws/install/unity_robotics_demo_msgs/include/unity_robotics_demo_msgs/unity_robotics_demo_msgs/msg/rosidl_generator_cpp__visibility_control.hpp
[1.336s] -- Up-to-date symlink: /home/michael/ros2_unity_ws/install/unity_robotics_demo_msgs/include/unity_robotics_demo_msgs/unity_robotics_demo_msgs/msg/unity_color.hpp
[1.337s] -- Up-to-date symlink: /home/michael/ros2_unity_ws/install/unity_robotics_demo_msgs/include/unity_robotics_demo_msgs/unity_robotics_demo_msgs/srv/detail/object_pose_service__builder.hpp
[1.337s] -- Up-to-date symlink: /home/michael/ros2_unity_ws/install/unity_robotics_demo_msgs/include/unity_robotics_demo_msgs/unity_robotics_demo_msgs/srv/detail/object_pose_service__struct.hpp
[1.337s] -- Up-to-date symlink: /home/michael/ros2_unity_ws/install/unity_robotics_demo_msgs/include/unity_robotics_demo_msgs/unity_robotics_demo_msgs/srv/detail/object_pose_service__traits.hpp
[1.339s] -- Up-to-date symlink: /home/michael/ros2_unity_ws/install/unity_robotics_demo_msgs/include/unity_robotics_demo_msgs/unity_robotics_demo_msgs/srv/detail/object_pose_service__type_support.hpp
[1.339s] -- Up-to-date symlink: /home/michael/ros2_unity_ws/install/unity_robotics_demo_msgs/include/unity_robotics_demo_msgs/unity_robotics_demo_msgs/srv/detail/position_service__builder.hpp
[1.339s] -- Up-to-date symlink: /home/michael/ros2_unity_ws/install/unity_robotics_demo_msgs/include/unity_robotics_demo_msgs/unity_robotics_demo_msgs/srv/detail/position_service__struct.hpp
[1.339s] -- Up-to-date symlink: /home/michael/ros2_unity_ws/install/unity_robotics_demo_msgs/include/unity_robotics_demo_msgs/unity_robotics_demo_msgs/srv/detail/position_service__traits.hpp
[1.340s] -- Up-to-date symlink: /home/michael/ros2_unity_ws/install/unity_robotics_demo_msgs/include/unity_robotics_demo_msgs/unity_robotics_demo_msgs/srv/detail/position_service__type_support.hpp
[1.340s] -- Up-to-date symlink: /home/michael/ros2_unity_ws/install/unity_robotics_demo_msgs/include/unity_robotics_demo_msgs/unity_robotics_demo_msgs/srv/object_pose_service.hpp
[1.340s] -- Up-to-date symlink: /home/michael/ros2_unity_ws/install/unity_robotics_demo_msgs/include/unity_robotics_demo_msgs/unity_robotics_demo_msgs/srv/position_service.hpp
[1.340s] -- Up-to-date symlink: /home/michael/ros2_unity_ws/install/unity_robotics_demo_msgs/include/unity_robotics_demo_msgs/unity_robotics_demo_msgs/msg/detail/pos_rot__rosidl_typesupport_fastrtps_cpp.hpp
[1.340s] -- Up-to-date symlink: /home/michael/ros2_unity_ws/install/unity_robotics_demo_msgs/include/unity_robotics_demo_msgs/unity_robotics_demo_msgs/msg/detail/unity_color__rosidl_typesupport_fastrtps_cpp.hpp
[1.340s] -- Up-to-date symlink: /home/michael/ros2_unity_ws/install/unity_robotics_demo_msgs/include/unity_robotics_demo_msgs/unity_robotics_demo_msgs/msg/rosidl_typesupport_fastrtps_cpp__visibility_control.h
[1.341s] -- Up-to-date symlink: /home/michael/ros2_unity_ws/install/unity_robotics_demo_msgs/include/unity_robotics_demo_msgs/unity_robotics_demo_msgs/srv/detail/object_pose_service__rosidl_typesupport_fastrtps_cpp.hpp
[1.341s] -- Up-to-date symlink: /home/michael/ros2_unity_ws/install/unity_robotics_demo_msgs/include/unity_robotics_demo_msgs/unity_robotics_demo_msgs/srv/detail/position_service__rosidl_typesupport_fastrtps_cpp.hpp
[1.341s] -- Up-to-date symlink: /home/michael/ros2_unity_ws/install/unity_robotics_demo_msgs/include/unity_robotics_demo_msgs/unity_robotics_demo_msgs/msg/detail/pos_rot__rosidl_typesupport_introspection_cpp.hpp
[1.341s] -- Up-to-date symlink: /home/michael/ros2_unity_ws/install/unity_robotics_demo_msgs/include/unity_robotics_demo_msgs/unity_robotics_demo_msgs/msg/detail/unity_color__rosidl_typesupport_introspection_cpp.hpp
[1.341s] -- Up-to-date symlink: /home/michael/ros2_unity_ws/install/unity_robotics_demo_msgs/include/unity_robotics_demo_msgs/unity_robotics_demo_msgs/srv/detail/object_pose_service__rosidl_typesupport_introspection_cpp.hpp
[1.342s] -- Up-to-date symlink: /home/michael/ros2_unity_ws/install/unity_robotics_demo_msgs/include/unity_robotics_demo_msgs/unity_robotics_demo_msgs/srv/detail/position_service__rosidl_typesupport_introspection_cpp.hpp
[1.342s] -- Up-to-date symlink: /home/michael/ros2_unity_ws/install/unity_robotics_demo_msgs/share/unity_robotics_demo_msgs/environment/pythonpath.sh
[1.342s] -- Up-to-date symlink: /home/michael/ros2_unity_ws/install/unity_robotics_demo_msgs/share/unity_robotics_demo_msgs/environment/pythonpath.dsv
[1.342s] -- Up-to-date symlink: /home/michael/ros2_unity_ws/install/unity_robotics_demo_msgs/local/lib/python3.10/dist-packages/unity_robotics_demo_msgs-0.0.1-py3.10.egg-info/PKG-INFO
[1.342s] -- Up-to-date symlink: /home/michael/ros2_unity_ws/install/unity_robotics_demo_msgs/local/lib/python3.10/dist-packages/unity_robotics_demo_msgs-0.0.1-py3.10.egg-info/SOURCES.txt
[1.343s] -- Up-to-date symlink: /home/michael/ros2_unity_ws/install/unity_robotics_demo_msgs/local/lib/python3.10/dist-packages/unity_robotics_demo_msgs-0.0.1-py3.10.egg-info/dependency_links.txt
[1.343s] -- Up-to-date symlink: /home/michael/ros2_unity_ws/install/unity_robotics_demo_msgs/local/lib/python3.10/dist-packages/unity_robotics_demo_msgs-0.0.1-py3.10.egg-info/top_level.txt
[1.343s] -- Up-to-date symlink: /home/michael/ros2_unity_ws/install/unity_robotics_demo_msgs/local/lib/python3.10/dist-packages/unity_robotics_demo_msgs/__init__.py
[1.343s] -- Up-to-date symlink: /home/michael/ros2_unity_ws/install/unity_robotics_demo_msgs/local/lib/python3.10/dist-packages/unity_robotics_demo_msgs/_unity_robotics_demo_msgs_s.ep.rosidl_typesupport_c.c
[1.343s] -- Up-to-date symlink: /home/michael/ros2_unity_ws/install/unity_robotics_demo_msgs/local/lib/python3.10/dist-packages/unity_robotics_demo_msgs/_unity_robotics_demo_msgs_s.ep.rosidl_typesupport_fastrtps_c.c
[1.344s] -- Up-to-date symlink: /home/michael/ros2_unity_ws/install/unity_robotics_demo_msgs/local/lib/python3.10/dist-packages/unity_robotics_demo_msgs/_unity_robotics_demo_msgs_s.ep.rosidl_typesupport_introspection_c.c
[1.344s] -- Up-to-date symlink: /home/michael/ros2_unity_ws/install/unity_robotics_demo_msgs/local/lib/python3.10/dist-packages/unity_robotics_demo_msgs/libunity_robotics_demo_msgs__rosidl_generator_py.so
[1.344s] -- Up-to-date symlink: /home/michael/ros2_unity_ws/install/unity_robotics_demo_msgs/local/lib/python3.10/dist-packages/unity_robotics_demo_msgs/msg/__init__.py
[1.344s] -- Up-to-date symlink: /home/michael/ros2_unity_ws/install/unity_robotics_demo_msgs/local/lib/python3.10/dist-packages/unity_robotics_demo_msgs/msg/_pos_rot.py
[1.344s] -- Up-to-date symlink: /home/michael/ros2_unity_ws/install/unity_robotics_demo_msgs/local/lib/python3.10/dist-packages/unity_robotics_demo_msgs/msg/_pos_rot_s.c
[1.345s] -- Up-to-date symlink: /home/michael/ros2_unity_ws/install/unity_robotics_demo_msgs/local/lib/python3.10/dist-packages/unity_robotics_demo_msgs/msg/_unity_color.py
[1.345s] -- Up-to-date symlink: /home/michael/ros2_unity_ws/install/unity_robotics_demo_msgs/local/lib/python3.10/dist-packages/unity_robotics_demo_msgs/msg/_unity_color_s.c
[1.345s] -- Up-to-date symlink: /home/michael/ros2_unity_ws/install/unity_robotics_demo_msgs/local/lib/python3.10/dist-packages/unity_robotics_demo_msgs/srv/__init__.py
[1.345s] -- Up-to-date symlink: /home/michael/ros2_unity_ws/install/unity_robotics_demo_msgs/local/lib/python3.10/dist-packages/unity_robotics_demo_msgs/srv/_object_pose_service.py
[1.345s] -- Up-to-date symlink: /home/michael/ros2_unity_ws/install/unity_robotics_demo_msgs/local/lib/python3.10/dist-packages/unity_robotics_demo_msgs/srv/_object_pose_service_s.c
[1.346s] -- Up-to-date symlink: /home/michael/ros2_unity_ws/install/unity_robotics_demo_msgs/local/lib/python3.10/dist-packages/unity_robotics_demo_msgs/srv/_position_service.py
[1.346s] -- Up-to-date symlink: /home/michael/ros2_unity_ws/install/unity_robotics_demo_msgs/local/lib/python3.10/dist-packages/unity_robotics_demo_msgs/srv/_position_service_s.c
[1.346s] -- Up-to-date symlink: /home/michael/ros2_unity_ws/install/unity_robotics_demo_msgs/local/lib/python3.10/dist-packages/unity_robotics_demo_msgs/unity_robotics_demo_msgs_s__rosidl_typesupport_c.cpython-310-x86_64-linux-gnu.so
[1.346s] -- Up-to-date symlink: /home/michael/ros2_unity_ws/install/unity_robotics_demo_msgs/local/lib/python3.10/dist-packages/unity_robotics_demo_msgs/unity_robotics_demo_msgs_s__rosidl_typesupport_fastrtps_c.cpython-310-x86_64-linux-gnu.so
[1.346s] -- Up-to-date symlink: /home/michael/ros2_unity_ws/install/unity_robotics_demo_msgs/local/lib/python3.10/dist-packages/unity_robotics_demo_msgs/unity_robotics_demo_msgs_s__rosidl_typesupport_introspection_c.cpython-310-x86_64-linux-gnu.so
[1.346s] -- Up-to-date symlink: /home/michael/ros2_unity_ws/install/unity_robotics_demo_msgs/local/lib/python3.10/dist-packages/unity_robotics_demo_msgs/unity_robotics_demo_msgs_s__rosidl_typesupport_fastrtps_c.cpython-310-x86_64-linux-gnu.so
[1.347s] -- Up-to-date symlink: /home/michael/ros2_unity_ws/install/unity_robotics_demo_msgs/local/lib/python3.10/dist-packages/unity_robotics_demo_msgs/unity_robotics_demo_msgs_s__rosidl_typesupport_introspection_c.cpython-310-x86_64-linux-gnu.so
[1.347s] -- Up-to-date symlink: /home/michael/ros2_unity_ws/install/unity_robotics_demo_msgs/local/lib/python3.10/dist-packages/unity_robotics_demo_msgs/unity_robotics_demo_msgs_s__rosidl_typesupport_c.cpython-310-x86_64-linux-gnu.so
[1.347s] -- Up-to-date symlink: /home/michael/ros2_unity_ws/install/unity_robotics_demo_msgs/share/unity_robotics_demo_msgs/msg/PosRot.idl
[1.347s] -- Up-to-date symlink: /home/michael/ros2_unity_ws/install/unity_robotics_demo_msgs/share/unity_robotics_demo_msgs/msg/UnityColor.idl
[1.347s] -- Up-to-date symlink: /home/michael/ros2_unity_ws/install/unity_robotics_demo_msgs/share/unity_robotics_demo_msgs/srv/PositionService.idl
[1.347s] -- Up-to-date symlink: /home/michael/ros2_unity_ws/install/unity_robotics_demo_msgs/share/unity_robotics_demo_msgs/srv/ObjectPoseService.idl
[1.348s] -- Up-to-date symlink: /home/michael/ros2_unity_ws/install/unity_robotics_demo_msgs/share/unity_robotics_demo_msgs/msg/PosRot.msg
[1.348s] -- Up-to-date symlink: /home/michael/ros2_unity_ws/install/unity_robotics_demo_msgs/share/unity_robotics_demo_msgs/msg/UnityColor.msg
[1.348s] -- Up-to-date symlink: /home/michael/ros2_unity_ws/install/unity_robotics_demo_msgs/share/unity_robotics_demo_msgs/srv/PositionService.srv
[1.348s] -- Up-to-date symlink: /home/michael/ros2_unity_ws/install/unity_robotics_demo_msgs/share/unity_robotics_demo_msgs/srv/PositionService_Request.msg
[1.348s] -- Up-to-date symlink: /home/michael/ros2_unity_ws/install/unity_robotics_demo_msgs/share/unity_robotics_demo_msgs/srv/PositionService_Response.msg
[1.348s] -- Up-to-date symlink: /home/michael/ros2_unity_ws/install/unity_robotics_demo_msgs/share/unity_robotics_demo_msgs/srv/ObjectPoseService.srv
[1.349s] -- Up-to-date symlink: /home/michael/ros2_unity_ws/install/unity_robotics_demo_msgs/share/unity_robotics_demo_msgs/srv/ObjectPoseService_Request.msg
[1.349s] -- Up-to-date symlink: /home/michael/ros2_unity_ws/install/unity_robotics_demo_msgs/share/unity_robotics_demo_msgs/srv/ObjectPoseService_Response.msg
[1.349s] -- Up-to-date symlink: /home/michael/ros2_unity_ws/install/unity_robotics_demo_msgs/share/ament_index/resource_index/package_run_dependencies/unity_robotics_demo_msgs
[1.349s] -- Up-to-date symlink: /home/michael/ros2_unity_ws/install/unity_robotics_demo_msgs/share/ament_index/resource_index/parent_prefix_path/unity_robotics_demo_msgs
[1.349s] -- Up-to-date symlink: /home/michael/ros2_unity_ws/install/unity_robotics_demo_msgs/share/unity_robotics_demo_msgs/environment/ament_prefix_path.sh
[1.349s] -- Up-to-date symlink: /home/michael/ros2_unity_ws/install/unity_robotics_demo_msgs/share/unity_robotics_demo_msgs/environment/ament_prefix_path.dsv
[1.350s] -- Up-to-date symlink: /home/michael/ros2_unity_ws/install/unity_robotics_demo_msgs/share/unity_robotics_demo_msgs/environment/path.sh
[1.350s] -- Up-to-date symlink: /home/michael/ros2_unity_ws/install/unity_robotics_demo_msgs/share/unity_robotics_demo_msgs/environment/path.dsv
[1.350s] -- Up-to-date symlink: /home/michael/ros2_unity_ws/install/unity_robotics_demo_msgs/share/unity_robotics_demo_msgs/local_setup.bash
[1.350s] -- Up-to-date symlink: /home/michael/ros2_unity_ws/install/unity_robotics_demo_msgs/share/unity_robotics_demo_msgs/local_setup.sh
[1.350s] -- Up-to-date symlink: /home/michael/ros2_unity_ws/install/unity_robotics_demo_msgs/share/unity_robotics_demo_msgs/local_setup.zsh
[1.350s] -- Up-to-date symlink: /home/michael/ros2_unity_ws/install/unity_robotics_demo_msgs/share/unity_robotics_demo_msgs/local_setup.dsv
[1.351s] -- Symlinking: /home/michael/ros2_unity_ws/install/unity_robotics_demo_msgs/share/unity_robotics_demo_msgs/package.dsv
[1.365s] -- Up-to-date symlink: /home/michael/ros2_unity_ws/install/unity_robotics_demo_msgs/share/ament_index/resource_index/packages/unity_robotics_demo_msgs
[1.366s] -- Up-to-date symlink: /home/michael/ros2_unity_ws/install/unity_robotics_demo_msgs/share/unity_robotics_demo_msgs/cmake/rosidl_cmake-extras.cmake
[1.366s] -- Up-to-date symlink: /home/michael/ros2_unity_ws/install/unity_robotics_demo_msgs/share/unity_robotics_demo_msgs/cmake/ament_cmake_export_dependencies-extras.cmake
[1.366s] -- Up-to-date symlink: /home/michael/ros2_unity_ws/install/unity_robotics_demo_msgs/share/unity_robotics_demo_msgs/cmake/ament_cmake_export_include_directories-extras.cmake
[1.367s] -- Up-to-date symlink: /home/michael/ros2_unity_ws/install/unity_robotics_demo_msgs/share/unity_robotics_demo_msgs/cmake/ament_cmake_export_libraries-extras.cmake
[1.367s] -- Up-to-date symlink: /home/michael/ros2_unity_ws/install/unity_robotics_demo_msgs/share/unity_robotics_demo_msgs/cmake/ament_cmake_export_targets-extras.cmake
[1.367s] -- Up-to-date symlink: /home/michael/ros2_unity_ws/install/unity_robotics_demo_msgs/share/unity_robotics_demo_msgs/cmake/rosidl_cmake_export_typesupport_targets-extras.cmake
[1.367s] -- Up-to-date symlink: /home/michael/ros2_unity_ws/install/unity_robotics_demo_msgs/share/unity_robotics_demo_msgs/cmake/rosidl_cmake_export_typesupport_libraries-extras.cmake
[1.368s] -- Up-to-date symlink: /home/michael/ros2_unity_ws/install/unity_robotics_demo_msgs/share/unity_robotics_demo_msgs/cmake/unity_robotics_demo_msgsConfig.cmake
[1.368s] -- Up-to-date symlink: /home/michael/ros2_unity_ws/install/unity_robotics_demo_msgs/share/unity_robotics_demo_msgs/cmake/unity_robotics_demo_msgsConfig-version.cmake
[1.368s] -- Up-to-date symlink: /home/michael/ros2_unity_ws/install/unity_robotics_demo_msgs/share/unity_robotics_demo_msgs/package.xml
[1.368s] -- Up-to-date: /home/michael/ros2_unity_ws/install/unity_robotics_demo_msgs/lib/libunity_robotics_demo_msgs__rosidl_generator_c.so
[1.368s] -- Up-to-date: /home/michael/ros2_unity_ws/install/unity_robotics_demo_msgs/lib/libunity_robotics_demo_msgs__rosidl_typesupport_fastrtps_c.so
[1.369s] -- Up-to-date: /home/michael/ros2_unity_ws/install/unity_robotics_demo_msgs/lib/libunity_robotics_demo_msgs__rosidl_typesupport_introspection_c.so
[1.369s] -- Up-to-date: /home/michael/ros2_unity_ws/install/unity_robotics_demo_msgs/lib/libunity_robotics_demo_msgs__rosidl_typesupport_c.so
[1.369s] -- Up-to-date: /home/michael/ros2_unity_ws/install/unity_robotics_demo_msgs/lib/libunity_robotics_demo_msgs__rosidl_typesupport_fastrtps_cpp.so
[1.370s] -- Up-to-date: /home/michael/ros2_unity_ws/install/unity_robotics_demo_msgs/lib/libunity_robotics_demo_msgs__rosidl_typesupport_introspection_cpp.so
[1.370s] -- Up-to-date: /home/michael/ros2_unity_ws/install/unity_robotics_demo_msgs/lib/libunity_robotics_demo_msgs__rosidl_typesupport_cpp.so
[1.441s] Listing '/home/michael/ros2_unity_ws/install/unity_robotics_demo_msgs/local/lib/python3.10/dist-packages/unity_robotics_demo_msgs'...
[1.442s] Listing '/home/michael/ros2_unity_ws/install/unity_robotics_demo_msgs/local/lib/python3.10/dist-packages/unity_robotics_demo_msgs/msg'...
[1.442s] Listing '/home/michael/ros2_unity_ws/install/unity_robotics_demo_msgs/local/lib/python3.10/dist-packages/unity_robotics_demo_msgs/srv'...
[1.450s] -- Up-to-date: /home/michael/ros2_unity_ws/install/unity_robotics_demo_msgs/lib/libunity_robotics_demo_msgs__rosidl_generator_py.so
[1.450s] -- Up-to-date: /home/michael/ros2_unity_ws/install/unity_robotics_demo_msgs/share/unity_robotics_demo_msgs/cmake/export_unity_robotics_demo_msgs__rosidl_generator_cExport.cmake
[1.450s] -- Up-to-date: /home/michael/ros2_unity_ws/install/unity_robotics_demo_msgs/share/unity_robotics_demo_msgs/cmake/export_unity_robotics_demo_msgs__rosidl_generator_cExport-noconfig.cmake
[1.451s] -- Up-to-date: /home/michael/ros2_unity_ws/install/unity_robotics_demo_msgs/share/unity_robotics_demo_msgs/cmake/export_unity_robotics_demo_msgs__rosidl_typesupport_fastrtps_cExport.cmake
[1.451s] -- Up-to-date: /home/michael/ros2_unity_ws/install/unity_robotics_demo_msgs/share/unity_robotics_demo_msgs/cmake/export_unity_robotics_demo_msgs__rosidl_typesupport_fastrtps_cExport-noconfig.cmake
[1.451s] -- Up-to-date: /home/michael/ros2_unity_ws/install/unity_robotics_demo_msgs/share/unity_robotics_demo_msgs/cmake/unity_robotics_demo_msgs__rosidl_typesupport_introspection_cExport.cmake
[1.451s] -- Up-to-date: /home/michael/ros2_unity_ws/install/unity_robotics_demo_msgs/share/unity_robotics_demo_msgs/cmake/unity_robotics_demo_msgs__rosidl_typesupport_introspection_cExport-noconfig.cmake
[1.452s] -- Up-to-date: /home/michael/ros2_unity_ws/install/unity_robotics_demo_msgs/share/unity_robotics_demo_msgs/cmake/unity_robotics_demo_msgs__rosidl_typesupport_cExport.cmake
[1.452s] -- Up-to-date: /home/michael/ros2_unity_ws/install/unity_robotics_demo_msgs/share/unity_robotics_demo_msgs/cmake/unity_robotics_demo_msgs__rosidl_typesupport_cExport-noconfig.cmake
[1.452s] -- Up-to-date: /home/michael/ros2_unity_ws/install/unity_robotics_demo_msgs/share/unity_robotics_demo_msgs/cmake/export_unity_robotics_demo_msgs__rosidl_generator_cppExport.cmake
[1.452s] -- Up-to-date: /home/michael/ros2_unity_ws/install/unity_robotics_demo_msgs/share/unity_robotics_demo_msgs/cmake/export_unity_robotics_demo_msgs__rosidl_typesupport_fastrtps_cppExport.cmake
[1.452s] -- Up-to-date: /home/michael/ros2_unity_ws/install/unity_robotics_demo_msgs/share/unity_robotics_demo_msgs/cmake/export_unity_robotics_demo_msgs__rosidl_typesupport_fastrtps_cppExport-noconfig.cmake
[1.452s] -- Up-to-date: /home/michael/ros2_unity_ws/install/unity_robotics_demo_msgs/share/unity_robotics_demo_msgs/cmake/unity_robotics_demo_msgs__rosidl_typesupport_introspection_cppExport.cmake
[1.453s] -- Up-to-date: /home/michael/ros2_unity_ws/install/unity_robotics_demo_msgs/share/unity_robotics_demo_msgs/cmake/unity_robotics_demo_msgs__rosidl_typesupport_introspection_cppExport-noconfig.cmake
[1.453s] -- Up-to-date: /home/michael/ros2_unity_ws/install/unity_robotics_demo_msgs/share/unity_robotics_demo_msgs/cmake/unity_robotics_demo_msgs__rosidl_typesupport_cppExport.cmake
[1.453s] -- Up-to-date: /home/michael/ros2_unity_ws/install/unity_robotics_demo_msgs/share/unity_robotics_demo_msgs/cmake/unity_robotics_demo_msgs__rosidl_typesupport_cppExport-noconfig.cmake
[1.453s] -- Up-to-date: /home/michael/ros2_unity_ws/install/unity_robotics_demo_msgs/share/unity_robotics_demo_msgs/cmake/export_unity_robotics_demo_msgs__rosidl_generator_pyExport.cmake
[1.453s] -- Up-to-date: /home/michael/ros2_unity_ws/install/unity_robotics_demo_msgs/share/unity_robotics_demo_msgs/cmake/export_unity_robotics_demo_msgs__rosidl_generator_pyExport-noconfig.cmake
[1.456s] Invoked command in '/home/michael/ros2_unity_ws/build/unity_robotics_demo_msgs' returned '0': CMAKE_PREFIX_PATH=${CMAKE_PREFIX_PATH}:/home/michael/ros2_unity_ws/install/unity_robotics_demo:/home/michael/ros2_unity_ws/install/ros_tcp_endpoint:/home/michael/ros2_ws/install/py_pubsub:/opt/ros/humble /usr/bin/cmake --install /home/michael/ros2_unity_ws/build/unity_robotics_demo_msgs
