/home/michael/ros2_unity_ws/install/unity_robotics_demo/lib/python3.10/site-packages/unity_robotics_demo/__init__.py
/home/michael/ros2_unity_ws/install/unity_robotics_demo/lib/python3.10/site-packages/unity_robotics_demo/position_publisher.py
/home/michael/ros2_unity_ws/install/unity_robotics_demo/lib/python3.10/site-packages/unity_robotics_demo/color_publisher.py
/home/michael/ros2_unity_ws/install/unity_robotics_demo/lib/python3.10/site-packages/unity_robotics_demo/position_service.py
/home/michael/ros2_unity_ws/install/unity_robotics_demo/lib/python3.10/site-packages/unity_robotics_demo/__pycache__/__init__.cpython-310.pyc
/home/michael/ros2_unity_ws/install/unity_robotics_demo/lib/python3.10/site-packages/unity_robotics_demo/__pycache__/position_publisher.cpython-310.pyc
/home/michael/ros2_unity_ws/install/unity_robotics_demo/lib/python3.10/site-packages/unity_robotics_demo/__pycache__/color_publisher.cpython-310.pyc
/home/michael/ros2_unity_ws/install/unity_robotics_demo/lib/python3.10/site-packages/unity_robotics_demo/__pycache__/position_service.cpython-310.pyc
/home/michael/ros2_unity_ws/install/unity_robotics_demo/share/ament_index/resource_index/packages/unity_robotics_demo
/home/michael/ros2_unity_ws/install/unity_robotics_demo/share/unity_robotics_demo/package.xml
/home/michael/ros2_unity_ws/install/unity_robotics_demo/lib/python3.10/site-packages/unity_robotics_demo-0.0.1-py3.10.egg-info/requires.txt
/home/michael/ros2_unity_ws/install/unity_robotics_demo/lib/python3.10/site-packages/unity_robotics_demo-0.0.1-py3.10.egg-info/zip-safe
/home/michael/ros2_unity_ws/install/unity_robotics_demo/lib/python3.10/site-packages/unity_robotics_demo-0.0.1-py3.10.egg-info/PKG-INFO
/home/michael/ros2_unity_ws/install/unity_robotics_demo/lib/python3.10/site-packages/unity_robotics_demo-0.0.1-py3.10.egg-info/top_level.txt
/home/michael/ros2_unity_ws/install/unity_robotics_demo/lib/python3.10/site-packages/unity_robotics_demo-0.0.1-py3.10.egg-info/entry_points.txt
/home/michael/ros2_unity_ws/install/unity_robotics_demo/lib/python3.10/site-packages/unity_robotics_demo-0.0.1-py3.10.egg-info/dependency_links.txt
/home/michael/ros2_unity_ws/install/unity_robotics_demo/lib/python3.10/site-packages/unity_robotics_demo-0.0.1-py3.10.egg-info/SOURCES.txt
/home/michael/ros2_unity_ws/install/unity_robotics_demo/lib/unity_robotics_demo/color_publisher
/home/michael/ros2_unity_ws/install/unity_robotics_demo/lib/unity_robotics_demo/position_publisher
/home/michael/ros2_unity_ws/install/unity_robotics_demo/lib/unity_robotics_demo/position_service
