-- Found rosidl_default_generators: 1.2.0 (/opt/ros/humble/share/rosidl_default_generators/cmake)
-- Found ament_cmake_core: 1.3.13 (/opt/ros/humble/share/ament_cmake_core/cmake)
-- Override CMake install command with custom implementation using symlinks instead of copying resources
-- Using all available rosidl_typesupport_c: rosidl_typesupport_fastrtps_c;rosidl_typesupport_introspection_c
-- Found rosidl_adapter: 3.1.8 (/opt/ros/humble/share/rosidl_adapter/cmake)
-- Using all available rosidl_typesupport_cpp: rosidl_typesupport_fastrtps_cpp;rosidl_typesupport_introspection_cpp
-- Found builtin_interfaces: 1.2.2 (/opt/ros/humble/share/builtin_interfaces/cmake)
-- Found geometry_msgs: 4.9.1 (/opt/ros/humble/share/geometry_msgs/cmake)
-- Found ament_cmake_ros: 0.10.0 (/opt/ros/humble/share/ament_cmake_ros/cmake)
-- Using all available rosidl_typesupport_c: rosidl_typesupport_fastrtps_c;rosidl_typesupport_introspection_c
-- Using all available rosidl_typesupport_cpp: rosidl_typesupport_fastrtps_cpp;rosidl_typesupport_introspection_cpp
-- Found python_cmake_module: 0.10.0 (/opt/ros/humble/share/python_cmake_module/cmake)
-- Using PYTHON_EXECUTABLE: /usr/bin/python3
-- Using PYTHON_INCLUDE_DIRS: /usr/include/python3.10
-- Using PYTHON_LIBRARIES: /usr/lib/x86_64-linux-gnu/libpython3.10.so
-- Found ament_lint_auto: 0.12.15 (/opt/ros/humble/share/ament_lint_auto/cmake)
-- Added test 'copyright' to check source files copyright and LICENSE
-- Added test 'lint_cmake' to check CMake code style
-- Added test 'xmllint' to check XML markup files
-- Configuring done
-- Generating done
-- Build files have been written to: /home/michael/ros2_unity_ws/build/unity_robotics_demo_msgs
[35m[1mConsolidate compiler generated dependencies of target unity_robotics_demo_msgs__rosidl_generator_c[0m
[  1%] Built target unity_robotics_demo_msgs__cpp
[  3%] [32m[1mLinking C shared library libunity_robotics_demo_msgs__rosidl_generator_c.so[0m
[  3%] Built target ament_cmake_python_symlink_unity_robotics_demo_msgs
[35m[1mConsolidate compiler generated dependencies of target unity_robotics_demo_msgs__rosidl_typesupport_cpp[0m
[35m[1mConsolidate compiler generated dependencies of target unity_robotics_demo_msgs__rosidl_typesupport_fastrtps_cpp[0m
[35m[1mConsolidate compiler generated dependencies of target unity_robotics_demo_msgs__rosidl_typesupport_introspection_cpp[0m
[  5%] [32m[1mLinking CXX shared library libunity_robotics_demo_msgs__rosidl_typesupport_cpp.so[0m
[  9%] [32m[1mLinking CXX shared library libunity_robotics_demo_msgs__rosidl_typesupport_introspection_cpp.so[0m
[  9%] [32mBuilding CXX object CMakeFiles/unity_robotics_demo_msgs__rosidl_typesupport_fastrtps_cpp.dir/rosidl_typesupport_fastrtps_cpp/unity_robotics_demo_msgs/msg/detail/dds_fastrtps/pos_rot__type_support.cpp.o[0m
[ 10%] [32mBuilding CXX object CMakeFiles/unity_robotics_demo_msgs__rosidl_typesupport_fastrtps_cpp.dir/rosidl_typesupport_fastrtps_cpp/unity_robotics_demo_msgs/msg/detail/dds_fastrtps/unity_color__type_support.cpp.o[0m
[ 12%] [32mBuilding CXX object CMakeFiles/unity_robotics_demo_msgs__rosidl_typesupport_fastrtps_cpp.dir/rosidl_typesupport_fastrtps_cpp/unity_robotics_demo_msgs/srv/detail/dds_fastrtps/object_pose_service__type_support.cpp.o[0m
[ 14%] [32mBuilding CXX object CMakeFiles/unity_robotics_demo_msgs__rosidl_typesupport_fastrtps_cpp.dir/rosidl_typesupport_fastrtps_cpp/unity_robotics_demo_msgs/srv/detail/dds_fastrtps/position_service__type_support.cpp.o[0m
[ 23%] Built target unity_robotics_demo_msgs__rosidl_generator_c
[35m[1mConsolidate compiler generated dependencies of target unity_robotics_demo_msgs__rosidl_typesupport_fastrtps_c[0m
[35m[1mConsolidate compiler generated dependencies of target unity_robotics_demo_msgs__rosidl_typesupport_c[0m
[35m[1mConsolidate compiler generated dependencies of target unity_robotics_demo_msgs__rosidl_typesupport_introspection_c[0m
[ 32%] Built target unity_robotics_demo_msgs__rosidl_typesupport_cpp
[ 34%] [32m[1mLinking CXX shared library libunity_robotics_demo_msgs__rosidl_typesupport_c.so[0m
[ 36%] [32m[1mLinking C shared library libunity_robotics_demo_msgs__rosidl_typesupport_introspection_c.so[0m
[ 38%] [32mBuilding CXX object CMakeFiles/unity_robotics_demo_msgs__rosidl_typesupport_fastrtps_c.dir/rosidl_typesupport_fastrtps_c/unity_robotics_demo_msgs/msg/detail/pos_rot__type_support_c.cpp.o[0m
[ 40%] [32mBuilding CXX object CMakeFiles/unity_robotics_demo_msgs__rosidl_typesupport_fastrtps_c.dir/rosidl_typesupport_fastrtps_c/unity_robotics_demo_msgs/srv/detail/object_pose_service__type_support_c.cpp.o[0m
[ 41%] [32mBuilding CXX object CMakeFiles/unity_robotics_demo_msgs__rosidl_typesupport_fastrtps_c.dir/rosidl_typesupport_fastrtps_c/unity_robotics_demo_msgs/srv/detail/position_service__type_support_c.cpp.o[0m
[ 43%] [32mBuilding CXX object CMakeFiles/unity_robotics_demo_msgs__rosidl_typesupport_fastrtps_c.dir/rosidl_typesupport_fastrtps_c/unity_robotics_demo_msgs/msg/detail/unity_color__type_support_c.cpp.o[0m
[ 52%] Built target unity_robotics_demo_msgs__rosidl_typesupport_introspection_cpp
[ 61%] Built target unity_robotics_demo_msgs__rosidl_typesupport_introspection_c
[ 70%] Built target unity_robotics_demo_msgs__rosidl_typesupport_c
running egg_info
writing unity_robotics_demo_msgs.egg-info/PKG-INFO
writing dependency_links to unity_robotics_demo_msgs.egg-info/dependency_links.txt
writing top-level names to unity_robotics_demo_msgs.egg-info/top_level.txt
reading manifest file 'unity_robotics_demo_msgs.egg-info/SOURCES.txt'
writing manifest file 'unity_robotics_demo_msgs.egg-info/SOURCES.txt'
[ 70%] Built target ament_cmake_python_build_unity_robotics_demo_msgs_egg
[ 72%] [32m[1mLinking CXX shared library libunity_robotics_demo_msgs__rosidl_typesupport_fastrtps_c.so[0m
[ 74%] [32m[1mLinking CXX shared library libunity_robotics_demo_msgs__rosidl_typesupport_fastrtps_cpp.so[0m
[ 76%] Built target unity_robotics_demo_msgs__rosidl_typesupport_fastrtps_c
gmake[2]: *** Deleting file 'libunity_robotics_demo_msgs__rosidl_typesupport_fastrtps_cpp.so'
gmake[2]: *** [CMakeFiles/unity_robotics_demo_msgs__rosidl_typesupport_fastrtps_cpp.dir/build.make:253: libunity_robotics_demo_msgs__rosidl_typesupport_fastrtps_cpp.so] Interrupt
gmake[1]: *** [CMakeFiles/Makefile2:343: CMakeFiles/unity_robotics_demo_msgs__rosidl_typesupport_fastrtps_cpp.dir/all] Interrupt
gmake: *** [Makefile:146: all] Interrupt
