[0.281s] DEBUG:colcon:Command line arguments: ['/usr/bin/colcon', 'build', '--symlink-install']
[0.281s] DEBUG:colcon:Parsed command line arguments: Namespace(log_base=None, log_level=None, verb_name='build', build_base='build', install_base='install', merge_install=False, symlink_install=True, test_result_base=None, continue_on_error=False, executor='parallel', parallel_workers=20, event_handlers=None, ignore_user_meta=False, metas=['./colcon.meta'], base_paths=['.'], packages_ignore=None, packages_ignore_regex=None, paths=None, packages_up_to=None, packages_up_to_regex=None, packages_above=None, packages_above_and_dependencies=None, packages_above_depth=None, packages_select_by_dep=None, packages_skip_by_dep=None, packages_skip_up_to=None, packages_select_build_failed=False, packages_skip_build_finished=False, packages_select_test_failures=False, packages_skip_test_passed=False, packages_select=None, packages_skip=None, packages_select_regex=None, packages_skip_regex=None, packages_start=None, packages_end=None, allow_overriding=[], cmake_args=None, cmake_target=None, cmake_target_skip_unavailable=False, cmake_clean_cache=False, cmake_clean_first=False, cmake_force_configure=False, ament_cmake_args=None, catkin_cmake_args=None, catkin_skip_building_tests=False, verb_parser=<colcon_defaults.argument_parser.defaults.DefaultArgumentsDecorator object at 0x7711c8dc2110>, verb_extension=<colcon_core.verb.build.BuildVerb object at 0x7711c8fc36d0>, main=<bound method BuildVerb.main of <colcon_core.verb.build.BuildVerb object at 0x7711c8fc36d0>>)
[0.785s] Level 1:colcon.colcon_core.package_discovery:discover_packages(colcon_meta) check parameters
[0.785s] Level 1:colcon.colcon_core.package_discovery:discover_packages(recursive) check parameters
[0.785s] Level 1:colcon.colcon_core.package_discovery:discover_packages(ignore) check parameters
[0.785s] Level 1:colcon.colcon_core.package_discovery:discover_packages(path) check parameters
[0.785s] Level 1:colcon.colcon_core.package_discovery:discover_packages(colcon_meta) discover
[0.785s] Level 1:colcon.colcon_core.package_discovery:discover_packages(recursive) discover
[0.786s] INFO:colcon.colcon_core.package_discovery:Crawling recursively for packages in '/home/michael/ros2_unity_ws'
[0.786s] Level 1:colcon.colcon_core.package_identification:_identify(.) by extensions ['ignore', 'ignore_ament_install']
[0.786s] Level 1:colcon.colcon_core.package_identification:_identify(.) by extension 'ignore'
[0.786s] Level 1:colcon.colcon_core.package_identification:_identify(.) by extension 'ignore_ament_install'
[0.786s] Level 1:colcon.colcon_core.package_identification:_identify(.) by extensions ['colcon_pkg']
[0.787s] Level 1:colcon.colcon_core.package_identification:_identify(.) by extension 'colcon_pkg'
[0.787s] Level 1:colcon.colcon_core.package_identification:_identify(.) by extensions ['colcon_meta']
[0.787s] Level 1:colcon.colcon_core.package_identification:_identify(.) by extension 'colcon_meta'
[0.787s] Level 1:colcon.colcon_core.package_identification:_identify(.) by extensions ['ros']
[0.787s] Level 1:colcon.colcon_core.package_identification:_identify(.) by extension 'ros'
[0.822s] Level 1:colcon.colcon_core.package_identification:_identify(.) by extensions ['cmake', 'python']
[0.823s] Level 1:colcon.colcon_core.package_identification:_identify(.) by extension 'cmake'
[0.823s] Level 1:colcon.colcon_core.package_identification:_identify(.) by extension 'python'
[0.823s] Level 1:colcon.colcon_core.package_identification:_identify(.) by extensions ['python_setup_py']
[0.823s] Level 1:colcon.colcon_core.package_identification:_identify(.) by extension 'python_setup_py'
[0.823s] Level 1:colcon.colcon_core.package_identification:_identify(build) by extensions ['ignore', 'ignore_ament_install']
[0.824s] Level 1:colcon.colcon_core.package_identification:_identify(build) by extension 'ignore'
[0.824s] Level 1:colcon.colcon_core.package_identification:_identify(build) ignored
[0.824s] Level 1:colcon.colcon_core.package_identification:_identify(install) by extensions ['ignore', 'ignore_ament_install']
[0.824s] Level 1:colcon.colcon_core.package_identification:_identify(install) by extension 'ignore'
[0.825s] Level 1:colcon.colcon_core.package_identification:_identify(install) ignored
[0.825s] Level 1:colcon.colcon_core.package_identification:_identify(log) by extensions ['ignore', 'ignore_ament_install']
[0.825s] Level 1:colcon.colcon_core.package_identification:_identify(log) by extension 'ignore'
[0.825s] Level 1:colcon.colcon_core.package_identification:_identify(log) ignored
[0.825s] Level 1:colcon.colcon_core.package_identification:_identify(src) by extensions ['ignore', 'ignore_ament_install']
[0.825s] Level 1:colcon.colcon_core.package_identification:_identify(src) by extension 'ignore'
[0.826s] Level 1:colcon.colcon_core.package_identification:_identify(src) by extension 'ignore_ament_install'
[0.826s] Level 1:colcon.colcon_core.package_identification:_identify(src) by extensions ['colcon_pkg']
[0.826s] Level 1:colcon.colcon_core.package_identification:_identify(src) by extension 'colcon_pkg'
[0.826s] Level 1:colcon.colcon_core.package_identification:_identify(src) by extensions ['colcon_meta']
[0.826s] Level 1:colcon.colcon_core.package_identification:_identify(src) by extension 'colcon_meta'
[0.826s] Level 1:colcon.colcon_core.package_identification:_identify(src) by extensions ['ros']
[0.826s] Level 1:colcon.colcon_core.package_identification:_identify(src) by extension 'ros'
[0.826s] Level 1:colcon.colcon_core.package_identification:_identify(src) by extensions ['cmake', 'python']
[0.826s] Level 1:colcon.colcon_core.package_identification:_identify(src) by extension 'cmake'
[0.827s] Level 1:colcon.colcon_core.package_identification:_identify(src) by extension 'python'
[0.827s] Level 1:colcon.colcon_core.package_identification:_identify(src) by extensions ['python_setup_py']
[0.827s] Level 1:colcon.colcon_core.package_identification:_identify(src) by extension 'python_setup_py'
[0.827s] Level 1:colcon.colcon_core.package_identification:_identify(src/ROS-TCP-Endpoint) by extensions ['ignore', 'ignore_ament_install']
[0.827s] Level 1:colcon.colcon_core.package_identification:_identify(src/ROS-TCP-Endpoint) by extension 'ignore'
[0.827s] Level 1:colcon.colcon_core.package_identification:_identify(src/ROS-TCP-Endpoint) by extension 'ignore_ament_install'
[0.827s] Level 1:colcon.colcon_core.package_identification:_identify(src/ROS-TCP-Endpoint) by extensions ['colcon_pkg']
[0.828s] Level 1:colcon.colcon_core.package_identification:_identify(src/ROS-TCP-Endpoint) by extension 'colcon_pkg'
[0.828s] Level 1:colcon.colcon_core.package_identification:_identify(src/ROS-TCP-Endpoint) by extensions ['colcon_meta']
[0.828s] Level 1:colcon.colcon_core.package_identification:_identify(src/ROS-TCP-Endpoint) by extension 'colcon_meta'
[0.828s] Level 1:colcon.colcon_core.package_identification:_identify(src/ROS-TCP-Endpoint) by extensions ['ros']
[0.828s] Level 1:colcon.colcon_core.package_identification:_identify(src/ROS-TCP-Endpoint) by extension 'ros'
[0.838s] DEBUG:colcon.colcon_core.package_identification:Package 'src/ROS-TCP-Endpoint' with type 'ros.ament_python' and name 'ros_tcp_endpoint'
[0.839s] Level 1:colcon.colcon_core.package_identification:_identify(src/unity_robotics_demo) by extensions ['ignore', 'ignore_ament_install']
[0.839s] Level 1:colcon.colcon_core.package_identification:_identify(src/unity_robotics_demo) by extension 'ignore'
[0.839s] Level 1:colcon.colcon_core.package_identification:_identify(src/unity_robotics_demo) by extension 'ignore_ament_install'
[0.839s] Level 1:colcon.colcon_core.package_identification:_identify(src/unity_robotics_demo) by extensions ['colcon_pkg']
[0.839s] Level 1:colcon.colcon_core.package_identification:_identify(src/unity_robotics_demo) by extension 'colcon_pkg'
[0.839s] Level 1:colcon.colcon_core.package_identification:_identify(src/unity_robotics_demo) by extensions ['colcon_meta']
[0.840s] Level 1:colcon.colcon_core.package_identification:_identify(src/unity_robotics_demo) by extension 'colcon_meta'
[0.840s] Level 1:colcon.colcon_core.package_identification:_identify(src/unity_robotics_demo) by extensions ['ros']
[0.840s] Level 1:colcon.colcon_core.package_identification:_identify(src/unity_robotics_demo) by extension 'ros'
[0.842s] DEBUG:colcon.colcon_core.package_identification:Package 'src/unity_robotics_demo' with type 'ros.ament_python' and name 'unity_robotics_demo'
[0.843s] Level 1:colcon.colcon_core.package_identification:_identify(src/unity_robotics_demo_msgs) by extensions ['ignore', 'ignore_ament_install']
[0.843s] Level 1:colcon.colcon_core.package_identification:_identify(src/unity_robotics_demo_msgs) by extension 'ignore'
[0.843s] Level 1:colcon.colcon_core.package_identification:_identify(src/unity_robotics_demo_msgs) by extension 'ignore_ament_install'
[0.844s] Level 1:colcon.colcon_core.package_identification:_identify(src/unity_robotics_demo_msgs) by extensions ['colcon_pkg']
[0.844s] Level 1:colcon.colcon_core.package_identification:_identify(src/unity_robotics_demo_msgs) by extension 'colcon_pkg'
[0.844s] Level 1:colcon.colcon_core.package_identification:_identify(src/unity_robotics_demo_msgs) by extensions ['colcon_meta']
[0.844s] Level 1:colcon.colcon_core.package_identification:_identify(src/unity_robotics_demo_msgs) by extension 'colcon_meta'
[0.844s] Level 1:colcon.colcon_core.package_identification:_identify(src/unity_robotics_demo_msgs) by extensions ['ros']
[0.844s] Level 1:colcon.colcon_core.package_identification:_identify(src/unity_robotics_demo_msgs) by extension 'ros'
[0.846s] DEBUG:colcon.colcon_core.package_identification:Package 'src/unity_robotics_demo_msgs' with type 'ros.ament_cmake' and name 'unity_robotics_demo_msgs'
[0.846s] Level 1:colcon.colcon_core.package_discovery:discover_packages(recursive) using defaults
[0.846s] Level 1:colcon.colcon_core.package_discovery:discover_packages(ignore) discover
[0.846s] Level 1:colcon.colcon_core.package_discovery:discover_packages(ignore) using defaults
[0.846s] Level 1:colcon.colcon_core.package_discovery:discover_packages(path) discover
[0.847s] Level 1:colcon.colcon_core.package_discovery:discover_packages(path) using defaults
[0.939s] Level 1:colcon.colcon_core.package_discovery:discover_packages(prefix_path) check parameters
[0.940s] Level 1:colcon.colcon_core.package_discovery:discover_packages(prefix_path) discover
[0.946s] DEBUG:colcon.colcon_installed_package_information.package_discovery:Found 3 installed packages in /home/michael/ros2_unity_ws/install
[0.947s] DEBUG:colcon.colcon_installed_package_information.package_discovery:Found 3 installed packages in /home/michael/ros2_ws/install
[0.951s] DEBUG:colcon.colcon_installed_package_information.package_discovery:Found 327 installed packages in /opt/ros/humble
[0.956s] Level 1:colcon.colcon_core.package_discovery:discover_packages(prefix_path) using defaults
[1.061s] Level 5:colcon.colcon_core.verb:set package 'ros_tcp_endpoint' build argument 'cmake_args' from command line to 'None'
[1.061s] Level 5:colcon.colcon_core.verb:set package 'ros_tcp_endpoint' build argument 'cmake_target' from command line to 'None'
[1.061s] Level 5:colcon.colcon_core.verb:set package 'ros_tcp_endpoint' build argument 'cmake_target_skip_unavailable' from command line to 'False'
[1.061s] Level 5:colcon.colcon_core.verb:set package 'ros_tcp_endpoint' build argument 'cmake_clean_cache' from command line to 'False'
[1.062s] Level 5:colcon.colcon_core.verb:set package 'ros_tcp_endpoint' build argument 'cmake_clean_first' from command line to 'False'
[1.062s] Level 5:colcon.colcon_core.verb:set package 'ros_tcp_endpoint' build argument 'cmake_force_configure' from command line to 'False'
[1.062s] Level 5:colcon.colcon_core.verb:set package 'ros_tcp_endpoint' build argument 'ament_cmake_args' from command line to 'None'
[1.062s] Level 5:colcon.colcon_core.verb:set package 'ros_tcp_endpoint' build argument 'catkin_cmake_args' from command line to 'None'
[1.062s] Level 5:colcon.colcon_core.verb:set package 'ros_tcp_endpoint' build argument 'catkin_skip_building_tests' from command line to 'False'
[1.062s] DEBUG:colcon.colcon_core.verb:Building package 'ros_tcp_endpoint' with the following arguments: {'ament_cmake_args': None, 'build_base': '/home/michael/ros2_unity_ws/build/ros_tcp_endpoint', 'catkin_cmake_args': None, 'catkin_skip_building_tests': False, 'cmake_args': None, 'cmake_clean_cache': False, 'cmake_clean_first': False, 'cmake_force_configure': False, 'cmake_target': None, 'cmake_target_skip_unavailable': False, 'install_base': '/home/michael/ros2_unity_ws/install/ros_tcp_endpoint', 'merge_install': False, 'path': '/home/michael/ros2_unity_ws/src/ROS-TCP-Endpoint', 'symlink_install': True, 'test_result_base': None}
[1.062s] Level 5:colcon.colcon_core.verb:set package 'unity_robotics_demo' build argument 'cmake_args' from command line to 'None'
[1.063s] Level 5:colcon.colcon_core.verb:set package 'unity_robotics_demo' build argument 'cmake_target' from command line to 'None'
[1.063s] Level 5:colcon.colcon_core.verb:set package 'unity_robotics_demo' build argument 'cmake_target_skip_unavailable' from command line to 'False'
[1.063s] Level 5:colcon.colcon_core.verb:set package 'unity_robotics_demo' build argument 'cmake_clean_cache' from command line to 'False'
[1.063s] Level 5:colcon.colcon_core.verb:set package 'unity_robotics_demo' build argument 'cmake_clean_first' from command line to 'False'
[1.063s] Level 5:colcon.colcon_core.verb:set package 'unity_robotics_demo' build argument 'cmake_force_configure' from command line to 'False'
[1.063s] Level 5:colcon.colcon_core.verb:set package 'unity_robotics_demo' build argument 'ament_cmake_args' from command line to 'None'
[1.063s] Level 5:colcon.colcon_core.verb:set package 'unity_robotics_demo' build argument 'catkin_cmake_args' from command line to 'None'
[1.063s] Level 5:colcon.colcon_core.verb:set package 'unity_robotics_demo' build argument 'catkin_skip_building_tests' from command line to 'False'
[1.063s] DEBUG:colcon.colcon_core.verb:Building package 'unity_robotics_demo' with the following arguments: {'ament_cmake_args': None, 'build_base': '/home/michael/ros2_unity_ws/build/unity_robotics_demo', 'catkin_cmake_args': None, 'catkin_skip_building_tests': False, 'cmake_args': None, 'cmake_clean_cache': False, 'cmake_clean_first': False, 'cmake_force_configure': False, 'cmake_target': None, 'cmake_target_skip_unavailable': False, 'install_base': '/home/michael/ros2_unity_ws/install/unity_robotics_demo', 'merge_install': False, 'path': '/home/michael/ros2_unity_ws/src/unity_robotics_demo', 'symlink_install': True, 'test_result_base': None}
[1.064s] Level 5:colcon.colcon_core.verb:set package 'unity_robotics_demo_msgs' build argument 'cmake_args' from command line to 'None'
[1.064s] Level 5:colcon.colcon_core.verb:set package 'unity_robotics_demo_msgs' build argument 'cmake_target' from command line to 'None'
[1.064s] Level 5:colcon.colcon_core.verb:set package 'unity_robotics_demo_msgs' build argument 'cmake_target_skip_unavailable' from command line to 'False'
[1.064s] Level 5:colcon.colcon_core.verb:set package 'unity_robotics_demo_msgs' build argument 'cmake_clean_cache' from command line to 'False'
[1.064s] Level 5:colcon.colcon_core.verb:set package 'unity_robotics_demo_msgs' build argument 'cmake_clean_first' from command line to 'False'
[1.064s] Level 5:colcon.colcon_core.verb:set package 'unity_robotics_demo_msgs' build argument 'cmake_force_configure' from command line to 'False'
[1.064s] Level 5:colcon.colcon_core.verb:set package 'unity_robotics_demo_msgs' build argument 'ament_cmake_args' from command line to 'None'
[1.064s] Level 5:colcon.colcon_core.verb:set package 'unity_robotics_demo_msgs' build argument 'catkin_cmake_args' from command line to 'None'
[1.064s] Level 5:colcon.colcon_core.verb:set package 'unity_robotics_demo_msgs' build argument 'catkin_skip_building_tests' from command line to 'False'
[1.064s] DEBUG:colcon.colcon_core.verb:Building package 'unity_robotics_demo_msgs' with the following arguments: {'ament_cmake_args': None, 'build_base': '/home/michael/ros2_unity_ws/build/unity_robotics_demo_msgs', 'catkin_cmake_args': None, 'catkin_skip_building_tests': False, 'cmake_args': None, 'cmake_clean_cache': False, 'cmake_clean_first': False, 'cmake_force_configure': False, 'cmake_target': None, 'cmake_target_skip_unavailable': False, 'install_base': '/home/michael/ros2_unity_ws/install/unity_robotics_demo_msgs', 'merge_install': False, 'path': '/home/michael/ros2_unity_ws/src/unity_robotics_demo_msgs', 'symlink_install': True, 'test_result_base': None}
[1.064s] INFO:colcon.colcon_core.executor:Executing jobs using 'parallel' executor
[1.066s] DEBUG:colcon.colcon_parallel_executor.executor.parallel:run_until_complete
[1.067s] INFO:colcon.colcon_ros.task.ament_python.build:Building ROS package in '/home/michael/ros2_unity_ws/src/ROS-TCP-Endpoint' with build type 'ament_python'
[1.068s] Level 1:colcon.colcon_core.shell:create_environment_hook('ros_tcp_endpoint', 'ament_prefix_path')
[1.075s] INFO:colcon.colcon_core.plugin_system:Skipping extension 'colcon_core.shell.bat': Not used on non-Windows systems
[1.075s] INFO:colcon.colcon_core.shell:Creating environment hook '/home/michael/ros2_unity_ws/install/ros_tcp_endpoint/share/ros_tcp_endpoint/hook/ament_prefix_path.ps1'
[1.077s] INFO:colcon.colcon_core.shell:Creating environment descriptor '/home/michael/ros2_unity_ws/install/ros_tcp_endpoint/share/ros_tcp_endpoint/hook/ament_prefix_path.dsv'
[1.078s] INFO:colcon.colcon_core.shell:Creating environment hook '/home/michael/ros2_unity_ws/install/ros_tcp_endpoint/share/ros_tcp_endpoint/hook/ament_prefix_path.sh'
[1.080s] INFO:colcon.colcon_core.shell:Skip shell extension 'powershell' for command environment: Not usable outside of PowerShell
[1.080s] DEBUG:colcon.colcon_core.shell:Skip shell extension 'dsv' for command environment
[1.089s] INFO:colcon.colcon_ros.task.ament_python.build:Building ROS package in '/home/michael/ros2_unity_ws/src/unity_robotics_demo' with build type 'ament_python'
[1.089s] Level 1:colcon.colcon_core.shell:create_environment_hook('unity_robotics_demo', 'ament_prefix_path')
[1.090s] INFO:colcon.colcon_core.shell:Creating environment hook '/home/michael/ros2_unity_ws/install/unity_robotics_demo/share/unity_robotics_demo/hook/ament_prefix_path.ps1'
[1.092s] INFO:colcon.colcon_core.shell:Creating environment descriptor '/home/michael/ros2_unity_ws/install/unity_robotics_demo/share/unity_robotics_demo/hook/ament_prefix_path.dsv'
[1.093s] INFO:colcon.colcon_core.shell:Creating environment hook '/home/michael/ros2_unity_ws/install/unity_robotics_demo/share/unity_robotics_demo/hook/ament_prefix_path.sh'
[1.094s] INFO:colcon.colcon_core.shell:Skip shell extension 'powershell' for command environment: Not usable outside of PowerShell
[1.094s] DEBUG:colcon.colcon_core.shell:Skip shell extension 'dsv' for command environment
[1.102s] INFO:colcon.colcon_ros.task.ament_cmake.build:Building ROS package in '/home/michael/ros2_unity_ws/src/unity_robotics_demo_msgs' with build type 'ament_cmake'
[1.103s] INFO:colcon.colcon_cmake.task.cmake.build:Building CMake package in '/home/michael/ros2_unity_ws/src/unity_robotics_demo_msgs'
[1.103s] INFO:colcon.colcon_core.shell:Skip shell extension 'powershell' for command environment: Not usable outside of PowerShell
[1.103s] DEBUG:colcon.colcon_core.shell:Skip shell extension 'dsv' for command environment
[1.866s] INFO:colcon.colcon_core.task.python.build:Building Python package in '/home/michael/ros2_unity_ws/src/ROS-TCP-Endpoint'
[1.867s] INFO:colcon.colcon_core.shell:Skip shell extension 'powershell' for command environment: Not usable outside of PowerShell
[1.867s] DEBUG:colcon.colcon_core.shell:Skip shell extension 'dsv' for command environment
[2.508s] INFO:colcon.colcon_core.task.python.build:Building Python package in '/home/michael/ros2_unity_ws/src/unity_robotics_demo'
[2.509s] INFO:colcon.colcon_core.shell:Skip shell extension 'powershell' for command environment: Not usable outside of PowerShell
[2.509s] DEBUG:colcon.colcon_core.shell:Skip shell extension 'dsv' for command environment
[2.530s] DEBUG:colcon.colcon_core.event_handler.log_command:Invoking command in '/home/michael/ros2_unity_ws/build/unity_robotics_demo_msgs': CMAKE_PREFIX_PATH=${CMAKE_PREFIX_PATH}:/home/michael/ros2_unity_ws/install/unity_robotics_demo:/home/michael/ros2_unity_ws/install/ros_tcp_endpoint:/home/michael/ros2_ws/install/py_pubsub:/opt/ros/humble /usr/bin/cmake --build /home/michael/ros2_unity_ws/build/unity_robotics_demo_msgs -- -j20 -l20
[3.487s] DEBUG:colcon.colcon_core.event_handler.log_command:Invoking command in '/home/michael/ros2_unity_ws/build/ros_tcp_endpoint': PYTHONPATH=/home/michael/ros2_unity_ws/build/ros_tcp_endpoint/prefix_override:/usr/lib/python3/dist-packages/colcon_core/task/python/colcon_distutils_commands:/home/michael/ros2_unity_ws/install/ros_tcp_endpoint/lib/python3.10/site-packages:${PYTHONPATH} /usr/bin/python3 -W ignore:setup.py install is deprecated -W ignore:easy_install command is deprecated setup.py develop --editable --build-directory /home/michael/ros2_unity_ws/build/ros_tcp_endpoint/build --no-deps symlink_data
[3.493s] DEBUG:colcon.colcon_core.event_handler.log_command:Invoking command in '/home/michael/ros2_unity_ws/build/unity_robotics_demo': PYTHONPATH=/home/michael/ros2_unity_ws/build/unity_robotics_demo/prefix_override:/usr/lib/python3/dist-packages/colcon_core/task/python/colcon_distutils_commands:/home/michael/ros2_unity_ws/install/unity_robotics_demo/lib/python3.10/site-packages:${PYTHONPATH} /usr/bin/python3 -W ignore:setup.py install is deprecated -W ignore:easy_install command is deprecated setup.py develop --editable --build-directory /home/michael/ros2_unity_ws/build/unity_robotics_demo/build --no-deps symlink_data
[4.718s] Level 1:colcon.colcon_core.shell:create_environment_hook('ros_tcp_endpoint', 'pythonpath_develop')
[4.719s] INFO:colcon.colcon_core.shell:Creating environment hook '/home/michael/ros2_unity_ws/build/ros_tcp_endpoint/share/ros_tcp_endpoint/hook/pythonpath_develop.ps1'
[4.722s] DEBUG:colcon.colcon_core.event_handler.log_command:Invoked command in '/home/michael/ros2_unity_ws/build/ros_tcp_endpoint' returned '0': PYTHONPATH=/home/michael/ros2_unity_ws/build/ros_tcp_endpoint/prefix_override:/usr/lib/python3/dist-packages/colcon_core/task/python/colcon_distutils_commands:/home/michael/ros2_unity_ws/install/ros_tcp_endpoint/lib/python3.10/site-packages:${PYTHONPATH} /usr/bin/python3 -W ignore:setup.py install is deprecated -W ignore:easy_install command is deprecated setup.py develop --editable --build-directory /home/michael/ros2_unity_ws/build/ros_tcp_endpoint/build --no-deps symlink_data
[4.722s] INFO:colcon.colcon_core.shell:Creating environment descriptor '/home/michael/ros2_unity_ws/build/ros_tcp_endpoint/share/ros_tcp_endpoint/hook/pythonpath_develop.dsv'
[4.723s] INFO:colcon.colcon_core.shell:Creating environment hook '/home/michael/ros2_unity_ws/build/ros_tcp_endpoint/share/ros_tcp_endpoint/hook/pythonpath_develop.sh'
[4.733s] Level 1:colcon.colcon_core.environment:checking '/home/michael/ros2_unity_ws/install/ros_tcp_endpoint' for CMake module files
[4.734s] Level 1:colcon.colcon_core.environment:checking '/home/michael/ros2_unity_ws/install/ros_tcp_endpoint' for CMake config files
[4.736s] Level 1:colcon.colcon_core.environment:checking '/home/michael/ros2_unity_ws/install/ros_tcp_endpoint/lib'
[4.736s] Level 1:colcon.colcon_core.environment:checking '/home/michael/ros2_unity_ws/install/ros_tcp_endpoint/bin'
[4.737s] Level 1:colcon.colcon_core.environment:checking '/home/michael/ros2_unity_ws/install/ros_tcp_endpoint/lib/pkgconfig/ros_tcp_endpoint.pc'
[4.737s] Level 1:colcon.colcon_core.environment:checking '/home/michael/ros2_unity_ws/install/ros_tcp_endpoint/lib/python3.10/site-packages'
[4.737s] Level 1:colcon.colcon_core.shell:create_environment_hook('ros_tcp_endpoint', 'pythonpath')
[4.738s] INFO:colcon.colcon_core.shell:Creating environment hook '/home/michael/ros2_unity_ws/install/ros_tcp_endpoint/share/ros_tcp_endpoint/hook/pythonpath.ps1'
[4.739s] INFO:colcon.colcon_core.shell:Creating environment descriptor '/home/michael/ros2_unity_ws/install/ros_tcp_endpoint/share/ros_tcp_endpoint/hook/pythonpath.dsv'
[4.740s] INFO:colcon.colcon_core.shell:Creating environment hook '/home/michael/ros2_unity_ws/install/ros_tcp_endpoint/share/ros_tcp_endpoint/hook/pythonpath.sh'
[4.742s] Level 1:colcon.colcon_core.environment:checking '/home/michael/ros2_unity_ws/install/ros_tcp_endpoint/bin'
[4.742s] Level 1:colcon.colcon_core.environment:create_environment_scripts_only(ros_tcp_endpoint)
[4.743s] INFO:colcon.colcon_core.shell:Creating package script '/home/michael/ros2_unity_ws/install/ros_tcp_endpoint/share/ros_tcp_endpoint/package.ps1'
[4.745s] INFO:colcon.colcon_core.shell:Creating package descriptor '/home/michael/ros2_unity_ws/install/ros_tcp_endpoint/share/ros_tcp_endpoint/package.dsv'
[4.747s] INFO:colcon.colcon_core.shell:Creating package script '/home/michael/ros2_unity_ws/install/ros_tcp_endpoint/share/ros_tcp_endpoint/package.sh'
[4.750s] INFO:colcon.colcon_core.shell:Creating package script '/home/michael/ros2_unity_ws/install/ros_tcp_endpoint/share/ros_tcp_endpoint/package.bash'
[4.752s] INFO:colcon.colcon_core.shell:Creating package script '/home/michael/ros2_unity_ws/install/ros_tcp_endpoint/share/ros_tcp_endpoint/package.zsh'
[4.754s] Level 1:colcon.colcon_core.environment:create_file_with_runtime_dependencies(/home/michael/ros2_unity_ws/install/ros_tcp_endpoint/share/colcon-core/packages/ros_tcp_endpoint)
[4.757s] Level 1:colcon.colcon_core.shell:create_environment_hook('unity_robotics_demo', 'pythonpath_develop')
[4.758s] INFO:colcon.colcon_core.shell:Creating environment hook '/home/michael/ros2_unity_ws/build/unity_robotics_demo/share/unity_robotics_demo/hook/pythonpath_develop.ps1'
[4.760s] DEBUG:colcon.colcon_core.event_handler.log_command:Invoked command in '/home/michael/ros2_unity_ws/build/unity_robotics_demo' returned '0': PYTHONPATH=/home/michael/ros2_unity_ws/build/unity_robotics_demo/prefix_override:/usr/lib/python3/dist-packages/colcon_core/task/python/colcon_distutils_commands:/home/michael/ros2_unity_ws/install/unity_robotics_demo/lib/python3.10/site-packages:${PYTHONPATH} /usr/bin/python3 -W ignore:setup.py install is deprecated -W ignore:easy_install command is deprecated setup.py develop --editable --build-directory /home/michael/ros2_unity_ws/build/unity_robotics_demo/build --no-deps symlink_data
[4.761s] INFO:colcon.colcon_core.shell:Creating environment descriptor '/home/michael/ros2_unity_ws/build/unity_robotics_demo/share/unity_robotics_demo/hook/pythonpath_develop.dsv'
[4.762s] INFO:colcon.colcon_core.shell:Creating environment hook '/home/michael/ros2_unity_ws/build/unity_robotics_demo/share/unity_robotics_demo/hook/pythonpath_develop.sh'
[4.764s] Level 1:colcon.colcon_core.environment:checking '/home/michael/ros2_unity_ws/install/unity_robotics_demo' for CMake module files
[4.765s] Level 1:colcon.colcon_core.environment:checking '/home/michael/ros2_unity_ws/install/unity_robotics_demo' for CMake config files
[4.766s] Level 1:colcon.colcon_core.environment:checking '/home/michael/ros2_unity_ws/install/unity_robotics_demo/lib'
[4.766s] Level 1:colcon.colcon_core.environment:checking '/home/michael/ros2_unity_ws/install/unity_robotics_demo/bin'
[4.767s] Level 1:colcon.colcon_core.environment:checking '/home/michael/ros2_unity_ws/install/unity_robotics_demo/lib/pkgconfig/unity_robotics_demo.pc'
[4.767s] Level 1:colcon.colcon_core.environment:checking '/home/michael/ros2_unity_ws/install/unity_robotics_demo/lib/python3.10/site-packages'
[4.767s] Level 1:colcon.colcon_core.shell:create_environment_hook('unity_robotics_demo', 'pythonpath')
[4.768s] INFO:colcon.colcon_core.shell:Creating environment hook '/home/michael/ros2_unity_ws/install/unity_robotics_demo/share/unity_robotics_demo/hook/pythonpath.ps1'
[4.769s] INFO:colcon.colcon_core.shell:Creating environment descriptor '/home/michael/ros2_unity_ws/install/unity_robotics_demo/share/unity_robotics_demo/hook/pythonpath.dsv'
[4.769s] INFO:colcon.colcon_core.shell:Creating environment hook '/home/michael/ros2_unity_ws/install/unity_robotics_demo/share/unity_robotics_demo/hook/pythonpath.sh'
[4.771s] Level 1:colcon.colcon_core.environment:checking '/home/michael/ros2_unity_ws/install/unity_robotics_demo/bin'
[4.771s] Level 1:colcon.colcon_core.environment:create_environment_scripts_only(unity_robotics_demo)
[4.772s] INFO:colcon.colcon_core.shell:Creating package script '/home/michael/ros2_unity_ws/install/unity_robotics_demo/share/unity_robotics_demo/package.ps1'
[4.773s] INFO:colcon.colcon_core.shell:Creating package descriptor '/home/michael/ros2_unity_ws/install/unity_robotics_demo/share/unity_robotics_demo/package.dsv'
[4.774s] INFO:colcon.colcon_core.shell:Creating package script '/home/michael/ros2_unity_ws/install/unity_robotics_demo/share/unity_robotics_demo/package.sh'
[4.775s] INFO:colcon.colcon_core.shell:Creating package script '/home/michael/ros2_unity_ws/install/unity_robotics_demo/share/unity_robotics_demo/package.bash'
[4.776s] INFO:colcon.colcon_core.shell:Creating package script '/home/michael/ros2_unity_ws/install/unity_robotics_demo/share/unity_robotics_demo/package.zsh'
[4.777s] Level 1:colcon.colcon_core.environment:create_file_with_runtime_dependencies(/home/michael/ros2_unity_ws/install/unity_robotics_demo/share/colcon-core/packages/unity_robotics_demo)
[8.116s] DEBUG:colcon.colcon_parallel_executor.executor.parallel:run_until_complete was interrupted
[8.116s] DEBUG:colcon.colcon_parallel_executor.executor.parallel:run_until_complete again
[8.125s] DEBUG:colcon.colcon_core.event_handler.log_command:Invoked command in '/home/michael/ros2_unity_ws/build/unity_robotics_demo_msgs' returned '-2': CMAKE_PREFIX_PATH=${CMAKE_PREFIX_PATH}:/home/michael/ros2_unity_ws/install/unity_robotics_demo:/home/michael/ros2_unity_ws/install/ros_tcp_endpoint:/home/michael/ros2_ws/install/py_pubsub:/opt/ros/humble /usr/bin/cmake --build /home/michael/ros2_unity_ws/build/unity_robotics_demo_msgs -- -j20 -l20
[8.127s] Level 1:colcon.colcon_core.environment:create_environment_scripts_only(unity_robotics_demo_msgs)
[8.128s] Level 1:colcon.colcon_core.environment:checking '/home/michael/ros2_unity_ws/install/unity_robotics_demo_msgs' for CMake module files
[8.129s] Level 1:colcon.colcon_core.environment:checking '/home/michael/ros2_unity_ws/install/unity_robotics_demo_msgs' for CMake config files
[8.133s] Level 1:colcon.colcon_core.shell:create_environment_hook('unity_robotics_demo_msgs', 'cmake_prefix_path')
[8.134s] INFO:colcon.colcon_core.shell:Creating environment hook '/home/michael/ros2_unity_ws/install/unity_robotics_demo_msgs/share/unity_robotics_demo_msgs/hook/cmake_prefix_path.ps1'
[8.136s] INFO:colcon.colcon_core.shell:Creating environment descriptor '/home/michael/ros2_unity_ws/install/unity_robotics_demo_msgs/share/unity_robotics_demo_msgs/hook/cmake_prefix_path.dsv'
[8.137s] INFO:colcon.colcon_core.shell:Creating environment hook '/home/michael/ros2_unity_ws/install/unity_robotics_demo_msgs/share/unity_robotics_demo_msgs/hook/cmake_prefix_path.sh'
[8.138s] Level 1:colcon.colcon_core.environment:checking '/home/michael/ros2_unity_ws/install/unity_robotics_demo_msgs/lib'
[8.139s] Level 1:colcon.colcon_core.shell:create_environment_hook('unity_robotics_demo_msgs', 'ld_library_path_lib')
[8.139s] INFO:colcon.colcon_core.shell:Creating environment hook '/home/michael/ros2_unity_ws/install/unity_robotics_demo_msgs/share/unity_robotics_demo_msgs/hook/ld_library_path_lib.ps1'
[8.140s] INFO:colcon.colcon_core.shell:Creating environment descriptor '/home/michael/ros2_unity_ws/install/unity_robotics_demo_msgs/share/unity_robotics_demo_msgs/hook/ld_library_path_lib.dsv'
[8.141s] INFO:colcon.colcon_core.shell:Creating environment hook '/home/michael/ros2_unity_ws/install/unity_robotics_demo_msgs/share/unity_robotics_demo_msgs/hook/ld_library_path_lib.sh'
[8.142s] Level 1:colcon.colcon_core.environment:checking '/home/michael/ros2_unity_ws/install/unity_robotics_demo_msgs/bin'
[8.143s] Level 1:colcon.colcon_core.environment:checking '/home/michael/ros2_unity_ws/install/unity_robotics_demo_msgs/lib/pkgconfig/unity_robotics_demo_msgs.pc'
[8.143s] Level 1:colcon.colcon_core.environment:checking '/home/michael/ros2_unity_ws/install/unity_robotics_demo_msgs/lib/python3.10/site-packages'
[8.144s] Level 1:colcon.colcon_core.environment:checking '/home/michael/ros2_unity_ws/install/unity_robotics_demo_msgs/bin'
[8.145s] INFO:colcon.colcon_core.shell:Creating package script '/home/michael/ros2_unity_ws/install/unity_robotics_demo_msgs/share/unity_robotics_demo_msgs/package.ps1'
[8.146s] INFO:colcon.colcon_core.shell:Creating package descriptor '/home/michael/ros2_unity_ws/install/unity_robotics_demo_msgs/share/unity_robotics_demo_msgs/package.dsv'
[8.147s] INFO:colcon.colcon_core.shell:Creating package script '/home/michael/ros2_unity_ws/install/unity_robotics_demo_msgs/share/unity_robotics_demo_msgs/package.sh'
[8.148s] INFO:colcon.colcon_core.shell:Creating package script '/home/michael/ros2_unity_ws/install/unity_robotics_demo_msgs/share/unity_robotics_demo_msgs/package.bash'
[8.150s] INFO:colcon.colcon_core.shell:Creating package script '/home/michael/ros2_unity_ws/install/unity_robotics_demo_msgs/share/unity_robotics_demo_msgs/package.zsh'
[8.151s] Level 1:colcon.colcon_core.environment:create_file_with_runtime_dependencies(/home/michael/ros2_unity_ws/install/unity_robotics_demo_msgs/share/colcon-core/packages/unity_robotics_demo_msgs)
[8.163s] DEBUG:colcon.colcon_parallel_executor.executor.parallel:run_until_complete finished
[8.163s] DEBUG:colcon.colcon_parallel_executor.executor.parallel:closing loop
[8.163s] DEBUG:colcon.colcon_parallel_executor.executor.parallel:loop closed
[8.163s] DEBUG:colcon.colcon_core.event_reactor:joining thread
[8.180s] INFO:colcon.colcon_core.plugin_system:Skipping extension 'colcon_notification.desktop_notification.terminal_notifier': Not used on non-Darwin systems
[8.180s] INFO:colcon.colcon_core.plugin_system:Skipping extension 'colcon_notification.desktop_notification.win32': Not used on non-Windows systems
[8.180s] INFO:colcon.colcon_notification.desktop_notification:Sending desktop notification using 'notify2'
[8.233s] DEBUG:colcon.colcon_core.event_reactor:joined thread
[8.234s] INFO:colcon.colcon_core.shell:Creating prefix script '/home/michael/ros2_unity_ws/install/local_setup.ps1'
[8.238s] INFO:colcon.colcon_core.shell:Creating prefix util module '/home/michael/ros2_unity_ws/install/_local_setup_util_ps1.py'
[8.243s] INFO:colcon.colcon_core.shell:Creating prefix chain script '/home/michael/ros2_unity_ws/install/setup.ps1'
[8.248s] INFO:colcon.colcon_core.shell:Creating prefix script '/home/michael/ros2_unity_ws/install/local_setup.sh'
[8.250s] INFO:colcon.colcon_core.shell:Creating prefix util module '/home/michael/ros2_unity_ws/install/_local_setup_util_sh.py'
[8.252s] INFO:colcon.colcon_core.shell:Creating prefix chain script '/home/michael/ros2_unity_ws/install/setup.sh'
[8.256s] INFO:colcon.colcon_core.shell:Creating prefix script '/home/michael/ros2_unity_ws/install/local_setup.bash'
[8.259s] INFO:colcon.colcon_core.shell:Creating prefix chain script '/home/michael/ros2_unity_ws/install/setup.bash'
[8.263s] INFO:colcon.colcon_core.shell:Creating prefix script '/home/michael/ros2_unity_ws/install/local_setup.zsh'
[8.265s] INFO:colcon.colcon_core.shell:Creating prefix chain script '/home/michael/ros2_unity_ws/install/setup.zsh'
