[0.879s] Invoking command in '/home/michael/ros2_unity_ws/src/ROS-TCP-Endpoint': PYTHONPATH=/home/michael/ros2_unity_ws/build/ros_tcp_endpoint/prefix_override:/usr/lib/python3/dist-packages/colcon_core/task/python/colcon_distutils_commands:/home/michael/ros2_unity_ws/install/ros_tcp_endpoint/lib/python3.10/site-packages:${PYTHONPATH} /usr/bin/python3 -W ignore:setup.py install is deprecated -W ignore:easy_install command is deprecated setup.py egg_info --egg-base ../../build/ros_tcp_endpoint build --build-base /home/michael/ros2_unity_ws/build/ros_tcp_endpoint/build install --record /home/michael/ros2_unity_ws/build/ros_tcp_endpoint/install.log --single-version-externally-managed install_data
[1.209s] running egg_info
[1.210s] creating ../../build/ros_tcp_endpoint/ros_tcp_endpoint.egg-info
[1.210s] writing ../../build/ros_tcp_endpoint/ros_tcp_endpoint.egg-info/PKG-INFO
[1.210s] writing dependency_links to ../../build/ros_tcp_endpoint/ros_tcp_endpoint.egg-info/dependency_links.txt
[1.211s] writing entry points to ../../build/ros_tcp_endpoint/ros_tcp_endpoint.egg-info/entry_points.txt
[1.211s] writing requirements to ../../build/ros_tcp_endpoint/ros_tcp_endpoint.egg-info/requires.txt
[1.211s] writing top-level names to ../../build/ros_tcp_endpoint/ros_tcp_endpoint.egg-info/top_level.txt
[1.211s] writing manifest file '../../build/ros_tcp_endpoint/ros_tcp_endpoint.egg-info/SOURCES.txt'
[1.213s] reading manifest file '../../build/ros_tcp_endpoint/ros_tcp_endpoint.egg-info/SOURCES.txt'
[1.213s] adding license file 'LICENSE'
[1.214s] writing manifest file '../../build/ros_tcp_endpoint/ros_tcp_endpoint.egg-info/SOURCES.txt'
[1.214s] running build
[1.214s] running build_py
[1.214s] creating /home/michael/ros2_unity_ws/build/ros_tcp_endpoint/build
[1.214s] creating /home/michael/ros2_unity_ws/build/ros_tcp_endpoint/build/lib
[1.215s] creating /home/michael/ros2_unity_ws/build/ros_tcp_endpoint/build/lib/ros_tcp_endpoint
[1.215s] copying ros_tcp_endpoint/unity_service.py -> /home/michael/ros2_unity_ws/build/ros_tcp_endpoint/build/lib/ros_tcp_endpoint
[1.215s] copying ros_tcp_endpoint/__init__.py -> /home/michael/ros2_unity_ws/build/ros_tcp_endpoint/build/lib/ros_tcp_endpoint
[1.215s] copying ros_tcp_endpoint/thread_pauser.py -> /home/michael/ros2_unity_ws/build/ros_tcp_endpoint/build/lib/ros_tcp_endpoint
[1.215s] copying ros_tcp_endpoint/default_server_endpoint.py -> /home/michael/ros2_unity_ws/build/ros_tcp_endpoint/build/lib/ros_tcp_endpoint
[1.215s] copying ros_tcp_endpoint/subscriber.py -> /home/michael/ros2_unity_ws/build/ros_tcp_endpoint/build/lib/ros_tcp_endpoint
[1.215s] copying ros_tcp_endpoint/tcp_sender.py -> /home/michael/ros2_unity_ws/build/ros_tcp_endpoint/build/lib/ros_tcp_endpoint
[1.215s] copying ros_tcp_endpoint/service.py -> /home/michael/ros2_unity_ws/build/ros_tcp_endpoint/build/lib/ros_tcp_endpoint
[1.215s] copying ros_tcp_endpoint/exceptions.py -> /home/michael/ros2_unity_ws/build/ros_tcp_endpoint/build/lib/ros_tcp_endpoint
[1.215s] copying ros_tcp_endpoint/communication.py -> /home/michael/ros2_unity_ws/build/ros_tcp_endpoint/build/lib/ros_tcp_endpoint
[1.215s] copying ros_tcp_endpoint/publisher.py -> /home/michael/ros2_unity_ws/build/ros_tcp_endpoint/build/lib/ros_tcp_endpoint
[1.215s] copying ros_tcp_endpoint/client.py -> /home/michael/ros2_unity_ws/build/ros_tcp_endpoint/build/lib/ros_tcp_endpoint
[1.216s] copying ros_tcp_endpoint/server.py -> /home/michael/ros2_unity_ws/build/ros_tcp_endpoint/build/lib/ros_tcp_endpoint
[1.216s] running install
[1.216s] running install_lib
[1.217s] creating /home/michael/ros2_unity_ws/install/ros_tcp_endpoint/lib/python3.10/site-packages/ros_tcp_endpoint
[1.217s] copying /home/michael/ros2_unity_ws/build/ros_tcp_endpoint/build/lib/ros_tcp_endpoint/unity_service.py -> /home/michael/ros2_unity_ws/install/ros_tcp_endpoint/lib/python3.10/site-packages/ros_tcp_endpoint
[1.217s] copying /home/michael/ros2_unity_ws/build/ros_tcp_endpoint/build/lib/ros_tcp_endpoint/__init__.py -> /home/michael/ros2_unity_ws/install/ros_tcp_endpoint/lib/python3.10/site-packages/ros_tcp_endpoint
[1.217s] copying /home/michael/ros2_unity_ws/build/ros_tcp_endpoint/build/lib/ros_tcp_endpoint/thread_pauser.py -> /home/michael/ros2_unity_ws/install/ros_tcp_endpoint/lib/python3.10/site-packages/ros_tcp_endpoint
[1.217s] copying /home/michael/ros2_unity_ws/build/ros_tcp_endpoint/build/lib/ros_tcp_endpoint/default_server_endpoint.py -> /home/michael/ros2_unity_ws/install/ros_tcp_endpoint/lib/python3.10/site-packages/ros_tcp_endpoint
[1.217s] copying /home/michael/ros2_unity_ws/build/ros_tcp_endpoint/build/lib/ros_tcp_endpoint/subscriber.py -> /home/michael/ros2_unity_ws/install/ros_tcp_endpoint/lib/python3.10/site-packages/ros_tcp_endpoint
[1.217s] copying /home/michael/ros2_unity_ws/build/ros_tcp_endpoint/build/lib/ros_tcp_endpoint/tcp_sender.py -> /home/michael/ros2_unity_ws/install/ros_tcp_endpoint/lib/python3.10/site-packages/ros_tcp_endpoint
[1.218s] copying /home/michael/ros2_unity_ws/build/ros_tcp_endpoint/build/lib/ros_tcp_endpoint/service.py -> /home/michael/ros2_unity_ws/install/ros_tcp_endpoint/lib/python3.10/site-packages/ros_tcp_endpoint
[1.218s] copying /home/michael/ros2_unity_ws/build/ros_tcp_endpoint/build/lib/ros_tcp_endpoint/exceptions.py -> /home/michael/ros2_unity_ws/install/ros_tcp_endpoint/lib/python3.10/site-packages/ros_tcp_endpoint
[1.218s] copying /home/michael/ros2_unity_ws/build/ros_tcp_endpoint/build/lib/ros_tcp_endpoint/communication.py -> /home/michael/ros2_unity_ws/install/ros_tcp_endpoint/lib/python3.10/site-packages/ros_tcp_endpoint
[1.218s] copying /home/michael/ros2_unity_ws/build/ros_tcp_endpoint/build/lib/ros_tcp_endpoint/publisher.py -> /home/michael/ros2_unity_ws/install/ros_tcp_endpoint/lib/python3.10/site-packages/ros_tcp_endpoint
[1.218s] copying /home/michael/ros2_unity_ws/build/ros_tcp_endpoint/build/lib/ros_tcp_endpoint/client.py -> /home/michael/ros2_unity_ws/install/ros_tcp_endpoint/lib/python3.10/site-packages/ros_tcp_endpoint
[1.218s] copying /home/michael/ros2_unity_ws/build/ros_tcp_endpoint/build/lib/ros_tcp_endpoint/server.py -> /home/michael/ros2_unity_ws/install/ros_tcp_endpoint/lib/python3.10/site-packages/ros_tcp_endpoint
[1.218s] byte-compiling /home/michael/ros2_unity_ws/install/ros_tcp_endpoint/lib/python3.10/site-packages/ros_tcp_endpoint/unity_service.py to unity_service.cpython-310.pyc
[1.219s] byte-compiling /home/michael/ros2_unity_ws/install/ros_tcp_endpoint/lib/python3.10/site-packages/ros_tcp_endpoint/__init__.py to __init__.cpython-310.pyc
[1.219s] byte-compiling /home/michael/ros2_unity_ws/install/ros_tcp_endpoint/lib/python3.10/site-packages/ros_tcp_endpoint/thread_pauser.py to thread_pauser.cpython-310.pyc
[1.220s] byte-compiling /home/michael/ros2_unity_ws/install/ros_tcp_endpoint/lib/python3.10/site-packages/ros_tcp_endpoint/default_server_endpoint.py to default_server_endpoint.cpython-310.pyc
[1.220s] byte-compiling /home/michael/ros2_unity_ws/install/ros_tcp_endpoint/lib/python3.10/site-packages/ros_tcp_endpoint/subscriber.py to subscriber.cpython-310.pyc
[1.221s] byte-compiling /home/michael/ros2_unity_ws/install/ros_tcp_endpoint/lib/python3.10/site-packages/ros_tcp_endpoint/tcp_sender.py to tcp_sender.cpython-310.pyc
[1.223s] byte-compiling /home/michael/ros2_unity_ws/install/ros_tcp_endpoint/lib/python3.10/site-packages/ros_tcp_endpoint/service.py to service.cpython-310.pyc
[1.224s] byte-compiling /home/michael/ros2_unity_ws/install/ros_tcp_endpoint/lib/python3.10/site-packages/ros_tcp_endpoint/exceptions.py to exceptions.cpython-310.pyc
[1.224s] byte-compiling /home/michael/ros2_unity_ws/install/ros_tcp_endpoint/lib/python3.10/site-packages/ros_tcp_endpoint/communication.py to communication.cpython-310.pyc
[1.224s] byte-compiling /home/michael/ros2_unity_ws/install/ros_tcp_endpoint/lib/python3.10/site-packages/ros_tcp_endpoint/publisher.py to publisher.cpython-310.pyc
[1.225s] byte-compiling /home/michael/ros2_unity_ws/install/ros_tcp_endpoint/lib/python3.10/site-packages/ros_tcp_endpoint/client.py to client.cpython-310.pyc
[1.226s] byte-compiling /home/michael/ros2_unity_ws/install/ros_tcp_endpoint/lib/python3.10/site-packages/ros_tcp_endpoint/server.py to server.cpython-310.pyc
[1.229s] running install_data
[1.229s] creating /home/michael/ros2_unity_ws/install/ros_tcp_endpoint/share/ament_index
[1.229s] creating /home/michael/ros2_unity_ws/install/ros_tcp_endpoint/share/ament_index/resource_index
[1.229s] creating /home/michael/ros2_unity_ws/install/ros_tcp_endpoint/share/ament_index/resource_index/packages
[1.229s] copying resource/ros_tcp_endpoint -> /home/michael/ros2_unity_ws/install/ros_tcp_endpoint/share/ament_index/resource_index/packages
[1.230s] copying package.xml -> /home/michael/ros2_unity_ws/install/ros_tcp_endpoint/share/ros_tcp_endpoint
[1.230s] running install_egg_info
[1.233s] Copying ../../build/ros_tcp_endpoint/ros_tcp_endpoint.egg-info to /home/michael/ros2_unity_ws/install/ros_tcp_endpoint/lib/python3.10/site-packages/ros_tcp_endpoint-0.0.1-py3.10.egg-info
[1.234s] running install_scripts
[1.268s] Installing default_server_endpoint script to /home/michael/ros2_unity_ws/install/ros_tcp_endpoint/lib/ros_tcp_endpoint
[1.268s] writing list of installed files to '/home/michael/ros2_unity_ws/build/ros_tcp_endpoint/install.log'
[1.299s] Invoked command in '/home/michael/ros2_unity_ws/src/ROS-TCP-Endpoint' returned '0': PYTHONPATH=/home/michael/ros2_unity_ws/build/ros_tcp_endpoint/prefix_override:/usr/lib/python3/dist-packages/colcon_core/task/python/colcon_distutils_commands:/home/michael/ros2_unity_ws/install/ros_tcp_endpoint/lib/python3.10/site-packages:${PYTHONPATH} /usr/bin/python3 -W ignore:setup.py install is deprecated -W ignore:easy_install command is deprecated setup.py egg_info --egg-base ../../build/ros_tcp_endpoint build --build-base /home/michael/ros2_unity_ws/build/ros_tcp_endpoint/build install --record /home/michael/ros2_unity_ws/build/ros_tcp_endpoint/install.log --single-version-externally-managed install_data
