[1.741s] Invoking command in '/home/michael/ros2_unity_ws/src/ROS-TCP-Endpoint': PYTHONPATH=/home/michael/ros2_unity_ws/build/ros_tcp_endpoint/prefix_override:/usr/lib/python3/dist-packages/colcon_core/task/python/colcon_distutils_commands:/home/michael/ros2_unity_ws/install/ros_tcp_endpoint/lib/python3.10/site-packages:${PYTHONPATH} /usr/bin/python3 -W ignore:setup.py install is deprecated -W ignore:easy_install command is deprecated setup.py egg_info --egg-base ../../build/ros_tcp_endpoint build --build-base /home/michael/ros2_unity_ws/build/ros_tcp_endpoint/build install --record /home/michael/ros2_unity_ws/build/ros_tcp_endpoint/install.log --single-version-externally-managed install_data
[2.258s] running egg_info
[2.261s] writing ../../build/ros_tcp_endpoint/ros_tcp_endpoint.egg-info/PKG-INFO
[2.261s] writing dependency_links to ../../build/ros_tcp_endpoint/ros_tcp_endpoint.egg-info/dependency_links.txt
[2.261s] writing entry points to ../../build/ros_tcp_endpoint/ros_tcp_endpoint.egg-info/entry_points.txt
[2.261s] writing requirements to ../../build/ros_tcp_endpoint/ros_tcp_endpoint.egg-info/requires.txt
[2.261s] writing top-level names to ../../build/ros_tcp_endpoint/ros_tcp_endpoint.egg-info/top_level.txt
[2.265s] reading manifest file '../../build/ros_tcp_endpoint/ros_tcp_endpoint.egg-info/SOURCES.txt'
[2.265s] adding license file 'LICENSE'
[2.266s] writing manifest file '../../build/ros_tcp_endpoint/ros_tcp_endpoint.egg-info/SOURCES.txt'
[2.266s] running build
[2.266s] running build_py
[2.268s] running install
[2.269s] running install_lib
[2.272s] running install_data
[2.272s] running install_egg_info
[2.280s] removing '/home/michael/ros2_unity_ws/install/ros_tcp_endpoint/lib/python3.10/site-packages/ros_tcp_endpoint-0.0.1-py3.10.egg-info' (and everything under it)
[2.280s] Copying ../../build/ros_tcp_endpoint/ros_tcp_endpoint.egg-info to /home/michael/ros2_unity_ws/install/ros_tcp_endpoint/lib/python3.10/site-packages/ros_tcp_endpoint-0.0.1-py3.10.egg-info
[2.282s] running install_scripts
[2.319s] Installing default_server_endpoint script to /home/michael/ros2_unity_ws/install/ros_tcp_endpoint/lib/ros_tcp_endpoint
[2.320s] writing list of installed files to '/home/michael/ros2_unity_ws/build/ros_tcp_endpoint/install.log'
[2.363s] Invoked command in '/home/michael/ros2_unity_ws/src/ROS-TCP-Endpoint' returned '0': PYTHONPATH=/home/michael/ros2_unity_ws/build/ros_tcp_endpoint/prefix_override:/usr/lib/python3/dist-packages/colcon_core/task/python/colcon_distutils_commands:/home/michael/ros2_unity_ws/install/ros_tcp_endpoint/lib/python3.10/site-packages:${PYTHONPATH} /usr/bin/python3 -W ignore:setup.py install is deprecated -W ignore:easy_install command is deprecated setup.py egg_info --egg-base ../../build/ros_tcp_endpoint build --build-base /home/michael/ros2_unity_ws/build/ros_tcp_endpoint/build install --record /home/michael/ros2_unity_ws/build/ros_tcp_endpoint/install.log --single-version-externally-managed install_data
