[1.125s] Invoking command in '/home/michael/ros2_unity_ws/build/ros_tcp_endpoint': PYTHONPATH=/home/michael/ros2_unity_ws/build/ros_tcp_endpoint/prefix_override:/usr/lib/python3/dist-packages/colcon_core/task/python/colcon_distutils_commands:/home/michael/ros2_unity_ws/install/ros_tcp_endpoint/lib/python3.10/site-packages:${PYTHONPATH} /usr/bin/python3 -W ignore:setup.py install is deprecated -W ignore:easy_install command is deprecated setup.py develop --editable --build-directory /home/michael/ros2_unity_ws/build/ros_tcp_endpoint/build --no-deps symlink_data
[1.505s] running develop
[1.722s] running egg_info
[1.722s] creating ros_tcp_endpoint.egg-info
[1.723s] writing ros_tcp_endpoint.egg-info/PKG-INFO
[1.723s] writing dependency_links to ros_tcp_endpoint.egg-info/dependency_links.txt
[1.724s] writing entry points to ros_tcp_endpoint.egg-info/entry_points.txt
[1.724s] writing requirements to ros_tcp_endpoint.egg-info/requires.txt
[1.724s] writing top-level names to ros_tcp_endpoint.egg-info/top_level.txt
[1.724s] writing manifest file 'ros_tcp_endpoint.egg-info/SOURCES.txt'
[1.725s] reading manifest file 'ros_tcp_endpoint.egg-info/SOURCES.txt'
[1.726s] writing manifest file 'ros_tcp_endpoint.egg-info/SOURCES.txt'
[1.728s] running build_ext
[1.729s] Creating /home/michael/ros2_unity_ws/install/ros_tcp_endpoint/lib/python3.10/site-packages/ros-tcp-endpoint.egg-link (link to .)
[1.730s] Installing default_server_endpoint script to /home/michael/ros2_unity_ws/install/ros_tcp_endpoint/lib/ros_tcp_endpoint
[1.730s] 
[1.730s] Installed /home/michael/ros2_unity_ws/build/ros_tcp_endpoint
[1.730s] running symlink_data
[1.730s] creating /home/michael/ros2_unity_ws/install/ros_tcp_endpoint/share/ament_index
[1.731s] creating /home/michael/ros2_unity_ws/install/ros_tcp_endpoint/share/ament_index/resource_index
[1.731s] creating /home/michael/ros2_unity_ws/install/ros_tcp_endpoint/share/ament_index/resource_index/packages
[1.731s] symbolically linking /home/michael/ros2_unity_ws/build/ros_tcp_endpoint/resource/ros_tcp_endpoint -> /home/michael/ros2_unity_ws/install/ros_tcp_endpoint/share/ament_index/resource_index/packages
[1.731s] symbolically linking /home/michael/ros2_unity_ws/build/ros_tcp_endpoint/package.xml -> /home/michael/ros2_unity_ws/install/ros_tcp_endpoint/share/ros_tcp_endpoint
[1.731s] creating /home/michael/ros2_unity_ws/install/ros_tcp_endpoint/share/ros_tcp_endpoint/launch
[1.732s] symbolically linking /home/michael/ros2_unity_ws/build/ros_tcp_endpoint/launch/endpoint.py -> /home/michael/ros2_unity_ws/install/ros_tcp_endpoint/share/ros_tcp_endpoint/launch
[1.799s] Invoked command in '/home/michael/ros2_unity_ws/build/ros_tcp_endpoint' returned '0': PYTHONPATH=/home/michael/ros2_unity_ws/build/ros_tcp_endpoint/prefix_override:/usr/lib/python3/dist-packages/colcon_core/task/python/colcon_distutils_commands:/home/michael/ros2_unity_ws/install/ros_tcp_endpoint/lib/python3.10/site-packages:${PYTHONPATH} /usr/bin/python3 -W ignore:setup.py install is deprecated -W ignore:easy_install command is deprecated setup.py develop --editable --build-directory /home/michael/ros2_unity_ws/build/ros_tcp_endpoint/build --no-deps symlink_data
