[0.161s] DEBUG:colcon:Command line arguments: ['/usr/bin/colcon', 'build']
[0.161s] DEBUG:colcon:Parsed command line arguments: Namespace(log_base=None, log_level=None, verb_name='build', build_base='build', install_base='install', merge_install=False, symlink_install=False, test_result_base=None, continue_on_error=False, executor='parallel', parallel_workers=20, event_handlers=None, ignore_user_meta=False, metas=['./colcon.meta'], base_paths=['.'], packages_ignore=None, packages_ignore_regex=None, paths=None, packages_up_to=None, packages_up_to_regex=None, packages_above=None, packages_above_and_dependencies=None, packages_above_depth=None, packages_select_by_dep=None, packages_skip_by_dep=None, packages_skip_up_to=None, packages_select_build_failed=False, packages_skip_build_finished=False, packages_select_test_failures=False, packages_skip_test_passed=False, packages_select=None, packages_skip=None, packages_select_regex=None, packages_skip_regex=None, packages_start=None, packages_end=None, allow_overriding=[], cmake_args=None, cmake_target=None, cmake_target_skip_unavailable=False, cmake_clean_cache=False, cmake_clean_first=False, cmake_force_configure=False, ament_cmake_args=None, catkin_cmake_args=None, catkin_skip_building_tests=False, verb_parser=<colcon_defaults.argument_parser.defaults.DefaultArgumentsDecorator object at 0x7a9f852cd990>, verb_extension=<colcon_core.verb.build.BuildVerb object at 0x7a9f854caf50>, main=<bound method BuildVerb.main of <colcon_core.verb.build.BuildVerb object at 0x7a9f854caf50>>)
[0.392s] Level 1:colcon.colcon_core.package_discovery:discover_packages(colcon_meta) check parameters
[0.392s] Level 1:colcon.colcon_core.package_discovery:discover_packages(recursive) check parameters
[0.393s] Level 1:colcon.colcon_core.package_discovery:discover_packages(ignore) check parameters
[0.393s] Level 1:colcon.colcon_core.package_discovery:discover_packages(path) check parameters
[0.393s] Level 1:colcon.colcon_core.package_discovery:discover_packages(colcon_meta) discover
[0.393s] Level 1:colcon.colcon_core.package_discovery:discover_packages(recursive) discover
[0.393s] INFO:colcon.colcon_core.package_discovery:Crawling recursively for packages in '/home/michael/ros2_unity_ws'
[0.393s] Level 1:colcon.colcon_core.package_identification:_identify(.) by extensions ['ignore', 'ignore_ament_install']
[0.393s] Level 1:colcon.colcon_core.package_identification:_identify(.) by extension 'ignore'
[0.393s] Level 1:colcon.colcon_core.package_identification:_identify(.) by extension 'ignore_ament_install'
[0.393s] Level 1:colcon.colcon_core.package_identification:_identify(.) by extensions ['colcon_pkg']
[0.393s] Level 1:colcon.colcon_core.package_identification:_identify(.) by extension 'colcon_pkg'
[0.393s] Level 1:colcon.colcon_core.package_identification:_identify(.) by extensions ['colcon_meta']
[0.393s] Level 1:colcon.colcon_core.package_identification:_identify(.) by extension 'colcon_meta'
[0.393s] Level 1:colcon.colcon_core.package_identification:_identify(.) by extensions ['ros']
[0.393s] Level 1:colcon.colcon_core.package_identification:_identify(.) by extension 'ros'
[0.420s] Level 1:colcon.colcon_core.package_identification:_identify(.) by extensions ['cmake', 'python']
[0.420s] Level 1:colcon.colcon_core.package_identification:_identify(.) by extension 'cmake'
[0.420s] Level 1:colcon.colcon_core.package_identification:_identify(.) by extension 'python'
[0.420s] Level 1:colcon.colcon_core.package_identification:_identify(.) by extensions ['python_setup_py']
[0.420s] Level 1:colcon.colcon_core.package_identification:_identify(.) by extension 'python_setup_py'
[0.421s] Level 1:colcon.colcon_core.package_identification:_identify(build) by extensions ['ignore', 'ignore_ament_install']
[0.421s] Level 1:colcon.colcon_core.package_identification:_identify(build) by extension 'ignore'
[0.421s] Level 1:colcon.colcon_core.package_identification:_identify(build) ignored
[0.421s] Level 1:colcon.colcon_core.package_identification:_identify(install) by extensions ['ignore', 'ignore_ament_install']
[0.421s] Level 1:colcon.colcon_core.package_identification:_identify(install) by extension 'ignore'
[0.421s] Level 1:colcon.colcon_core.package_identification:_identify(install) ignored
[0.422s] Level 1:colcon.colcon_core.package_identification:_identify(log) by extensions ['ignore', 'ignore_ament_install']
[0.422s] Level 1:colcon.colcon_core.package_identification:_identify(log) by extension 'ignore'
[0.422s] Level 1:colcon.colcon_core.package_identification:_identify(log) ignored
[0.422s] Level 1:colcon.colcon_core.package_identification:_identify(src) by extensions ['ignore', 'ignore_ament_install']
[0.422s] Level 1:colcon.colcon_core.package_identification:_identify(src) by extension 'ignore'
[0.422s] Level 1:colcon.colcon_core.package_identification:_identify(src) by extension 'ignore_ament_install'
[0.422s] Level 1:colcon.colcon_core.package_identification:_identify(src) by extensions ['colcon_pkg']
[0.422s] Level 1:colcon.colcon_core.package_identification:_identify(src) by extension 'colcon_pkg'
[0.422s] Level 1:colcon.colcon_core.package_identification:_identify(src) by extensions ['colcon_meta']
[0.423s] Level 1:colcon.colcon_core.package_identification:_identify(src) by extension 'colcon_meta'
[0.423s] Level 1:colcon.colcon_core.package_identification:_identify(src) by extensions ['ros']
[0.423s] Level 1:colcon.colcon_core.package_identification:_identify(src) by extension 'ros'
[0.423s] Level 1:colcon.colcon_core.package_identification:_identify(src) by extensions ['cmake', 'python']
[0.423s] Level 1:colcon.colcon_core.package_identification:_identify(src) by extension 'cmake'
[0.423s] Level 1:colcon.colcon_core.package_identification:_identify(src) by extension 'python'
[0.423s] Level 1:colcon.colcon_core.package_identification:_identify(src) by extensions ['python_setup_py']
[0.423s] Level 1:colcon.colcon_core.package_identification:_identify(src) by extension 'python_setup_py'
[0.423s] Level 1:colcon.colcon_core.package_identification:_identify(src/ROS-TCP-Endpoint) by extensions ['ignore', 'ignore_ament_install']
[0.423s] Level 1:colcon.colcon_core.package_identification:_identify(src/ROS-TCP-Endpoint) by extension 'ignore'
[0.424s] Level 1:colcon.colcon_core.package_identification:_identify(src/ROS-TCP-Endpoint) by extension 'ignore_ament_install'
[0.424s] Level 1:colcon.colcon_core.package_identification:_identify(src/ROS-TCP-Endpoint) by extensions ['colcon_pkg']
[0.424s] Level 1:colcon.colcon_core.package_identification:_identify(src/ROS-TCP-Endpoint) by extension 'colcon_pkg'
[0.424s] Level 1:colcon.colcon_core.package_identification:_identify(src/ROS-TCP-Endpoint) by extensions ['colcon_meta']
[0.424s] Level 1:colcon.colcon_core.package_identification:_identify(src/ROS-TCP-Endpoint) by extension 'colcon_meta'
[0.424s] Level 1:colcon.colcon_core.package_identification:_identify(src/ROS-TCP-Endpoint) by extensions ['ros']
[0.424s] Level 1:colcon.colcon_core.package_identification:_identify(src/ROS-TCP-Endpoint) by extension 'ros'
[0.431s] DEBUG:colcon.colcon_core.package_identification:Package 'src/ROS-TCP-Endpoint' with type 'ros.ament_python' and name 'ros_tcp_endpoint'
[0.431s] Level 1:colcon.colcon_core.package_identification:_identify(src/unity_robotics_demo) by extensions ['ignore', 'ignore_ament_install']
[0.431s] Level 1:colcon.colcon_core.package_identification:_identify(src/unity_robotics_demo) by extension 'ignore'
[0.431s] Level 1:colcon.colcon_core.package_identification:_identify(src/unity_robotics_demo) by extension 'ignore_ament_install'
[0.431s] Level 1:colcon.colcon_core.package_identification:_identify(src/unity_robotics_demo) by extensions ['colcon_pkg']
[0.431s] Level 1:colcon.colcon_core.package_identification:_identify(src/unity_robotics_demo) by extension 'colcon_pkg'
[0.432s] Level 1:colcon.colcon_core.package_identification:_identify(src/unity_robotics_demo) by extensions ['colcon_meta']
[0.432s] Level 1:colcon.colcon_core.package_identification:_identify(src/unity_robotics_demo) by extension 'colcon_meta'
[0.432s] Level 1:colcon.colcon_core.package_identification:_identify(src/unity_robotics_demo) by extensions ['ros']
[0.432s] Level 1:colcon.colcon_core.package_identification:_identify(src/unity_robotics_demo) by extension 'ros'
[0.433s] DEBUG:colcon.colcon_core.package_identification:Package 'src/unity_robotics_demo' with type 'ros.ament_python' and name 'unity_robotics_demo'
[0.433s] Level 1:colcon.colcon_core.package_identification:_identify(src/unity_robotics_demo_msgs) by extensions ['ignore', 'ignore_ament_install']
[0.433s] Level 1:colcon.colcon_core.package_identification:_identify(src/unity_robotics_demo_msgs) by extension 'ignore'
[0.433s] Level 1:colcon.colcon_core.package_identification:_identify(src/unity_robotics_demo_msgs) by extension 'ignore_ament_install'
[0.433s] Level 1:colcon.colcon_core.package_identification:_identify(src/unity_robotics_demo_msgs) by extensions ['colcon_pkg']
[0.433s] Level 1:colcon.colcon_core.package_identification:_identify(src/unity_robotics_demo_msgs) by extension 'colcon_pkg'
[0.433s] Level 1:colcon.colcon_core.package_identification:_identify(src/unity_robotics_demo_msgs) by extensions ['colcon_meta']
[0.433s] Level 1:colcon.colcon_core.package_identification:_identify(src/unity_robotics_demo_msgs) by extension 'colcon_meta'
[0.433s] Level 1:colcon.colcon_core.package_identification:_identify(src/unity_robotics_demo_msgs) by extensions ['ros']
[0.434s] Level 1:colcon.colcon_core.package_identification:_identify(src/unity_robotics_demo_msgs) by extension 'ros'
[0.434s] DEBUG:colcon.colcon_core.package_identification:Package 'src/unity_robotics_demo_msgs' with type 'ros.ament_cmake' and name 'unity_robotics_demo_msgs'
[0.434s] Level 1:colcon.colcon_core.package_discovery:discover_packages(recursive) using defaults
[0.434s] Level 1:colcon.colcon_core.package_discovery:discover_packages(ignore) discover
[0.434s] Level 1:colcon.colcon_core.package_discovery:discover_packages(ignore) using defaults
[0.435s] Level 1:colcon.colcon_core.package_discovery:discover_packages(path) discover
[0.435s] Level 1:colcon.colcon_core.package_discovery:discover_packages(path) using defaults
[0.474s] Level 1:colcon.colcon_core.package_discovery:discover_packages(prefix_path) check parameters
[0.474s] Level 1:colcon.colcon_core.package_discovery:discover_packages(prefix_path) discover
[0.476s] DEBUG:colcon.colcon_installed_package_information.package_discovery:Found 3 installed packages in /home/michael/ros2_unity_ws/install
[0.478s] DEBUG:colcon.colcon_installed_package_information.package_discovery:Found 328 installed packages in /opt/ros/humble
[0.479s] Level 1:colcon.colcon_core.package_discovery:discover_packages(prefix_path) using defaults
[0.544s] Level 5:colcon.colcon_core.verb:set package 'ros_tcp_endpoint' build argument 'cmake_args' from command line to 'None'
[0.544s] Level 5:colcon.colcon_core.verb:set package 'ros_tcp_endpoint' build argument 'cmake_target' from command line to 'None'
[0.544s] Level 5:colcon.colcon_core.verb:set package 'ros_tcp_endpoint' build argument 'cmake_target_skip_unavailable' from command line to 'False'
[0.544s] Level 5:colcon.colcon_core.verb:set package 'ros_tcp_endpoint' build argument 'cmake_clean_cache' from command line to 'False'
[0.544s] Level 5:colcon.colcon_core.verb:set package 'ros_tcp_endpoint' build argument 'cmake_clean_first' from command line to 'False'
[0.544s] Level 5:colcon.colcon_core.verb:set package 'ros_tcp_endpoint' build argument 'cmake_force_configure' from command line to 'False'
[0.544s] Level 5:colcon.colcon_core.verb:set package 'ros_tcp_endpoint' build argument 'ament_cmake_args' from command line to 'None'
[0.544s] Level 5:colcon.colcon_core.verb:set package 'ros_tcp_endpoint' build argument 'catkin_cmake_args' from command line to 'None'
[0.544s] Level 5:colcon.colcon_core.verb:set package 'ros_tcp_endpoint' build argument 'catkin_skip_building_tests' from command line to 'False'
[0.544s] DEBUG:colcon.colcon_core.verb:Building package 'ros_tcp_endpoint' with the following arguments: {'ament_cmake_args': None, 'build_base': '/home/michael/ros2_unity_ws/build/ros_tcp_endpoint', 'catkin_cmake_args': None, 'catkin_skip_building_tests': False, 'cmake_args': None, 'cmake_clean_cache': False, 'cmake_clean_first': False, 'cmake_force_configure': False, 'cmake_target': None, 'cmake_target_skip_unavailable': False, 'install_base': '/home/michael/ros2_unity_ws/install/ros_tcp_endpoint', 'merge_install': False, 'path': '/home/michael/ros2_unity_ws/src/ROS-TCP-Endpoint', 'symlink_install': False, 'test_result_base': None}
[0.545s] Level 5:colcon.colcon_core.verb:set package 'unity_robotics_demo' build argument 'cmake_args' from command line to 'None'
[0.545s] Level 5:colcon.colcon_core.verb:set package 'unity_robotics_demo' build argument 'cmake_target' from command line to 'None'
[0.545s] Level 5:colcon.colcon_core.verb:set package 'unity_robotics_demo' build argument 'cmake_target_skip_unavailable' from command line to 'False'
[0.545s] Level 5:colcon.colcon_core.verb:set package 'unity_robotics_demo' build argument 'cmake_clean_cache' from command line to 'False'
[0.545s] Level 5:colcon.colcon_core.verb:set package 'unity_robotics_demo' build argument 'cmake_clean_first' from command line to 'False'
[0.545s] Level 5:colcon.colcon_core.verb:set package 'unity_robotics_demo' build argument 'cmake_force_configure' from command line to 'False'
[0.545s] Level 5:colcon.colcon_core.verb:set package 'unity_robotics_demo' build argument 'ament_cmake_args' from command line to 'None'
[0.545s] Level 5:colcon.colcon_core.verb:set package 'unity_robotics_demo' build argument 'catkin_cmake_args' from command line to 'None'
[0.545s] Level 5:colcon.colcon_core.verb:set package 'unity_robotics_demo' build argument 'catkin_skip_building_tests' from command line to 'False'
[0.545s] DEBUG:colcon.colcon_core.verb:Building package 'unity_robotics_demo' with the following arguments: {'ament_cmake_args': None, 'build_base': '/home/michael/ros2_unity_ws/build/unity_robotics_demo', 'catkin_cmake_args': None, 'catkin_skip_building_tests': False, 'cmake_args': None, 'cmake_clean_cache': False, 'cmake_clean_first': False, 'cmake_force_configure': False, 'cmake_target': None, 'cmake_target_skip_unavailable': False, 'install_base': '/home/michael/ros2_unity_ws/install/unity_robotics_demo', 'merge_install': False, 'path': '/home/michael/ros2_unity_ws/src/unity_robotics_demo', 'symlink_install': False, 'test_result_base': None}
[0.545s] Level 5:colcon.colcon_core.verb:set package 'unity_robotics_demo_msgs' build argument 'cmake_args' from command line to 'None'
[0.545s] Level 5:colcon.colcon_core.verb:set package 'unity_robotics_demo_msgs' build argument 'cmake_target' from command line to 'None'
[0.545s] Level 5:colcon.colcon_core.verb:set package 'unity_robotics_demo_msgs' build argument 'cmake_target_skip_unavailable' from command line to 'False'
[0.545s] Level 5:colcon.colcon_core.verb:set package 'unity_robotics_demo_msgs' build argument 'cmake_clean_cache' from command line to 'False'
[0.545s] Level 5:colcon.colcon_core.verb:set package 'unity_robotics_demo_msgs' build argument 'cmake_clean_first' from command line to 'False'
[0.545s] Level 5:colcon.colcon_core.verb:set package 'unity_robotics_demo_msgs' build argument 'cmake_force_configure' from command line to 'False'
[0.545s] Level 5:colcon.colcon_core.verb:set package 'unity_robotics_demo_msgs' build argument 'ament_cmake_args' from command line to 'None'
[0.545s] Level 5:colcon.colcon_core.verb:set package 'unity_robotics_demo_msgs' build argument 'catkin_cmake_args' from command line to 'None'
[0.545s] Level 5:colcon.colcon_core.verb:set package 'unity_robotics_demo_msgs' build argument 'catkin_skip_building_tests' from command line to 'False'
[0.546s] DEBUG:colcon.colcon_core.verb:Building package 'unity_robotics_demo_msgs' with the following arguments: {'ament_cmake_args': None, 'build_base': '/home/michael/ros2_unity_ws/build/unity_robotics_demo_msgs', 'catkin_cmake_args': None, 'catkin_skip_building_tests': False, 'cmake_args': None, 'cmake_clean_cache': False, 'cmake_clean_first': False, 'cmake_force_configure': False, 'cmake_target': None, 'cmake_target_skip_unavailable': False, 'install_base': '/home/michael/ros2_unity_ws/install/unity_robotics_demo_msgs', 'merge_install': False, 'path': '/home/michael/ros2_unity_ws/src/unity_robotics_demo_msgs', 'symlink_install': False, 'test_result_base': None}
[0.546s] INFO:colcon.colcon_core.executor:Executing jobs using 'parallel' executor
[0.547s] DEBUG:colcon.colcon_parallel_executor.executor.parallel:run_until_complete
[0.548s] INFO:colcon.colcon_ros.task.ament_python.build:Building ROS package in '/home/michael/ros2_unity_ws/src/ROS-TCP-Endpoint' with build type 'ament_python'
[0.548s] Level 1:colcon.colcon_core.shell:create_environment_hook('ros_tcp_endpoint', 'ament_prefix_path')
[0.550s] INFO:colcon.colcon_core.plugin_system:Skipping extension 'colcon_core.shell.bat': Not used on non-Windows systems
[0.550s] INFO:colcon.colcon_core.shell:Creating environment hook '/home/michael/ros2_unity_ws/install/ros_tcp_endpoint/share/ros_tcp_endpoint/hook/ament_prefix_path.ps1'
[0.551s] INFO:colcon.colcon_core.shell:Creating environment descriptor '/home/michael/ros2_unity_ws/install/ros_tcp_endpoint/share/ros_tcp_endpoint/hook/ament_prefix_path.dsv'
[0.552s] INFO:colcon.colcon_core.shell:Creating environment hook '/home/michael/ros2_unity_ws/install/ros_tcp_endpoint/share/ros_tcp_endpoint/hook/ament_prefix_path.sh'
[0.553s] INFO:colcon.colcon_core.shell:Skip shell extension 'powershell' for command environment: Not usable outside of PowerShell
[0.553s] DEBUG:colcon.colcon_core.shell:Skip shell extension 'dsv' for command environment
[0.557s] INFO:colcon.colcon_ros.task.ament_python.build:Building ROS package in '/home/michael/ros2_unity_ws/src/unity_robotics_demo' with build type 'ament_python'
[0.558s] Level 1:colcon.colcon_core.shell:create_environment_hook('unity_robotics_demo', 'ament_prefix_path')
[0.558s] INFO:colcon.colcon_core.shell:Creating environment hook '/home/michael/ros2_unity_ws/install/unity_robotics_demo/share/unity_robotics_demo/hook/ament_prefix_path.ps1'
[0.558s] INFO:colcon.colcon_core.shell:Creating environment descriptor '/home/michael/ros2_unity_ws/install/unity_robotics_demo/share/unity_robotics_demo/hook/ament_prefix_path.dsv'
[0.559s] INFO:colcon.colcon_core.shell:Creating environment hook '/home/michael/ros2_unity_ws/install/unity_robotics_demo/share/unity_robotics_demo/hook/ament_prefix_path.sh'
[0.560s] INFO:colcon.colcon_core.shell:Skip shell extension 'powershell' for command environment: Not usable outside of PowerShell
[0.560s] DEBUG:colcon.colcon_core.shell:Skip shell extension 'dsv' for command environment
[0.564s] INFO:colcon.colcon_ros.task.ament_cmake.build:Building ROS package in '/home/michael/ros2_unity_ws/src/unity_robotics_demo_msgs' with build type 'ament_cmake'
[0.564s] INFO:colcon.colcon_cmake.task.cmake.build:Building CMake package in '/home/michael/ros2_unity_ws/src/unity_robotics_demo_msgs'
[0.565s] INFO:colcon.colcon_core.shell:Skip shell extension 'powershell' for command environment: Not usable outside of PowerShell
[0.565s] DEBUG:colcon.colcon_core.shell:Skip shell extension 'dsv' for command environment
[0.969s] INFO:colcon.colcon_core.task.python.build:Building Python package in '/home/michael/ros2_unity_ws/src/ROS-TCP-Endpoint'
[0.969s] INFO:colcon.colcon_core.shell:Skip shell extension 'powershell' for command environment: Not usable outside of PowerShell
[0.970s] DEBUG:colcon.colcon_core.shell:Skip shell extension 'dsv' for command environment
[1.371s] INFO:colcon.colcon_core.task.python.build:Building Python package in '/home/michael/ros2_unity_ws/src/unity_robotics_demo'
[1.372s] INFO:colcon.colcon_core.shell:Skip shell extension 'powershell' for command environment: Not usable outside of PowerShell
[1.372s] DEBUG:colcon.colcon_core.shell:Skip shell extension 'dsv' for command environment
[1.383s] DEBUG:colcon.colcon_core.event_handler.log_command:Invoking command in '/home/michael/ros2_unity_ws/build/unity_robotics_demo_msgs': CMAKE_PREFIX_PATH=${CMAKE_PREFIX_PATH}:/home/michael/ros2_unity_ws/install/unity_robotics_demo:/home/michael/ros2_unity_ws/install/ros_tcp_endpoint:/opt/ros/humble /usr/bin/cmake --build /home/michael/ros2_unity_ws/build/unity_robotics_demo_msgs -- -j20 -l20
[2.130s] DEBUG:colcon.colcon_core.event_handler.log_command:Invoked command in '/home/michael/ros2_unity_ws/build/unity_robotics_demo_msgs' returned '0': CMAKE_PREFIX_PATH=${CMAKE_PREFIX_PATH}:/home/michael/ros2_unity_ws/install/unity_robotics_demo:/home/michael/ros2_unity_ws/install/ros_tcp_endpoint:/opt/ros/humble /usr/bin/cmake --build /home/michael/ros2_unity_ws/build/unity_robotics_demo_msgs -- -j20 -l20
[2.151s] DEBUG:colcon.colcon_core.event_handler.log_command:Invoking command in '/home/michael/ros2_unity_ws/build/unity_robotics_demo_msgs': CMAKE_PREFIX_PATH=${CMAKE_PREFIX_PATH}:/home/michael/ros2_unity_ws/install/unity_robotics_demo:/home/michael/ros2_unity_ws/install/ros_tcp_endpoint:/opt/ros/humble /usr/bin/cmake --install /home/michael/ros2_unity_ws/build/unity_robotics_demo_msgs
[2.157s] DEBUG:colcon.colcon_core.event_handler.log_command:Invoking command in '/home/michael/ros2_unity_ws/src/ROS-TCP-Endpoint': PYTHONPATH=/home/michael/ros2_unity_ws/build/ros_tcp_endpoint/prefix_override:/usr/lib/python3/dist-packages/colcon_core/task/python/colcon_distutils_commands:/home/michael/ros2_unity_ws/install/ros_tcp_endpoint/lib/python3.10/site-packages:${PYTHONPATH} /usr/bin/python3 -W ignore:setup.py install is deprecated -W ignore:easy_install command is deprecated setup.py egg_info --egg-base ../../build/ros_tcp_endpoint build --build-base /home/michael/ros2_unity_ws/build/ros_tcp_endpoint/build install --record /home/michael/ros2_unity_ws/build/ros_tcp_endpoint/install.log --single-version-externally-managed install_data
[2.179s] DEBUG:colcon.colcon_core.event_handler.log_command:Invoking command in '/home/michael/ros2_unity_ws/src/unity_robotics_demo': PYTHONPATH=/home/michael/ros2_unity_ws/build/unity_robotics_demo/prefix_override:/usr/lib/python3/dist-packages/colcon_core/task/python/colcon_distutils_commands:/home/michael/ros2_unity_ws/install/unity_robotics_demo/lib/python3.10/site-packages:${PYTHONPATH} /usr/bin/python3 -W ignore:setup.py install is deprecated -W ignore:easy_install command is deprecated setup.py egg_info --egg-base ../../build/unity_robotics_demo build --build-base /home/michael/ros2_unity_ws/build/unity_robotics_demo/build install --record /home/michael/ros2_unity_ws/build/unity_robotics_demo/install.log --single-version-externally-managed install_data
[2.327s] Level 1:colcon.colcon_core.environment:create_environment_scripts_only(unity_robotics_demo_msgs)
[2.329s] DEBUG:colcon.colcon_core.event_handler.log_command:Invoked command in '/home/michael/ros2_unity_ws/build/unity_robotics_demo_msgs' returned '0': CMAKE_PREFIX_PATH=${CMAKE_PREFIX_PATH}:/home/michael/ros2_unity_ws/install/unity_robotics_demo:/home/michael/ros2_unity_ws/install/ros_tcp_endpoint:/opt/ros/humble /usr/bin/cmake --install /home/michael/ros2_unity_ws/build/unity_robotics_demo_msgs
[2.334s] Level 1:colcon.colcon_core.environment:checking '/home/michael/ros2_unity_ws/install/unity_robotics_demo_msgs' for CMake module files
[2.336s] Level 1:colcon.colcon_core.environment:checking '/home/michael/ros2_unity_ws/install/unity_robotics_demo_msgs' for CMake config files
[2.339s] Level 1:colcon.colcon_core.shell:create_environment_hook('unity_robotics_demo_msgs', 'cmake_prefix_path')
[2.339s] INFO:colcon.colcon_core.shell:Creating environment hook '/home/michael/ros2_unity_ws/install/unity_robotics_demo_msgs/share/unity_robotics_demo_msgs/hook/cmake_prefix_path.ps1'
[2.340s] INFO:colcon.colcon_core.shell:Creating environment descriptor '/home/michael/ros2_unity_ws/install/unity_robotics_demo_msgs/share/unity_robotics_demo_msgs/hook/cmake_prefix_path.dsv'
[2.341s] INFO:colcon.colcon_core.shell:Creating environment hook '/home/michael/ros2_unity_ws/install/unity_robotics_demo_msgs/share/unity_robotics_demo_msgs/hook/cmake_prefix_path.sh'
[2.342s] Level 1:colcon.colcon_core.environment:checking '/home/michael/ros2_unity_ws/install/unity_robotics_demo_msgs/lib'
[2.343s] Level 1:colcon.colcon_core.shell:create_environment_hook('unity_robotics_demo_msgs', 'ld_library_path_lib')
[2.343s] INFO:colcon.colcon_core.shell:Creating environment hook '/home/michael/ros2_unity_ws/install/unity_robotics_demo_msgs/share/unity_robotics_demo_msgs/hook/ld_library_path_lib.ps1'
[2.344s] INFO:colcon.colcon_core.shell:Creating environment descriptor '/home/michael/ros2_unity_ws/install/unity_robotics_demo_msgs/share/unity_robotics_demo_msgs/hook/ld_library_path_lib.dsv'
[2.345s] INFO:colcon.colcon_core.shell:Creating environment hook '/home/michael/ros2_unity_ws/install/unity_robotics_demo_msgs/share/unity_robotics_demo_msgs/hook/ld_library_path_lib.sh'
[2.345s] Level 1:colcon.colcon_core.environment:checking '/home/michael/ros2_unity_ws/install/unity_robotics_demo_msgs/bin'
[2.346s] Level 1:colcon.colcon_core.environment:checking '/home/michael/ros2_unity_ws/install/unity_robotics_demo_msgs/lib/pkgconfig/unity_robotics_demo_msgs.pc'
[2.346s] Level 1:colcon.colcon_core.environment:checking '/home/michael/ros2_unity_ws/install/unity_robotics_demo_msgs/lib/python3.10/site-packages'
[2.347s] Level 1:colcon.colcon_core.environment:checking '/home/michael/ros2_unity_ws/install/unity_robotics_demo_msgs/bin'
[2.347s] INFO:colcon.colcon_core.shell:Creating package script '/home/michael/ros2_unity_ws/install/unity_robotics_demo_msgs/share/unity_robotics_demo_msgs/package.ps1'
[2.349s] INFO:colcon.colcon_core.shell:Creating package descriptor '/home/michael/ros2_unity_ws/install/unity_robotics_demo_msgs/share/unity_robotics_demo_msgs/package.dsv'
[2.350s] INFO:colcon.colcon_core.shell:Creating package script '/home/michael/ros2_unity_ws/install/unity_robotics_demo_msgs/share/unity_robotics_demo_msgs/package.sh'
[2.351s] INFO:colcon.colcon_core.shell:Creating package script '/home/michael/ros2_unity_ws/install/unity_robotics_demo_msgs/share/unity_robotics_demo_msgs/package.bash'
[2.353s] INFO:colcon.colcon_core.shell:Creating package script '/home/michael/ros2_unity_ws/install/unity_robotics_demo_msgs/share/unity_robotics_demo_msgs/package.zsh'
[2.354s] Level 1:colcon.colcon_core.environment:create_file_with_runtime_dependencies(/home/michael/ros2_unity_ws/install/unity_robotics_demo_msgs/share/colcon-core/packages/unity_robotics_demo_msgs)
[2.355s] Level 1:colcon.colcon_core.environment:create_environment_scripts_only(unity_robotics_demo_msgs)
[2.355s] Level 1:colcon.colcon_core.environment:checking '/home/michael/ros2_unity_ws/install/unity_robotics_demo_msgs' for CMake module files
[2.356s] Level 1:colcon.colcon_core.environment:checking '/home/michael/ros2_unity_ws/install/unity_robotics_demo_msgs' for CMake config files
[2.357s] Level 1:colcon.colcon_core.shell:create_environment_hook('unity_robotics_demo_msgs', 'cmake_prefix_path')
[2.358s] INFO:colcon.colcon_core.shell:Creating environment hook '/home/michael/ros2_unity_ws/install/unity_robotics_demo_msgs/share/unity_robotics_demo_msgs/hook/cmake_prefix_path.ps1'
[2.359s] INFO:colcon.colcon_core.shell:Creating environment descriptor '/home/michael/ros2_unity_ws/install/unity_robotics_demo_msgs/share/unity_robotics_demo_msgs/hook/cmake_prefix_path.dsv'
[2.359s] INFO:colcon.colcon_core.shell:Creating environment hook '/home/michael/ros2_unity_ws/install/unity_robotics_demo_msgs/share/unity_robotics_demo_msgs/hook/cmake_prefix_path.sh'
[2.360s] Level 1:colcon.colcon_core.environment:checking '/home/michael/ros2_unity_ws/install/unity_robotics_demo_msgs/lib'
[2.360s] Level 1:colcon.colcon_core.shell:create_environment_hook('unity_robotics_demo_msgs', 'ld_library_path_lib')
[2.361s] INFO:colcon.colcon_core.shell:Creating environment hook '/home/michael/ros2_unity_ws/install/unity_robotics_demo_msgs/share/unity_robotics_demo_msgs/hook/ld_library_path_lib.ps1'
[2.361s] INFO:colcon.colcon_core.shell:Creating environment descriptor '/home/michael/ros2_unity_ws/install/unity_robotics_demo_msgs/share/unity_robotics_demo_msgs/hook/ld_library_path_lib.dsv'
[2.362s] INFO:colcon.colcon_core.shell:Creating environment hook '/home/michael/ros2_unity_ws/install/unity_robotics_demo_msgs/share/unity_robotics_demo_msgs/hook/ld_library_path_lib.sh'
[2.362s] Level 1:colcon.colcon_core.environment:checking '/home/michael/ros2_unity_ws/install/unity_robotics_demo_msgs/bin'
[2.362s] Level 1:colcon.colcon_core.environment:checking '/home/michael/ros2_unity_ws/install/unity_robotics_demo_msgs/lib/pkgconfig/unity_robotics_demo_msgs.pc'
[2.363s] Level 1:colcon.colcon_core.environment:checking '/home/michael/ros2_unity_ws/install/unity_robotics_demo_msgs/lib/python3.10/site-packages'
[2.363s] Level 1:colcon.colcon_core.environment:checking '/home/michael/ros2_unity_ws/install/unity_robotics_demo_msgs/bin'
[2.364s] INFO:colcon.colcon_core.shell:Creating package script '/home/michael/ros2_unity_ws/install/unity_robotics_demo_msgs/share/unity_robotics_demo_msgs/package.ps1'
[2.365s] INFO:colcon.colcon_core.shell:Creating package descriptor '/home/michael/ros2_unity_ws/install/unity_robotics_demo_msgs/share/unity_robotics_demo_msgs/package.dsv'
[2.365s] INFO:colcon.colcon_core.shell:Creating package script '/home/michael/ros2_unity_ws/install/unity_robotics_demo_msgs/share/unity_robotics_demo_msgs/package.sh'
[2.366s] INFO:colcon.colcon_core.shell:Creating package script '/home/michael/ros2_unity_ws/install/unity_robotics_demo_msgs/share/unity_robotics_demo_msgs/package.bash'
[2.367s] INFO:colcon.colcon_core.shell:Creating package script '/home/michael/ros2_unity_ws/install/unity_robotics_demo_msgs/share/unity_robotics_demo_msgs/package.zsh'
[2.367s] Level 1:colcon.colcon_core.environment:create_file_with_runtime_dependencies(/home/michael/ros2_unity_ws/install/unity_robotics_demo_msgs/share/colcon-core/packages/unity_robotics_demo_msgs)
[2.741s] Level 1:colcon.colcon_core.environment:checking '/home/michael/ros2_unity_ws/install/ros_tcp_endpoint' for CMake module files
[2.742s] DEBUG:colcon.colcon_core.event_handler.log_command:Invoked command in '/home/michael/ros2_unity_ws/src/ROS-TCP-Endpoint' returned '0': PYTHONPATH=/home/michael/ros2_unity_ws/build/ros_tcp_endpoint/prefix_override:/usr/lib/python3/dist-packages/colcon_core/task/python/colcon_distutils_commands:/home/michael/ros2_unity_ws/install/ros_tcp_endpoint/lib/python3.10/site-packages:${PYTHONPATH} /usr/bin/python3 -W ignore:setup.py install is deprecated -W ignore:easy_install command is deprecated setup.py egg_info --egg-base ../../build/ros_tcp_endpoint build --build-base /home/michael/ros2_unity_ws/build/ros_tcp_endpoint/build install --record /home/michael/ros2_unity_ws/build/ros_tcp_endpoint/install.log --single-version-externally-managed install_data
[2.743s] Level 1:colcon.colcon_core.environment:checking '/home/michael/ros2_unity_ws/install/ros_tcp_endpoint' for CMake config files
[2.744s] Level 1:colcon.colcon_core.environment:checking '/home/michael/ros2_unity_ws/install/ros_tcp_endpoint/lib'
[2.744s] Level 1:colcon.colcon_core.environment:checking '/home/michael/ros2_unity_ws/install/ros_tcp_endpoint/bin'
[2.745s] Level 1:colcon.colcon_core.environment:checking '/home/michael/ros2_unity_ws/install/ros_tcp_endpoint/lib/pkgconfig/ros_tcp_endpoint.pc'
[2.745s] Level 1:colcon.colcon_core.environment:checking '/home/michael/ros2_unity_ws/install/ros_tcp_endpoint/lib/python3.10/site-packages'
[2.745s] Level 1:colcon.colcon_core.shell:create_environment_hook('ros_tcp_endpoint', 'pythonpath')
[2.746s] INFO:colcon.colcon_core.shell:Creating environment hook '/home/michael/ros2_unity_ws/install/ros_tcp_endpoint/share/ros_tcp_endpoint/hook/pythonpath.ps1'
[2.747s] INFO:colcon.colcon_core.shell:Creating environment descriptor '/home/michael/ros2_unity_ws/install/ros_tcp_endpoint/share/ros_tcp_endpoint/hook/pythonpath.dsv'
[2.747s] INFO:colcon.colcon_core.shell:Creating environment hook '/home/michael/ros2_unity_ws/install/ros_tcp_endpoint/share/ros_tcp_endpoint/hook/pythonpath.sh'
[2.748s] Level 1:colcon.colcon_core.environment:checking '/home/michael/ros2_unity_ws/install/ros_tcp_endpoint/bin'
[2.749s] Level 1:colcon.colcon_core.environment:create_environment_scripts_only(ros_tcp_endpoint)
[2.749s] INFO:colcon.colcon_core.shell:Creating package script '/home/michael/ros2_unity_ws/install/ros_tcp_endpoint/share/ros_tcp_endpoint/package.ps1'
[2.750s] INFO:colcon.colcon_core.shell:Creating package descriptor '/home/michael/ros2_unity_ws/install/ros_tcp_endpoint/share/ros_tcp_endpoint/package.dsv'
[2.750s] INFO:colcon.colcon_core.shell:Creating package script '/home/michael/ros2_unity_ws/install/ros_tcp_endpoint/share/ros_tcp_endpoint/package.sh'
[2.751s] INFO:colcon.colcon_core.shell:Creating package script '/home/michael/ros2_unity_ws/install/ros_tcp_endpoint/share/ros_tcp_endpoint/package.bash'
[2.752s] INFO:colcon.colcon_core.shell:Creating package script '/home/michael/ros2_unity_ws/install/ros_tcp_endpoint/share/ros_tcp_endpoint/package.zsh'
[2.752s] Level 1:colcon.colcon_core.environment:create_file_with_runtime_dependencies(/home/michael/ros2_unity_ws/install/ros_tcp_endpoint/share/colcon-core/packages/ros_tcp_endpoint)
[2.776s] Level 1:colcon.colcon_core.environment:checking '/home/michael/ros2_unity_ws/install/unity_robotics_demo' for CMake module files
[2.777s] DEBUG:colcon.colcon_core.event_handler.log_command:Invoked command in '/home/michael/ros2_unity_ws/src/unity_robotics_demo' returned '0': PYTHONPATH=/home/michael/ros2_unity_ws/build/unity_robotics_demo/prefix_override:/usr/lib/python3/dist-packages/colcon_core/task/python/colcon_distutils_commands:/home/michael/ros2_unity_ws/install/unity_robotics_demo/lib/python3.10/site-packages:${PYTHONPATH} /usr/bin/python3 -W ignore:setup.py install is deprecated -W ignore:easy_install command is deprecated setup.py egg_info --egg-base ../../build/unity_robotics_demo build --build-base /home/michael/ros2_unity_ws/build/unity_robotics_demo/build install --record /home/michael/ros2_unity_ws/build/unity_robotics_demo/install.log --single-version-externally-managed install_data
[2.778s] Level 1:colcon.colcon_core.environment:checking '/home/michael/ros2_unity_ws/install/unity_robotics_demo' for CMake config files
[2.779s] Level 1:colcon.colcon_core.environment:checking '/home/michael/ros2_unity_ws/install/unity_robotics_demo/lib'
[2.779s] Level 1:colcon.colcon_core.environment:checking '/home/michael/ros2_unity_ws/install/unity_robotics_demo/bin'
[2.779s] Level 1:colcon.colcon_core.environment:checking '/home/michael/ros2_unity_ws/install/unity_robotics_demo/lib/pkgconfig/unity_robotics_demo.pc'
[2.780s] Level 1:colcon.colcon_core.environment:checking '/home/michael/ros2_unity_ws/install/unity_robotics_demo/lib/python3.10/site-packages'
[2.780s] Level 1:colcon.colcon_core.shell:create_environment_hook('unity_robotics_demo', 'pythonpath')
[2.780s] INFO:colcon.colcon_core.shell:Creating environment hook '/home/michael/ros2_unity_ws/install/unity_robotics_demo/share/unity_robotics_demo/hook/pythonpath.ps1'
[2.781s] INFO:colcon.colcon_core.shell:Creating environment descriptor '/home/michael/ros2_unity_ws/install/unity_robotics_demo/share/unity_robotics_demo/hook/pythonpath.dsv'
[2.782s] INFO:colcon.colcon_core.shell:Creating environment hook '/home/michael/ros2_unity_ws/install/unity_robotics_demo/share/unity_robotics_demo/hook/pythonpath.sh'
[2.783s] Level 1:colcon.colcon_core.environment:checking '/home/michael/ros2_unity_ws/install/unity_robotics_demo/bin'
[2.783s] Level 1:colcon.colcon_core.environment:create_environment_scripts_only(unity_robotics_demo)
[2.784s] INFO:colcon.colcon_core.shell:Creating package script '/home/michael/ros2_unity_ws/install/unity_robotics_demo/share/unity_robotics_demo/package.ps1'
[2.785s] INFO:colcon.colcon_core.shell:Creating package descriptor '/home/michael/ros2_unity_ws/install/unity_robotics_demo/share/unity_robotics_demo/package.dsv'
[2.786s] INFO:colcon.colcon_core.shell:Creating package script '/home/michael/ros2_unity_ws/install/unity_robotics_demo/share/unity_robotics_demo/package.sh'
[2.787s] INFO:colcon.colcon_core.shell:Creating package script '/home/michael/ros2_unity_ws/install/unity_robotics_demo/share/unity_robotics_demo/package.bash'
[2.788s] INFO:colcon.colcon_core.shell:Creating package script '/home/michael/ros2_unity_ws/install/unity_robotics_demo/share/unity_robotics_demo/package.zsh'
[2.789s] Level 1:colcon.colcon_core.environment:create_file_with_runtime_dependencies(/home/michael/ros2_unity_ws/install/unity_robotics_demo/share/colcon-core/packages/unity_robotics_demo)
[2.789s] DEBUG:colcon.colcon_parallel_executor.executor.parallel:closing loop
[2.790s] DEBUG:colcon.colcon_parallel_executor.executor.parallel:loop closed
[2.790s] DEBUG:colcon.colcon_parallel_executor.executor.parallel:run_until_complete finished with '0'
[2.790s] DEBUG:colcon.colcon_core.event_reactor:joining thread
[2.802s] INFO:colcon.colcon_core.plugin_system:Skipping extension 'colcon_notification.desktop_notification.terminal_notifier': Not used on non-Darwin systems
[2.803s] INFO:colcon.colcon_core.plugin_system:Skipping extension 'colcon_notification.desktop_notification.win32': Not used on non-Windows systems
[2.803s] INFO:colcon.colcon_notification.desktop_notification:Sending desktop notification using 'notify2'
[2.836s] DEBUG:colcon.colcon_core.event_reactor:joined thread
[2.837s] INFO:colcon.colcon_core.shell:Creating prefix script '/home/michael/ros2_unity_ws/install/local_setup.ps1'
[2.840s] INFO:colcon.colcon_core.shell:Creating prefix util module '/home/michael/ros2_unity_ws/install/_local_setup_util_ps1.py'
[2.843s] INFO:colcon.colcon_core.shell:Creating prefix chain script '/home/michael/ros2_unity_ws/install/setup.ps1'
[2.848s] INFO:colcon.colcon_core.shell:Creating prefix script '/home/michael/ros2_unity_ws/install/local_setup.sh'
[2.849s] INFO:colcon.colcon_core.shell:Creating prefix util module '/home/michael/ros2_unity_ws/install/_local_setup_util_sh.py'
[2.851s] INFO:colcon.colcon_core.shell:Creating prefix chain script '/home/michael/ros2_unity_ws/install/setup.sh'
[2.853s] INFO:colcon.colcon_core.shell:Creating prefix script '/home/michael/ros2_unity_ws/install/local_setup.bash'
[2.854s] INFO:colcon.colcon_core.shell:Creating prefix chain script '/home/michael/ros2_unity_ws/install/setup.bash'
[2.855s] INFO:colcon.colcon_core.shell:Creating prefix script '/home/michael/ros2_unity_ws/install/local_setup.zsh'
[2.856s] INFO:colcon.colcon_core.shell:Creating prefix chain script '/home/michael/ros2_unity_ws/install/setup.zsh'
