[1.532s] Invoking command in '/home/michael/ros2_unity_ws/build/unity_robotics_demo': PYTHONPATH=/home/michael/ros2_unity_ws/build/unity_robotics_demo/prefix_override:/usr/lib/python3/dist-packages/colcon_core/task/python/colcon_distutils_commands:/home/michael/ros2_unity_ws/install/unity_robotics_demo/lib/python3.10/site-packages:${PYTHONPATH} /usr/bin/python3 -W ignore:setup.py install is deprecated -W ignore:easy_install command is deprecated setup.py develop --editable --build-directory /home/michael/ros2_unity_ws/build/unity_robotics_demo/build --no-deps symlink_data --force
[1.926s] running develop
[2.175s] running egg_info
[2.176s] writing unity_robotics_demo.egg-info/PKG-INFO
[2.176s] writing dependency_links to unity_robotics_demo.egg-info/dependency_links.txt
[2.176s] writing entry points to unity_robotics_demo.egg-info/entry_points.txt
[2.176s] writing requirements to unity_robotics_demo.egg-info/requires.txt
[2.177s] writing top-level names to unity_robotics_demo.egg-info/top_level.txt
[2.182s] reading manifest file 'unity_robotics_demo.egg-info/SOURCES.txt'
[2.184s] writing manifest file 'unity_robotics_demo.egg-info/SOURCES.txt'
[2.189s] running build_ext
[2.190s] Creating /home/michael/ros2_unity_ws/install/unity_robotics_demo/lib/python3.10/site-packages/unity-robotics-demo.egg-link (link to .)
[2.192s] Installing color_publisher script to /home/michael/ros2_unity_ws/install/unity_robotics_demo/lib/unity_robotics_demo
[2.192s] Installing position_publisher script to /home/michael/ros2_unity_ws/install/unity_robotics_demo/lib/unity_robotics_demo
[2.193s] Installing position_service script to /home/michael/ros2_unity_ws/install/unity_robotics_demo/lib/unity_robotics_demo
[2.193s] 
[2.193s] Installed /home/michael/ros2_unity_ws/build/unity_robotics_demo
[2.194s] running symlink_data
[2.194s] symbolically linking /home/michael/ros2_unity_ws/build/unity_robotics_demo/resource/unity_robotics_demo -> /home/michael/ros2_unity_ws/install/unity_robotics_demo/share/ament_index/resource_index/packages
[2.194s] symbolically linking /home/michael/ros2_unity_ws/build/unity_robotics_demo/package.xml -> /home/michael/ros2_unity_ws/install/unity_robotics_demo/share/unity_robotics_demo
[2.253s] Invoked command in '/home/michael/ros2_unity_ws/build/unity_robotics_demo' returned '0': PYTHONPATH=/home/michael/ros2_unity_ws/build/unity_robotics_demo/prefix_override:/usr/lib/python3/dist-packages/colcon_core/task/python/colcon_distutils_commands:/home/michael/ros2_unity_ws/install/unity_robotics_demo/lib/python3.10/site-packages:${PYTHONPATH} /usr/bin/python3 -W ignore:setup.py install is deprecated -W ignore:easy_install command is deprecated setup.py develop --editable --build-directory /home/michael/ros2_unity_ws/build/unity_robotics_demo/build --no-deps symlink_data --force
