[0.106s] DEBUG:colcon:Command line arguments: ['/usr/bin/colcon', 'build']
[0.106s] DEBUG:colcon:Parsed command line arguments: Namespace(log_base=None, log_level=None, verb_name='build', build_base='build', install_base='install', merge_install=False, symlink_install=False, test_result_base=None, continue_on_error=False, executor='parallel', parallel_workers=20, event_handlers=None, ignore_user_meta=False, metas=['./colcon.meta'], base_paths=['.'], packages_ignore=None, packages_ignore_regex=None, paths=None, packages_up_to=None, packages_up_to_regex=None, packages_above=None, packages_above_and_dependencies=None, packages_above_depth=None, packages_select_by_dep=None, packages_skip_by_dep=None, packages_skip_up_to=None, packages_select_build_failed=False, packages_skip_build_finished=False, packages_select_test_failures=False, packages_skip_test_passed=False, packages_select=None, packages_skip=None, packages_select_regex=None, packages_skip_regex=None, packages_start=None, packages_end=None, allow_overriding=[], cmake_args=None, cmake_target=None, cmake_target_skip_unavailable=False, cmake_clean_cache=False, cmake_clean_first=False, cmake_force_configure=False, ament_cmake_args=None, catkin_cmake_args=None, catkin_skip_building_tests=False, verb_parser=<colcon_defaults.argument_parser.defaults.DefaultArgumentsDecorator object at 0x7f47d5965390>, verb_extension=<colcon_core.verb.build.BuildVerb object at 0x7f47d5ad6950>, main=<bound method BuildVerb.main of <colcon_core.verb.build.BuildVerb object at 0x7f47d5ad6950>>)
[0.276s] Level 1:colcon.colcon_core.package_discovery:discover_packages(colcon_meta) check parameters
[0.277s] Level 1:colcon.colcon_core.package_discovery:discover_packages(recursive) check parameters
[0.277s] Level 1:colcon.colcon_core.package_discovery:discover_packages(ignore) check parameters
[0.277s] Level 1:colcon.colcon_core.package_discovery:discover_packages(path) check parameters
[0.277s] Level 1:colcon.colcon_core.package_discovery:discover_packages(colcon_meta) discover
[0.277s] Level 1:colcon.colcon_core.package_discovery:discover_packages(recursive) discover
[0.277s] INFO:colcon.colcon_core.package_discovery:Crawling recursively for packages in '/home/michael/ros2_unity_ws'
[0.277s] Level 1:colcon.colcon_core.package_identification:_identify(.) by extensions ['ignore', 'ignore_ament_install']
[0.277s] Level 1:colcon.colcon_core.package_identification:_identify(.) by extension 'ignore'
[0.277s] Level 1:colcon.colcon_core.package_identification:_identify(.) by extension 'ignore_ament_install'
[0.277s] Level 1:colcon.colcon_core.package_identification:_identify(.) by extensions ['colcon_pkg']
[0.277s] Level 1:colcon.colcon_core.package_identification:_identify(.) by extension 'colcon_pkg'
[0.277s] Level 1:colcon.colcon_core.package_identification:_identify(.) by extensions ['colcon_meta']
[0.277s] Level 1:colcon.colcon_core.package_identification:_identify(.) by extension 'colcon_meta'
[0.277s] Level 1:colcon.colcon_core.package_identification:_identify(.) by extensions ['ros']
[0.277s] Level 1:colcon.colcon_core.package_identification:_identify(.) by extension 'ros'
[0.290s] Level 1:colcon.colcon_core.package_identification:_identify(.) by extensions ['cmake', 'python']
[0.290s] Level 1:colcon.colcon_core.package_identification:_identify(.) by extension 'cmake'
[0.290s] Level 1:colcon.colcon_core.package_identification:_identify(.) by extension 'python'
[0.290s] Level 1:colcon.colcon_core.package_identification:_identify(.) by extensions ['python_setup_py']
[0.290s] Level 1:colcon.colcon_core.package_identification:_identify(.) by extension 'python_setup_py'
[0.290s] Level 1:colcon.colcon_core.package_identification:_identify(build) by extensions ['ignore', 'ignore_ament_install']
[0.290s] Level 1:colcon.colcon_core.package_identification:_identify(build) by extension 'ignore'
[0.290s] Level 1:colcon.colcon_core.package_identification:_identify(build) ignored
[0.290s] Level 1:colcon.colcon_core.package_identification:_identify(install) by extensions ['ignore', 'ignore_ament_install']
[0.291s] Level 1:colcon.colcon_core.package_identification:_identify(install) by extension 'ignore'
[0.291s] Level 1:colcon.colcon_core.package_identification:_identify(install) ignored
[0.291s] Level 1:colcon.colcon_core.package_identification:_identify(log) by extensions ['ignore', 'ignore_ament_install']
[0.291s] Level 1:colcon.colcon_core.package_identification:_identify(log) by extension 'ignore'
[0.291s] Level 1:colcon.colcon_core.package_identification:_identify(log) ignored
[0.291s] Level 1:colcon.colcon_core.package_identification:_identify(src) by extensions ['ignore', 'ignore_ament_install']
[0.291s] Level 1:colcon.colcon_core.package_identification:_identify(src) by extension 'ignore'
[0.291s] Level 1:colcon.colcon_core.package_identification:_identify(src) by extension 'ignore_ament_install'
[0.291s] Level 1:colcon.colcon_core.package_identification:_identify(src) by extensions ['colcon_pkg']
[0.291s] Level 1:colcon.colcon_core.package_identification:_identify(src) by extension 'colcon_pkg'
[0.291s] Level 1:colcon.colcon_core.package_identification:_identify(src) by extensions ['colcon_meta']
[0.291s] Level 1:colcon.colcon_core.package_identification:_identify(src) by extension 'colcon_meta'
[0.291s] Level 1:colcon.colcon_core.package_identification:_identify(src) by extensions ['ros']
[0.291s] Level 1:colcon.colcon_core.package_identification:_identify(src) by extension 'ros'
[0.291s] Level 1:colcon.colcon_core.package_identification:_identify(src) by extensions ['cmake', 'python']
[0.291s] Level 1:colcon.colcon_core.package_identification:_identify(src) by extension 'cmake'
[0.291s] Level 1:colcon.colcon_core.package_identification:_identify(src) by extension 'python'
[0.291s] Level 1:colcon.colcon_core.package_identification:_identify(src) by extensions ['python_setup_py']
[0.291s] Level 1:colcon.colcon_core.package_identification:_identify(src) by extension 'python_setup_py'
[0.292s] Level 1:colcon.colcon_core.package_identification:_identify(src/ROS-TCP-Endpoint) by extensions ['ignore', 'ignore_ament_install']
[0.292s] Level 1:colcon.colcon_core.package_identification:_identify(src/ROS-TCP-Endpoint) by extension 'ignore'
[0.292s] Level 1:colcon.colcon_core.package_identification:_identify(src/ROS-TCP-Endpoint) by extension 'ignore_ament_install'
[0.292s] Level 1:colcon.colcon_core.package_identification:_identify(src/ROS-TCP-Endpoint) by extensions ['colcon_pkg']
[0.292s] Level 1:colcon.colcon_core.package_identification:_identify(src/ROS-TCP-Endpoint) by extension 'colcon_pkg'
[0.292s] Level 1:colcon.colcon_core.package_identification:_identify(src/ROS-TCP-Endpoint) by extensions ['colcon_meta']
[0.292s] Level 1:colcon.colcon_core.package_identification:_identify(src/ROS-TCP-Endpoint) by extension 'colcon_meta'
[0.292s] Level 1:colcon.colcon_core.package_identification:_identify(src/ROS-TCP-Endpoint) by extensions ['ros']
[0.292s] Level 1:colcon.colcon_core.package_identification:_identify(src/ROS-TCP-Endpoint) by extension 'ros'
[0.295s] DEBUG:colcon.colcon_core.package_identification:Package 'src/ROS-TCP-Endpoint' with type 'ros.ament_python' and name 'ros_tcp_endpoint'
[0.295s] Level 1:colcon.colcon_core.package_identification:_identify(src/unity_robotics_demo) by extensions ['ignore', 'ignore_ament_install']
[0.295s] Level 1:colcon.colcon_core.package_identification:_identify(src/unity_robotics_demo) by extension 'ignore'
[0.295s] Level 1:colcon.colcon_core.package_identification:_identify(src/unity_robotics_demo) by extension 'ignore_ament_install'
[0.295s] Level 1:colcon.colcon_core.package_identification:_identify(src/unity_robotics_demo) by extensions ['colcon_pkg']
[0.295s] Level 1:colcon.colcon_core.package_identification:_identify(src/unity_robotics_demo) by extension 'colcon_pkg'
[0.295s] Level 1:colcon.colcon_core.package_identification:_identify(src/unity_robotics_demo) by extensions ['colcon_meta']
[0.295s] Level 1:colcon.colcon_core.package_identification:_identify(src/unity_robotics_demo) by extension 'colcon_meta'
[0.295s] Level 1:colcon.colcon_core.package_identification:_identify(src/unity_robotics_demo) by extensions ['ros']
[0.295s] Level 1:colcon.colcon_core.package_identification:_identify(src/unity_robotics_demo) by extension 'ros'
[0.296s] DEBUG:colcon.colcon_core.package_identification:Failed to parse potential ROS package manifest in'src/unity_robotics_demo': Error(s) in package 'src/unity_robotics_demo/package.xml':
The manifest contains invalid XML:
mismatched tag: line 17, column 27
[0.296s] Level 1:colcon.colcon_core.package_identification:_identify(src/unity_robotics_demo) by extensions ['cmake', 'python']
[0.296s] Level 1:colcon.colcon_core.package_identification:_identify(src/unity_robotics_demo) by extension 'cmake'
[0.296s] Level 1:colcon.colcon_core.package_identification:_identify(src/unity_robotics_demo) by extension 'python'
[0.296s] DEBUG:colcon.colcon_core.package_identification:Python package in 'src/unity_robotics_demo' passes arguments to the setup() function which requires a different identification extension than 'python'
[0.296s] Level 1:colcon.colcon_core.package_identification:_identify(src/unity_robotics_demo) by extensions ['python_setup_py']
[0.296s] Level 1:colcon.colcon_core.package_identification:_identify(src/unity_robotics_demo) by extension 'python_setup_py'
[0.561s] DEBUG:colcon.colcon_core.package_identification:Package 'src/unity_robotics_demo' with type 'python' and name 'unity_robotics_demo'
[0.562s] Level 1:colcon.colcon_core.package_identification:_identify(src/unity_robotics_demo_msgs) by extensions ['ignore', 'ignore_ament_install']
[0.562s] Level 1:colcon.colcon_core.package_identification:_identify(src/unity_robotics_demo_msgs) by extension 'ignore'
[0.562s] Level 1:colcon.colcon_core.package_identification:_identify(src/unity_robotics_demo_msgs) by extension 'ignore_ament_install'
[0.562s] Level 1:colcon.colcon_core.package_identification:_identify(src/unity_robotics_demo_msgs) by extensions ['colcon_pkg']
[0.562s] Level 1:colcon.colcon_core.package_identification:_identify(src/unity_robotics_demo_msgs) by extension 'colcon_pkg'
[0.562s] Level 1:colcon.colcon_core.package_identification:_identify(src/unity_robotics_demo_msgs) by extensions ['colcon_meta']
[0.562s] Level 1:colcon.colcon_core.package_identification:_identify(src/unity_robotics_demo_msgs) by extension 'colcon_meta'
[0.562s] Level 1:colcon.colcon_core.package_identification:_identify(src/unity_robotics_demo_msgs) by extensions ['ros']
[0.562s] Level 1:colcon.colcon_core.package_identification:_identify(src/unity_robotics_demo_msgs) by extension 'ros'
[0.563s] DEBUG:colcon.colcon_core.package_identification:Package 'src/unity_robotics_demo_msgs' with type 'ros.ament_cmake' and name 'unity_robotics_demo_msgs'
[0.563s] Level 1:colcon.colcon_core.package_discovery:discover_packages(recursive) using defaults
[0.563s] Level 1:colcon.colcon_core.package_discovery:discover_packages(ignore) discover
[0.563s] Level 1:colcon.colcon_core.package_discovery:discover_packages(ignore) using defaults
[0.563s] Level 1:colcon.colcon_core.package_discovery:discover_packages(path) discover
[0.563s] Level 1:colcon.colcon_core.package_discovery:discover_packages(path) using defaults
[0.598s] Level 1:colcon.colcon_core.package_discovery:discover_packages(prefix_path) check parameters
[0.598s] Level 1:colcon.colcon_core.package_discovery:discover_packages(prefix_path) discover
[0.599s] WARNING:colcon.colcon_ros.prefix_path.ament:The path '/home/michael/ros2_unity_ws/install/unity_robotics_demo' in the environment variable AMENT_PREFIX_PATH doesn't exist
[0.600s] DEBUG:colcon.colcon_installed_package_information.package_discovery:Found 2 installed packages in /home/michael/ros2_unity_ws/install
[0.601s] DEBUG:colcon.colcon_installed_package_information.package_discovery:Found 328 installed packages in /opt/ros/humble
[0.603s] Level 1:colcon.colcon_core.package_discovery:discover_packages(prefix_path) using defaults
[0.661s] Level 5:colcon.colcon_core.verb:set package 'ros_tcp_endpoint' build argument 'cmake_args' from command line to 'None'
[0.661s] Level 5:colcon.colcon_core.verb:set package 'ros_tcp_endpoint' build argument 'cmake_target' from command line to 'None'
[0.661s] Level 5:colcon.colcon_core.verb:set package 'ros_tcp_endpoint' build argument 'cmake_target_skip_unavailable' from command line to 'False'
[0.661s] Level 5:colcon.colcon_core.verb:set package 'ros_tcp_endpoint' build argument 'cmake_clean_cache' from command line to 'False'
[0.661s] Level 5:colcon.colcon_core.verb:set package 'ros_tcp_endpoint' build argument 'cmake_clean_first' from command line to 'False'
[0.661s] Level 5:colcon.colcon_core.verb:set package 'ros_tcp_endpoint' build argument 'cmake_force_configure' from command line to 'False'
[0.661s] Level 5:colcon.colcon_core.verb:set package 'ros_tcp_endpoint' build argument 'ament_cmake_args' from command line to 'None'
[0.661s] Level 5:colcon.colcon_core.verb:set package 'ros_tcp_endpoint' build argument 'catkin_cmake_args' from command line to 'None'
[0.661s] Level 5:colcon.colcon_core.verb:set package 'ros_tcp_endpoint' build argument 'catkin_skip_building_tests' from command line to 'False'
[0.662s] DEBUG:colcon.colcon_core.verb:Building package 'ros_tcp_endpoint' with the following arguments: {'ament_cmake_args': None, 'build_base': '/home/michael/ros2_unity_ws/build/ros_tcp_endpoint', 'catkin_cmake_args': None, 'catkin_skip_building_tests': False, 'cmake_args': None, 'cmake_clean_cache': False, 'cmake_clean_first': False, 'cmake_force_configure': False, 'cmake_target': None, 'cmake_target_skip_unavailable': False, 'install_base': '/home/michael/ros2_unity_ws/install/ros_tcp_endpoint', 'merge_install': False, 'path': '/home/michael/ros2_unity_ws/src/ROS-TCP-Endpoint', 'symlink_install': False, 'test_result_base': None}
[0.662s] Level 5:colcon.colcon_core.verb:set package 'unity_robotics_demo' build argument 'cmake_args' from command line to 'None'
[0.662s] Level 5:colcon.colcon_core.verb:set package 'unity_robotics_demo' build argument 'cmake_target' from command line to 'None'
[0.662s] Level 5:colcon.colcon_core.verb:set package 'unity_robotics_demo' build argument 'cmake_target_skip_unavailable' from command line to 'False'
[0.662s] Level 5:colcon.colcon_core.verb:set package 'unity_robotics_demo' build argument 'cmake_clean_cache' from command line to 'False'
[0.662s] Level 5:colcon.colcon_core.verb:set package 'unity_robotics_demo' build argument 'cmake_clean_first' from command line to 'False'
[0.662s] Level 5:colcon.colcon_core.verb:set package 'unity_robotics_demo' build argument 'cmake_force_configure' from command line to 'False'
[0.662s] Level 5:colcon.colcon_core.verb:set package 'unity_robotics_demo' build argument 'ament_cmake_args' from command line to 'None'
[0.662s] Level 5:colcon.colcon_core.verb:set package 'unity_robotics_demo' build argument 'catkin_cmake_args' from command line to 'None'
[0.662s] Level 5:colcon.colcon_core.verb:set package 'unity_robotics_demo' build argument 'catkin_skip_building_tests' from command line to 'False'
[0.662s] DEBUG:colcon.colcon_core.verb:Building package 'unity_robotics_demo' with the following arguments: {'ament_cmake_args': None, 'build_base': '/home/michael/ros2_unity_ws/build/unity_robotics_demo', 'catkin_cmake_args': None, 'catkin_skip_building_tests': False, 'cmake_args': None, 'cmake_clean_cache': False, 'cmake_clean_first': False, 'cmake_force_configure': False, 'cmake_target': None, 'cmake_target_skip_unavailable': False, 'install_base': '/home/michael/ros2_unity_ws/install/unity_robotics_demo', 'merge_install': False, 'path': '/home/michael/ros2_unity_ws/src/unity_robotics_demo', 'symlink_install': False, 'test_result_base': None}
[0.663s] Level 5:colcon.colcon_core.verb:set package 'unity_robotics_demo_msgs' build argument 'cmake_args' from command line to 'None'
[0.663s] Level 5:colcon.colcon_core.verb:set package 'unity_robotics_demo_msgs' build argument 'cmake_target' from command line to 'None'
[0.663s] Level 5:colcon.colcon_core.verb:set package 'unity_robotics_demo_msgs' build argument 'cmake_target_skip_unavailable' from command line to 'False'
[0.663s] Level 5:colcon.colcon_core.verb:set package 'unity_robotics_demo_msgs' build argument 'cmake_clean_cache' from command line to 'False'
[0.663s] Level 5:colcon.colcon_core.verb:set package 'unity_robotics_demo_msgs' build argument 'cmake_clean_first' from command line to 'False'
[0.663s] Level 5:colcon.colcon_core.verb:set package 'unity_robotics_demo_msgs' build argument 'cmake_force_configure' from command line to 'False'
[0.663s] Level 5:colcon.colcon_core.verb:set package 'unity_robotics_demo_msgs' build argument 'ament_cmake_args' from command line to 'None'
[0.663s] Level 5:colcon.colcon_core.verb:set package 'unity_robotics_demo_msgs' build argument 'catkin_cmake_args' from command line to 'None'
[0.663s] Level 5:colcon.colcon_core.verb:set package 'unity_robotics_demo_msgs' build argument 'catkin_skip_building_tests' from command line to 'False'
[0.663s] DEBUG:colcon.colcon_core.verb:Building package 'unity_robotics_demo_msgs' with the following arguments: {'ament_cmake_args': None, 'build_base': '/home/michael/ros2_unity_ws/build/unity_robotics_demo_msgs', 'catkin_cmake_args': None, 'catkin_skip_building_tests': False, 'cmake_args': None, 'cmake_clean_cache': False, 'cmake_clean_first': False, 'cmake_force_configure': False, 'cmake_target': None, 'cmake_target_skip_unavailable': False, 'install_base': '/home/michael/ros2_unity_ws/install/unity_robotics_demo_msgs', 'merge_install': False, 'path': '/home/michael/ros2_unity_ws/src/unity_robotics_demo_msgs', 'symlink_install': False, 'test_result_base': None}
[0.663s] INFO:colcon.colcon_core.executor:Executing jobs using 'parallel' executor
[0.664s] DEBUG:colcon.colcon_parallel_executor.executor.parallel:run_until_complete
[0.665s] INFO:colcon.colcon_ros.task.ament_python.build:Building ROS package in '/home/michael/ros2_unity_ws/src/ROS-TCP-Endpoint' with build type 'ament_python'
[0.665s] Level 1:colcon.colcon_core.shell:create_environment_hook('ros_tcp_endpoint', 'ament_prefix_path')
[0.667s] INFO:colcon.colcon_core.plugin_system:Skipping extension 'colcon_core.shell.bat': Not used on non-Windows systems
[0.668s] INFO:colcon.colcon_core.shell:Creating environment hook '/home/michael/ros2_unity_ws/install/ros_tcp_endpoint/share/ros_tcp_endpoint/hook/ament_prefix_path.ps1'
[0.669s] INFO:colcon.colcon_core.shell:Creating environment descriptor '/home/michael/ros2_unity_ws/install/ros_tcp_endpoint/share/ros_tcp_endpoint/hook/ament_prefix_path.dsv'
[0.669s] INFO:colcon.colcon_core.shell:Creating environment hook '/home/michael/ros2_unity_ws/install/ros_tcp_endpoint/share/ros_tcp_endpoint/hook/ament_prefix_path.sh'
[0.670s] INFO:colcon.colcon_core.shell:Skip shell extension 'powershell' for command environment: Not usable outside of PowerShell
[0.670s] DEBUG:colcon.colcon_core.shell:Skip shell extension 'dsv' for command environment
[0.674s] INFO:colcon.colcon_core.task.python.build:Building Python package in '/home/michael/ros2_unity_ws/src/unity_robotics_demo'
[0.674s] INFO:colcon.colcon_core.shell:Skip shell extension 'powershell' for command environment: Not usable outside of PowerShell
[0.674s] DEBUG:colcon.colcon_core.shell:Skip shell extension 'dsv' for command environment
[0.678s] INFO:colcon.colcon_ros.task.ament_cmake.build:Building ROS package in '/home/michael/ros2_unity_ws/src/unity_robotics_demo_msgs' with build type 'ament_cmake'
[0.678s] INFO:colcon.colcon_cmake.task.cmake.build:Building CMake package in '/home/michael/ros2_unity_ws/src/unity_robotics_demo_msgs'
[0.678s] INFO:colcon.colcon_core.shell:Skip shell extension 'powershell' for command environment: Not usable outside of PowerShell
[0.678s] DEBUG:colcon.colcon_core.shell:Skip shell extension 'dsv' for command environment
[1.087s] INFO:colcon.colcon_core.task.python.build:Building Python package in '/home/michael/ros2_unity_ws/src/ROS-TCP-Endpoint'
[1.087s] INFO:colcon.colcon_core.shell:Skip shell extension 'powershell' for command environment: Not usable outside of PowerShell
[1.087s] DEBUG:colcon.colcon_core.shell:Skip shell extension 'dsv' for command environment
[1.414s] DEBUG:colcon.colcon_core.event_handler.log_command:Invoking command in '/home/michael/ros2_unity_ws/build/unity_robotics_demo_msgs': CMAKE_PREFIX_PATH=${CMAKE_PREFIX_PATH}:/home/michael/ros2_unity_ws/install/unity_robotics_demo:/home/michael/ros2_unity_ws/install/ros_tcp_endpoint:/opt/ros/humble /usr/bin/cmake --build /home/michael/ros2_unity_ws/build/unity_robotics_demo_msgs -- -j20 -l20
[2.012s] DEBUG:colcon.colcon_core.event_handler.log_command:Invoking command in '/home/michael/ros2_unity_ws/src/unity_robotics_demo': PYTHONPATH=/home/michael/ros2_unity_ws/build/unity_robotics_demo/prefix_override:/usr/lib/python3/dist-packages/colcon_core/task/python/colcon_distutils_commands:/home/michael/ros2_unity_ws/install/unity_robotics_demo/lib/python3.10/site-packages:${PYTHONPATH} /usr/bin/python3 -W ignore:setup.py install is deprecated -W ignore:easy_install command is deprecated setup.py egg_info --egg-base ../../build/unity_robotics_demo build --build-base /home/michael/ros2_unity_ws/build/unity_robotics_demo/build install --record /home/michael/ros2_unity_ws/build/unity_robotics_demo/install.log --single-version-externally-managed install_data
[2.015s] DEBUG:colcon.colcon_core.event_handler.log_command:Invoked command in '/home/michael/ros2_unity_ws/build/unity_robotics_demo_msgs' returned '0': CMAKE_PREFIX_PATH=${CMAKE_PREFIX_PATH}:/home/michael/ros2_unity_ws/install/unity_robotics_demo:/home/michael/ros2_unity_ws/install/ros_tcp_endpoint:/opt/ros/humble /usr/bin/cmake --build /home/michael/ros2_unity_ws/build/unity_robotics_demo_msgs -- -j20 -l20
[2.035s] DEBUG:colcon.colcon_core.event_handler.log_command:Invoking command in '/home/michael/ros2_unity_ws/build/unity_robotics_demo_msgs': CMAKE_PREFIX_PATH=${CMAKE_PREFIX_PATH}:/home/michael/ros2_unity_ws/install/unity_robotics_demo:/home/michael/ros2_unity_ws/install/ros_tcp_endpoint:/opt/ros/humble /usr/bin/cmake --install /home/michael/ros2_unity_ws/build/unity_robotics_demo_msgs
[2.040s] DEBUG:colcon.colcon_core.event_handler.log_command:Invoking command in '/home/michael/ros2_unity_ws/src/ROS-TCP-Endpoint': PYTHONPATH=/home/michael/ros2_unity_ws/build/ros_tcp_endpoint/prefix_override:/usr/lib/python3/dist-packages/colcon_core/task/python/colcon_distutils_commands:/home/michael/ros2_unity_ws/install/ros_tcp_endpoint/lib/python3.10/site-packages:${PYTHONPATH} /usr/bin/python3 -W ignore:setup.py install is deprecated -W ignore:easy_install command is deprecated setup.py egg_info --egg-base ../../build/ros_tcp_endpoint build --build-base /home/michael/ros2_unity_ws/build/ros_tcp_endpoint/build install --record /home/michael/ros2_unity_ws/build/ros_tcp_endpoint/install.log --single-version-externally-managed install_data
[2.131s] Level 1:colcon.colcon_core.environment:create_environment_scripts_only(unity_robotics_demo_msgs)
[2.132s] DEBUG:colcon.colcon_core.event_handler.log_command:Invoked command in '/home/michael/ros2_unity_ws/build/unity_robotics_demo_msgs' returned '0': CMAKE_PREFIX_PATH=${CMAKE_PREFIX_PATH}:/home/michael/ros2_unity_ws/install/unity_robotics_demo:/home/michael/ros2_unity_ws/install/ros_tcp_endpoint:/opt/ros/humble /usr/bin/cmake --install /home/michael/ros2_unity_ws/build/unity_robotics_demo_msgs
[2.137s] Level 1:colcon.colcon_core.environment:checking '/home/michael/ros2_unity_ws/install/unity_robotics_demo_msgs' for CMake module files
[2.138s] Level 1:colcon.colcon_core.environment:checking '/home/michael/ros2_unity_ws/install/unity_robotics_demo_msgs' for CMake config files
[2.140s] Level 1:colcon.colcon_core.shell:create_environment_hook('unity_robotics_demo_msgs', 'cmake_prefix_path')
[2.140s] INFO:colcon.colcon_core.shell:Creating environment hook '/home/michael/ros2_unity_ws/install/unity_robotics_demo_msgs/share/unity_robotics_demo_msgs/hook/cmake_prefix_path.ps1'
[2.141s] INFO:colcon.colcon_core.shell:Creating environment descriptor '/home/michael/ros2_unity_ws/install/unity_robotics_demo_msgs/share/unity_robotics_demo_msgs/hook/cmake_prefix_path.dsv'
[2.142s] INFO:colcon.colcon_core.shell:Creating environment hook '/home/michael/ros2_unity_ws/install/unity_robotics_demo_msgs/share/unity_robotics_demo_msgs/hook/cmake_prefix_path.sh'
[2.144s] Level 1:colcon.colcon_core.environment:checking '/home/michael/ros2_unity_ws/install/unity_robotics_demo_msgs/lib'
[2.144s] Level 1:colcon.colcon_core.shell:create_environment_hook('unity_robotics_demo_msgs', 'ld_library_path_lib')
[2.144s] INFO:colcon.colcon_core.shell:Creating environment hook '/home/michael/ros2_unity_ws/install/unity_robotics_demo_msgs/share/unity_robotics_demo_msgs/hook/ld_library_path_lib.ps1'
[2.145s] INFO:colcon.colcon_core.shell:Creating environment descriptor '/home/michael/ros2_unity_ws/install/unity_robotics_demo_msgs/share/unity_robotics_demo_msgs/hook/ld_library_path_lib.dsv'
[2.145s] INFO:colcon.colcon_core.shell:Creating environment hook '/home/michael/ros2_unity_ws/install/unity_robotics_demo_msgs/share/unity_robotics_demo_msgs/hook/ld_library_path_lib.sh'
[2.146s] Level 1:colcon.colcon_core.environment:checking '/home/michael/ros2_unity_ws/install/unity_robotics_demo_msgs/bin'
[2.146s] Level 1:colcon.colcon_core.environment:checking '/home/michael/ros2_unity_ws/install/unity_robotics_demo_msgs/lib/pkgconfig/unity_robotics_demo_msgs.pc'
[2.146s] Level 1:colcon.colcon_core.environment:checking '/home/michael/ros2_unity_ws/install/unity_robotics_demo_msgs/lib/python3.10/site-packages'
[2.147s] Level 1:colcon.colcon_core.environment:checking '/home/michael/ros2_unity_ws/install/unity_robotics_demo_msgs/bin'
[2.147s] INFO:colcon.colcon_core.shell:Creating package script '/home/michael/ros2_unity_ws/install/unity_robotics_demo_msgs/share/unity_robotics_demo_msgs/package.ps1'
[2.149s] INFO:colcon.colcon_core.shell:Creating package descriptor '/home/michael/ros2_unity_ws/install/unity_robotics_demo_msgs/share/unity_robotics_demo_msgs/package.dsv'
[2.150s] INFO:colcon.colcon_core.shell:Creating package script '/home/michael/ros2_unity_ws/install/unity_robotics_demo_msgs/share/unity_robotics_demo_msgs/package.sh'
[2.151s] INFO:colcon.colcon_core.shell:Creating package script '/home/michael/ros2_unity_ws/install/unity_robotics_demo_msgs/share/unity_robotics_demo_msgs/package.bash'
[2.152s] INFO:colcon.colcon_core.shell:Creating package script '/home/michael/ros2_unity_ws/install/unity_robotics_demo_msgs/share/unity_robotics_demo_msgs/package.zsh'
[2.153s] Level 1:colcon.colcon_core.environment:create_file_with_runtime_dependencies(/home/michael/ros2_unity_ws/install/unity_robotics_demo_msgs/share/colcon-core/packages/unity_robotics_demo_msgs)
[2.154s] Level 1:colcon.colcon_core.environment:create_environment_scripts_only(unity_robotics_demo_msgs)
[2.154s] Level 1:colcon.colcon_core.environment:checking '/home/michael/ros2_unity_ws/install/unity_robotics_demo_msgs' for CMake module files
[2.155s] Level 1:colcon.colcon_core.environment:checking '/home/michael/ros2_unity_ws/install/unity_robotics_demo_msgs' for CMake config files
[2.155s] Level 1:colcon.colcon_core.shell:create_environment_hook('unity_robotics_demo_msgs', 'cmake_prefix_path')
[2.156s] INFO:colcon.colcon_core.shell:Creating environment hook '/home/michael/ros2_unity_ws/install/unity_robotics_demo_msgs/share/unity_robotics_demo_msgs/hook/cmake_prefix_path.ps1'
[2.156s] INFO:colcon.colcon_core.shell:Creating environment descriptor '/home/michael/ros2_unity_ws/install/unity_robotics_demo_msgs/share/unity_robotics_demo_msgs/hook/cmake_prefix_path.dsv'
[2.157s] INFO:colcon.colcon_core.shell:Creating environment hook '/home/michael/ros2_unity_ws/install/unity_robotics_demo_msgs/share/unity_robotics_demo_msgs/hook/cmake_prefix_path.sh'
[2.158s] Level 1:colcon.colcon_core.environment:checking '/home/michael/ros2_unity_ws/install/unity_robotics_demo_msgs/lib'
[2.158s] Level 1:colcon.colcon_core.shell:create_environment_hook('unity_robotics_demo_msgs', 'ld_library_path_lib')
[2.158s] INFO:colcon.colcon_core.shell:Creating environment hook '/home/michael/ros2_unity_ws/install/unity_robotics_demo_msgs/share/unity_robotics_demo_msgs/hook/ld_library_path_lib.ps1'
[2.159s] INFO:colcon.colcon_core.shell:Creating environment descriptor '/home/michael/ros2_unity_ws/install/unity_robotics_demo_msgs/share/unity_robotics_demo_msgs/hook/ld_library_path_lib.dsv'
[2.159s] INFO:colcon.colcon_core.shell:Creating environment hook '/home/michael/ros2_unity_ws/install/unity_robotics_demo_msgs/share/unity_robotics_demo_msgs/hook/ld_library_path_lib.sh'
[2.160s] Level 1:colcon.colcon_core.environment:checking '/home/michael/ros2_unity_ws/install/unity_robotics_demo_msgs/bin'
[2.160s] Level 1:colcon.colcon_core.environment:checking '/home/michael/ros2_unity_ws/install/unity_robotics_demo_msgs/lib/pkgconfig/unity_robotics_demo_msgs.pc'
[2.160s] Level 1:colcon.colcon_core.environment:checking '/home/michael/ros2_unity_ws/install/unity_robotics_demo_msgs/lib/python3.10/site-packages'
[2.161s] Level 1:colcon.colcon_core.environment:checking '/home/michael/ros2_unity_ws/install/unity_robotics_demo_msgs/bin'
[2.161s] INFO:colcon.colcon_core.shell:Creating package script '/home/michael/ros2_unity_ws/install/unity_robotics_demo_msgs/share/unity_robotics_demo_msgs/package.ps1'
[2.162s] INFO:colcon.colcon_core.shell:Creating package descriptor '/home/michael/ros2_unity_ws/install/unity_robotics_demo_msgs/share/unity_robotics_demo_msgs/package.dsv'
[2.162s] INFO:colcon.colcon_core.shell:Creating package script '/home/michael/ros2_unity_ws/install/unity_robotics_demo_msgs/share/unity_robotics_demo_msgs/package.sh'
[2.163s] INFO:colcon.colcon_core.shell:Creating package script '/home/michael/ros2_unity_ws/install/unity_robotics_demo_msgs/share/unity_robotics_demo_msgs/package.bash'
[2.164s] INFO:colcon.colcon_core.shell:Creating package script '/home/michael/ros2_unity_ws/install/unity_robotics_demo_msgs/share/unity_robotics_demo_msgs/package.zsh'
[2.164s] Level 1:colcon.colcon_core.environment:create_file_with_runtime_dependencies(/home/michael/ros2_unity_ws/install/unity_robotics_demo_msgs/share/colcon-core/packages/unity_robotics_demo_msgs)
[2.486s] Level 1:colcon.colcon_core.environment:checking '/home/michael/ros2_unity_ws/install/unity_robotics_demo' for CMake module files
[2.488s] DEBUG:colcon.colcon_core.event_handler.log_command:Invoked command in '/home/michael/ros2_unity_ws/src/unity_robotics_demo' returned '0': PYTHONPATH=/home/michael/ros2_unity_ws/build/unity_robotics_demo/prefix_override:/usr/lib/python3/dist-packages/colcon_core/task/python/colcon_distutils_commands:/home/michael/ros2_unity_ws/install/unity_robotics_demo/lib/python3.10/site-packages:${PYTHONPATH} /usr/bin/python3 -W ignore:setup.py install is deprecated -W ignore:easy_install command is deprecated setup.py egg_info --egg-base ../../build/unity_robotics_demo build --build-base /home/michael/ros2_unity_ws/build/unity_robotics_demo/build install --record /home/michael/ros2_unity_ws/build/unity_robotics_demo/install.log --single-version-externally-managed install_data
[2.489s] Level 1:colcon.colcon_core.environment:checking '/home/michael/ros2_unity_ws/install/unity_robotics_demo' for CMake config files
[2.490s] Level 1:colcon.colcon_core.environment:checking '/home/michael/ros2_unity_ws/install/unity_robotics_demo/lib'
[2.490s] Level 1:colcon.colcon_core.environment:checking '/home/michael/ros2_unity_ws/install/unity_robotics_demo/bin'
[2.490s] Level 1:colcon.colcon_core.environment:checking '/home/michael/ros2_unity_ws/install/unity_robotics_demo/lib/pkgconfig/unity_robotics_demo.pc'
[2.491s] Level 1:colcon.colcon_core.environment:checking '/home/michael/ros2_unity_ws/install/unity_robotics_demo/lib/python3.10/site-packages'
[2.491s] Level 1:colcon.colcon_core.shell:create_environment_hook('unity_robotics_demo', 'pythonpath')
[2.491s] INFO:colcon.colcon_core.shell:Creating environment hook '/home/michael/ros2_unity_ws/install/unity_robotics_demo/share/unity_robotics_demo/hook/pythonpath.ps1'
[2.493s] INFO:colcon.colcon_core.shell:Creating environment descriptor '/home/michael/ros2_unity_ws/install/unity_robotics_demo/share/unity_robotics_demo/hook/pythonpath.dsv'
[2.493s] INFO:colcon.colcon_core.shell:Creating environment hook '/home/michael/ros2_unity_ws/install/unity_robotics_demo/share/unity_robotics_demo/hook/pythonpath.sh'
[2.495s] Level 1:colcon.colcon_core.environment:checking '/home/michael/ros2_unity_ws/install/unity_robotics_demo/bin'
[2.495s] Level 1:colcon.colcon_core.environment:create_environment_scripts_only(unity_robotics_demo)
[2.496s] INFO:colcon.colcon_core.shell:Creating package script '/home/michael/ros2_unity_ws/install/unity_robotics_demo/share/unity_robotics_demo/package.ps1'
[2.497s] INFO:colcon.colcon_core.shell:Creating package descriptor '/home/michael/ros2_unity_ws/install/unity_robotics_demo/share/unity_robotics_demo/package.dsv'
[2.497s] INFO:colcon.colcon_core.shell:Creating package script '/home/michael/ros2_unity_ws/install/unity_robotics_demo/share/unity_robotics_demo/package.sh'
[2.498s] INFO:colcon.colcon_core.shell:Creating package script '/home/michael/ros2_unity_ws/install/unity_robotics_demo/share/unity_robotics_demo/package.bash'
[2.498s] INFO:colcon.colcon_core.shell:Creating package script '/home/michael/ros2_unity_ws/install/unity_robotics_demo/share/unity_robotics_demo/package.zsh'
[2.499s] Level 1:colcon.colcon_core.environment:create_file_with_runtime_dependencies(/home/michael/ros2_unity_ws/install/unity_robotics_demo/share/colcon-core/packages/unity_robotics_demo)
[2.504s] Level 1:colcon.colcon_core.environment:checking '/home/michael/ros2_unity_ws/install/ros_tcp_endpoint' for CMake module files
[2.505s] DEBUG:colcon.colcon_core.event_handler.log_command:Invoked command in '/home/michael/ros2_unity_ws/src/ROS-TCP-Endpoint' returned '0': PYTHONPATH=/home/michael/ros2_unity_ws/build/ros_tcp_endpoint/prefix_override:/usr/lib/python3/dist-packages/colcon_core/task/python/colcon_distutils_commands:/home/michael/ros2_unity_ws/install/ros_tcp_endpoint/lib/python3.10/site-packages:${PYTHONPATH} /usr/bin/python3 -W ignore:setup.py install is deprecated -W ignore:easy_install command is deprecated setup.py egg_info --egg-base ../../build/ros_tcp_endpoint build --build-base /home/michael/ros2_unity_ws/build/ros_tcp_endpoint/build install --record /home/michael/ros2_unity_ws/build/ros_tcp_endpoint/install.log --single-version-externally-managed install_data
[2.507s] Level 1:colcon.colcon_core.environment:checking '/home/michael/ros2_unity_ws/install/ros_tcp_endpoint' for CMake config files
[2.509s] Level 1:colcon.colcon_core.environment:checking '/home/michael/ros2_unity_ws/install/ros_tcp_endpoint/lib'
[2.510s] Level 1:colcon.colcon_core.environment:checking '/home/michael/ros2_unity_ws/install/ros_tcp_endpoint/bin'
[2.510s] Level 1:colcon.colcon_core.environment:checking '/home/michael/ros2_unity_ws/install/ros_tcp_endpoint/lib/pkgconfig/ros_tcp_endpoint.pc'
[2.511s] Level 1:colcon.colcon_core.environment:checking '/home/michael/ros2_unity_ws/install/ros_tcp_endpoint/lib/python3.10/site-packages'
[2.511s] Level 1:colcon.colcon_core.shell:create_environment_hook('ros_tcp_endpoint', 'pythonpath')
[2.512s] INFO:colcon.colcon_core.shell:Creating environment hook '/home/michael/ros2_unity_ws/install/ros_tcp_endpoint/share/ros_tcp_endpoint/hook/pythonpath.ps1'
[2.514s] INFO:colcon.colcon_core.shell:Creating environment descriptor '/home/michael/ros2_unity_ws/install/ros_tcp_endpoint/share/ros_tcp_endpoint/hook/pythonpath.dsv'
[2.515s] INFO:colcon.colcon_core.shell:Creating environment hook '/home/michael/ros2_unity_ws/install/ros_tcp_endpoint/share/ros_tcp_endpoint/hook/pythonpath.sh'
[2.517s] Level 1:colcon.colcon_core.environment:checking '/home/michael/ros2_unity_ws/install/ros_tcp_endpoint/bin'
[2.517s] Level 1:colcon.colcon_core.environment:create_environment_scripts_only(ros_tcp_endpoint)
[2.518s] INFO:colcon.colcon_core.shell:Creating package script '/home/michael/ros2_unity_ws/install/ros_tcp_endpoint/share/ros_tcp_endpoint/package.ps1'
[2.519s] INFO:colcon.colcon_core.shell:Creating package descriptor '/home/michael/ros2_unity_ws/install/ros_tcp_endpoint/share/ros_tcp_endpoint/package.dsv'
[2.520s] INFO:colcon.colcon_core.shell:Creating package script '/home/michael/ros2_unity_ws/install/ros_tcp_endpoint/share/ros_tcp_endpoint/package.sh'
[2.521s] INFO:colcon.colcon_core.shell:Creating package script '/home/michael/ros2_unity_ws/install/ros_tcp_endpoint/share/ros_tcp_endpoint/package.bash'
[2.523s] INFO:colcon.colcon_core.shell:Creating package script '/home/michael/ros2_unity_ws/install/ros_tcp_endpoint/share/ros_tcp_endpoint/package.zsh'
[2.523s] Level 1:colcon.colcon_core.environment:create_file_with_runtime_dependencies(/home/michael/ros2_unity_ws/install/ros_tcp_endpoint/share/colcon-core/packages/ros_tcp_endpoint)
[2.524s] DEBUG:colcon.colcon_parallel_executor.executor.parallel:closing loop
[2.524s] DEBUG:colcon.colcon_parallel_executor.executor.parallel:loop closed
[2.525s] DEBUG:colcon.colcon_parallel_executor.executor.parallel:run_until_complete finished with '0'
[2.525s] DEBUG:colcon.colcon_core.event_reactor:joining thread
[2.533s] INFO:colcon.colcon_core.plugin_system:Skipping extension 'colcon_notification.desktop_notification.terminal_notifier': Not used on non-Darwin systems
[2.533s] INFO:colcon.colcon_core.plugin_system:Skipping extension 'colcon_notification.desktop_notification.win32': Not used on non-Windows systems
[2.533s] INFO:colcon.colcon_notification.desktop_notification:Sending desktop notification using 'notify2'
[2.558s] DEBUG:colcon.colcon_core.event_reactor:joined thread
[2.559s] INFO:colcon.colcon_core.shell:Creating prefix script '/home/michael/ros2_unity_ws/install/local_setup.ps1'
[2.560s] INFO:colcon.colcon_core.shell:Creating prefix util module '/home/michael/ros2_unity_ws/install/_local_setup_util_ps1.py'
[2.562s] INFO:colcon.colcon_core.shell:Creating prefix chain script '/home/michael/ros2_unity_ws/install/setup.ps1'
[2.564s] INFO:colcon.colcon_core.shell:Creating prefix script '/home/michael/ros2_unity_ws/install/local_setup.sh'
[2.565s] INFO:colcon.colcon_core.shell:Creating prefix util module '/home/michael/ros2_unity_ws/install/_local_setup_util_sh.py'
[2.566s] INFO:colcon.colcon_core.shell:Creating prefix chain script '/home/michael/ros2_unity_ws/install/setup.sh'
[2.569s] INFO:colcon.colcon_core.shell:Creating prefix script '/home/michael/ros2_unity_ws/install/local_setup.bash'
[2.570s] INFO:colcon.colcon_core.shell:Creating prefix chain script '/home/michael/ros2_unity_ws/install/setup.bash'
[2.572s] INFO:colcon.colcon_core.shell:Creating prefix script '/home/michael/ros2_unity_ws/install/local_setup.zsh'
[2.573s] INFO:colcon.colcon_core.shell:Creating prefix chain script '/home/michael/ros2_unity_ws/install/setup.zsh'
