[2.001s] Invoking command in '/home/michael/ros2_unity_ws/build/ros_tcp_endpoint': PYTHONPATH=/home/michael/ros2_unity_ws/build/ros_tcp_endpoint/prefix_override:/usr/lib/python3/dist-packages/colcon_core/task/python/colcon_distutils_commands:/home/michael/ros2_unity_ws/install/ros_tcp_endpoint/lib/python3.10/site-packages:${PYTHONPATH} /usr/bin/python3 -W ignore:setup.py install is deprecated -W ignore:easy_install command is deprecated setup.py develop --uninstall --editable --build-directory /home/michael/ros2_unity_ws/build/ros_tcp_endpoint/build
[2.653s] running develop
[3.051s] Removing /home/michael/ros2_unity_ws/install/ros_tcp_endpoint/lib/python3.10/site-packages/ros-tcp-endpoint.egg-link (link to .)
[3.122s] Invoked command in '/home/michael/ros2_unity_ws/build/ros_tcp_endpoint' returned '0': PYTHONPATH=/home/michael/ros2_unity_ws/build/ros_tcp_endpoint/prefix_override:/usr/lib/python3/dist-packages/colcon_core/task/python/colcon_distutils_commands:/home/michael/ros2_unity_ws/install/ros_tcp_endpoint/lib/python3.10/site-packages:${PYTHONPATH} /usr/bin/python3 -W ignore:setup.py install is deprecated -W ignore:easy_install command is deprecated setup.py develop --uninstall --editable --build-directory /home/michael/ros2_unity_ws/build/ros_tcp_endpoint/build
[3.125s] Invoking command in '/home/michael/ros2_unity_ws/src/ROS-TCP-Endpoint': PYTHONPATH=/home/michael/ros2_unity_ws/build/ros_tcp_endpoint/prefix_override:/usr/lib/python3/dist-packages/colcon_core/task/python/colcon_distutils_commands:/home/michael/ros2_unity_ws/install/ros_tcp_endpoint/lib/python3.10/site-packages:${PYTHONPATH} /usr/bin/python3 -W ignore:setup.py install is deprecated -W ignore:easy_install command is deprecated setup.py egg_info --egg-base ../../build/ros_tcp_endpoint build --build-base /home/michael/ros2_unity_ws/build/ros_tcp_endpoint/build install --record /home/michael/ros2_unity_ws/build/ros_tcp_endpoint/install.log --single-version-externally-managed install_data --force
[3.737s] running egg_info
[3.740s] writing ../../build/ros_tcp_endpoint/ros_tcp_endpoint.egg-info/PKG-INFO
[3.740s] writing dependency_links to ../../build/ros_tcp_endpoint/ros_tcp_endpoint.egg-info/dependency_links.txt
[3.741s] writing entry points to ../../build/ros_tcp_endpoint/ros_tcp_endpoint.egg-info/entry_points.txt
[3.741s] writing requirements to ../../build/ros_tcp_endpoint/ros_tcp_endpoint.egg-info/requires.txt
[3.741s] writing top-level names to ../../build/ros_tcp_endpoint/ros_tcp_endpoint.egg-info/top_level.txt
[3.746s] reading manifest file '../../build/ros_tcp_endpoint/ros_tcp_endpoint.egg-info/SOURCES.txt'
[3.746s] adding license file 'LICENSE'
[3.748s] writing manifest file '../../build/ros_tcp_endpoint/ros_tcp_endpoint.egg-info/SOURCES.txt'
[3.748s] running build
[3.749s] running build_py
[3.749s] creating /home/michael/ros2_unity_ws/build/ros_tcp_endpoint/build
[3.749s] creating /home/michael/ros2_unity_ws/build/ros_tcp_endpoint/build/lib
[3.750s] creating /home/michael/ros2_unity_ws/build/ros_tcp_endpoint/build/lib/ros_tcp_endpoint
[3.750s] copying ros_tcp_endpoint/unity_service.py -> /home/michael/ros2_unity_ws/build/ros_tcp_endpoint/build/lib/ros_tcp_endpoint
[3.750s] copying ros_tcp_endpoint/__init__.py -> /home/michael/ros2_unity_ws/build/ros_tcp_endpoint/build/lib/ros_tcp_endpoint
[3.751s] copying ros_tcp_endpoint/thread_pauser.py -> /home/michael/ros2_unity_ws/build/ros_tcp_endpoint/build/lib/ros_tcp_endpoint
[3.751s] copying ros_tcp_endpoint/default_server_endpoint.py -> /home/michael/ros2_unity_ws/build/ros_tcp_endpoint/build/lib/ros_tcp_endpoint
[3.751s] copying ros_tcp_endpoint/subscriber.py -> /home/michael/ros2_unity_ws/build/ros_tcp_endpoint/build/lib/ros_tcp_endpoint
[3.751s] copying ros_tcp_endpoint/tcp_sender.py -> /home/michael/ros2_unity_ws/build/ros_tcp_endpoint/build/lib/ros_tcp_endpoint
[3.752s] copying ros_tcp_endpoint/service.py -> /home/michael/ros2_unity_ws/build/ros_tcp_endpoint/build/lib/ros_tcp_endpoint
[3.752s] copying ros_tcp_endpoint/exceptions.py -> /home/michael/ros2_unity_ws/build/ros_tcp_endpoint/build/lib/ros_tcp_endpoint
[3.752s] copying ros_tcp_endpoint/communication.py -> /home/michael/ros2_unity_ws/build/ros_tcp_endpoint/build/lib/ros_tcp_endpoint
[3.752s] copying ros_tcp_endpoint/publisher.py -> /home/michael/ros2_unity_ws/build/ros_tcp_endpoint/build/lib/ros_tcp_endpoint
[3.752s] copying ros_tcp_endpoint/client.py -> /home/michael/ros2_unity_ws/build/ros_tcp_endpoint/build/lib/ros_tcp_endpoint
[3.753s] copying ros_tcp_endpoint/server.py -> /home/michael/ros2_unity_ws/build/ros_tcp_endpoint/build/lib/ros_tcp_endpoint
[3.753s] running install
[3.753s] running install_lib
[3.753s] creating /home/michael/ros2_unity_ws/install/ros_tcp_endpoint/lib/python3.10/site-packages/ros_tcp_endpoint
[3.754s] copying /home/michael/ros2_unity_ws/build/ros_tcp_endpoint/build/lib/ros_tcp_endpoint/unity_service.py -> /home/michael/ros2_unity_ws/install/ros_tcp_endpoint/lib/python3.10/site-packages/ros_tcp_endpoint
[3.754s] copying /home/michael/ros2_unity_ws/build/ros_tcp_endpoint/build/lib/ros_tcp_endpoint/__init__.py -> /home/michael/ros2_unity_ws/install/ros_tcp_endpoint/lib/python3.10/site-packages/ros_tcp_endpoint
[3.754s] copying /home/michael/ros2_unity_ws/build/ros_tcp_endpoint/build/lib/ros_tcp_endpoint/thread_pauser.py -> /home/michael/ros2_unity_ws/install/ros_tcp_endpoint/lib/python3.10/site-packages/ros_tcp_endpoint
[3.754s] copying /home/michael/ros2_unity_ws/build/ros_tcp_endpoint/build/lib/ros_tcp_endpoint/default_server_endpoint.py -> /home/michael/ros2_unity_ws/install/ros_tcp_endpoint/lib/python3.10/site-packages/ros_tcp_endpoint
[3.755s] copying /home/michael/ros2_unity_ws/build/ros_tcp_endpoint/build/lib/ros_tcp_endpoint/subscriber.py -> /home/michael/ros2_unity_ws/install/ros_tcp_endpoint/lib/python3.10/site-packages/ros_tcp_endpoint
[3.755s] copying /home/michael/ros2_unity_ws/build/ros_tcp_endpoint/build/lib/ros_tcp_endpoint/tcp_sender.py -> /home/michael/ros2_unity_ws/install/ros_tcp_endpoint/lib/python3.10/site-packages/ros_tcp_endpoint
[3.755s] copying /home/michael/ros2_unity_ws/build/ros_tcp_endpoint/build/lib/ros_tcp_endpoint/service.py -> /home/michael/ros2_unity_ws/install/ros_tcp_endpoint/lib/python3.10/site-packages/ros_tcp_endpoint
[3.755s] copying /home/michael/ros2_unity_ws/build/ros_tcp_endpoint/build/lib/ros_tcp_endpoint/exceptions.py -> /home/michael/ros2_unity_ws/install/ros_tcp_endpoint/lib/python3.10/site-packages/ros_tcp_endpoint
[3.756s] copying /home/michael/ros2_unity_ws/build/ros_tcp_endpoint/build/lib/ros_tcp_endpoint/communication.py -> /home/michael/ros2_unity_ws/install/ros_tcp_endpoint/lib/python3.10/site-packages/ros_tcp_endpoint
[3.756s] copying /home/michael/ros2_unity_ws/build/ros_tcp_endpoint/build/lib/ros_tcp_endpoint/publisher.py -> /home/michael/ros2_unity_ws/install/ros_tcp_endpoint/lib/python3.10/site-packages/ros_tcp_endpoint
[3.756s] copying /home/michael/ros2_unity_ws/build/ros_tcp_endpoint/build/lib/ros_tcp_endpoint/client.py -> /home/michael/ros2_unity_ws/install/ros_tcp_endpoint/lib/python3.10/site-packages/ros_tcp_endpoint
[3.756s] copying /home/michael/ros2_unity_ws/build/ros_tcp_endpoint/build/lib/ros_tcp_endpoint/server.py -> /home/michael/ros2_unity_ws/install/ros_tcp_endpoint/lib/python3.10/site-packages/ros_tcp_endpoint
[3.757s] byte-compiling /home/michael/ros2_unity_ws/install/ros_tcp_endpoint/lib/python3.10/site-packages/ros_tcp_endpoint/unity_service.py to unity_service.cpython-310.pyc
[3.757s] byte-compiling /home/michael/ros2_unity_ws/install/ros_tcp_endpoint/lib/python3.10/site-packages/ros_tcp_endpoint/__init__.py to __init__.cpython-310.pyc
[3.758s] byte-compiling /home/michael/ros2_unity_ws/install/ros_tcp_endpoint/lib/python3.10/site-packages/ros_tcp_endpoint/thread_pauser.py to thread_pauser.cpython-310.pyc
[3.758s] byte-compiling /home/michael/ros2_unity_ws/install/ros_tcp_endpoint/lib/python3.10/site-packages/ros_tcp_endpoint/default_server_endpoint.py to default_server_endpoint.cpython-310.pyc
[3.759s] byte-compiling /home/michael/ros2_unity_ws/install/ros_tcp_endpoint/lib/python3.10/site-packages/ros_tcp_endpoint/subscriber.py to subscriber.cpython-310.pyc
[3.760s] byte-compiling /home/michael/ros2_unity_ws/install/ros_tcp_endpoint/lib/python3.10/site-packages/ros_tcp_endpoint/tcp_sender.py to tcp_sender.cpython-310.pyc
[3.764s] byte-compiling /home/michael/ros2_unity_ws/install/ros_tcp_endpoint/lib/python3.10/site-packages/ros_tcp_endpoint/service.py to service.cpython-310.pyc
[3.768s] byte-compiling /home/michael/ros2_unity_ws/install/ros_tcp_endpoint/lib/python3.10/site-packages/ros_tcp_endpoint/exceptions.py to exceptions.cpython-310.pyc
[3.768s] byte-compiling /home/michael/ros2_unity_ws/install/ros_tcp_endpoint/lib/python3.10/site-packages/ros_tcp_endpoint/communication.py to communication.cpython-310.pyc
[3.769s] byte-compiling /home/michael/ros2_unity_ws/install/ros_tcp_endpoint/lib/python3.10/site-packages/ros_tcp_endpoint/publisher.py to publisher.cpython-310.pyc
[3.770s] byte-compiling /home/michael/ros2_unity_ws/install/ros_tcp_endpoint/lib/python3.10/site-packages/ros_tcp_endpoint/client.py to client.cpython-310.pyc
[3.772s] byte-compiling /home/michael/ros2_unity_ws/install/ros_tcp_endpoint/lib/python3.10/site-packages/ros_tcp_endpoint/server.py to server.cpython-310.pyc
[3.778s] running install_data
[3.778s] copying resource/ros_tcp_endpoint -> /home/michael/ros2_unity_ws/install/ros_tcp_endpoint/share/ament_index/resource_index/packages
[3.778s] copying package.xml -> /home/michael/ros2_unity_ws/install/ros_tcp_endpoint/share/ros_tcp_endpoint
[3.778s] copying launch/endpoint.py -> /home/michael/ros2_unity_ws/install/ros_tcp_endpoint/share/ros_tcp_endpoint/launch
[3.779s] running install_egg_info
[3.783s] Copying ../../build/ros_tcp_endpoint/ros_tcp_endpoint.egg-info to /home/michael/ros2_unity_ws/install/ros_tcp_endpoint/lib/python3.10/site-packages/ros_tcp_endpoint-0.0.1-py3.10.egg-info
[3.784s] running install_scripts
[3.837s] Installing default_server_endpoint script to /home/michael/ros2_unity_ws/install/ros_tcp_endpoint/lib/ros_tcp_endpoint
[3.839s] writing list of installed files to '/home/michael/ros2_unity_ws/build/ros_tcp_endpoint/install.log'
[3.903s] Invoked command in '/home/michael/ros2_unity_ws/src/ROS-TCP-Endpoint' returned '0': PYTHONPATH=/home/michael/ros2_unity_ws/build/ros_tcp_endpoint/prefix_override:/usr/lib/python3/dist-packages/colcon_core/task/python/colcon_distutils_commands:/home/michael/ros2_unity_ws/install/ros_tcp_endpoint/lib/python3.10/site-packages:${PYTHONPATH} /usr/bin/python3 -W ignore:setup.py install is deprecated -W ignore:easy_install command is deprecated setup.py egg_info --egg-base ../../build/ros_tcp_endpoint build --build-base /home/michael/ros2_unity_ws/build/ros_tcp_endpoint/build install --record /home/michael/ros2_unity_ws/build/ros_tcp_endpoint/install.log --single-version-externally-managed install_data --force
